CRITICAL - 2021-11-14 06:11:28 --> Undefined index: room_type
#0 C:\Users\towoj\Documents\hotels.ng\app\Views\search.php(11): CodeIgniter\Debug\Exceptions->errorHandler(8, 'Undefined index...', 'C:\\Users\\towoj\\...', 11, Array)
#1 C:\Users\towoj\Documents\hotels.ng\vendor\codeigniter4\framework\system\View\View.php(214): include('C:\\Users\\towoj\\...')
#2 C:\Users\towoj\Documents\hotels.ng\vendor\codeigniter4\framework\system\View\View.php(217): CodeIgniter\View\View->CodeIgniter\View\{closure}()
#3 C:\Users\towoj\Documents\hotels.ng\vendor\codeigniter4\framework\system\Common.php(1102): CodeIgniter\View\View->render('search', Array, true)
#4 C:\Users\towoj\Documents\hotels.ng\app\Controllers\Home.php(100): view('search')
#5 C:\Users\towoj\Documents\hotels.ng\vendor\codeigniter4\framework\system\CodeIgniter.php(802): App\Controllers\Home->search()
#6 C:\Users\towoj\Documents\hotels.ng\vendor\codeigniter4\framework\system\CodeIgniter.php(399): CodeIgniter\CodeIgniter->runController(Object(App\Controllers\Home))
#7 C:\Users\towoj\Documents\hotels.ng\vendor\codeigniter4\framework\system\CodeIgniter.php(317): CodeIgniter\CodeIgniter->handleRequest(NULL, Object(Config\Cache), false)
#8 C:\Users\towoj\Documents\hotels.ng\public\index.php(37): CodeIgniter\CodeIgniter->run()
#9 C:\Users\towoj\Documents\hotels.ng\vendor\codeigniter4\framework\system\Commands\Server\rewrite.php(43): require_once('C:\\Users\\towoj\\...')
#10 {main}
CRITICAL - 2021-11-14 06:11:33 --> Undefined index: room_type
#0 C:\Users\towoj\Documents\hotels.ng\app\Views\search.php(11): CodeIgniter\Debug\Exceptions->errorHandler(8, 'Undefined index...', 'C:\\Users\\towoj\\...', 11, Array)
#1 C:\Users\towoj\Documents\hotels.ng\vendor\codeigniter4\framework\system\View\View.php(214): include('C:\\Users\\towoj\\...')
#2 C:\Users\towoj\Documents\hotels.ng\vendor\codeigniter4\framework\system\View\View.php(217): CodeIgniter\View\View->CodeIgniter\View\{closure}()
#3 C:\Users\towoj\Documents\hotels.ng\vendor\codeigniter4\framework\system\Common.php(1102): CodeIgniter\View\View->render('search', Array, true)
#4 C:\Users\towoj\Documents\hotels.ng\app\Controllers\Home.php(100): view('search')
#5 C:\Users\towoj\Documents\hotels.ng\vendor\codeigniter4\framework\system\CodeIgniter.php(802): App\Controllers\Home->search()
#6 C:\Users\towoj\Documents\hotels.ng\vendor\codeigniter4\framework\system\CodeIgniter.php(399): CodeIgniter\CodeIgniter->runController(Object(App\Controllers\Home))
#7 C:\Users\towoj\Documents\hotels.ng\vendor\codeigniter4\framework\system\CodeIgniter.php(317): CodeIgniter\CodeIgniter->handleRequest(NULL, Object(Config\Cache), false)
#8 C:\Users\towoj\Documents\hotels.ng\public\index.php(37): CodeIgniter\CodeIgniter->run()
#9 C:\Users\towoj\Documents\hotels.ng\vendor\codeigniter4\framework\system\Commands\Server\rewrite.php(43): require_once('C:\\Users\\towoj\\...')
#10 {main}
CRITICAL - 2021-11-14 06:31:43 --> Trying to access array offset on value of type null
#0 C:\Users\towoj\Documents\hotels.ng\vendor\codeigniter4\framework\system\Common.php(1323): CodeIgniter\Debug\Exceptions->errorHandler(8, 'Trying to acces...', 'C:\\Users\\towoj\\...', 1323, Array)
#1 C:\Users\towoj\Documents\hotels.ng\app\Views\search.php(234): convertedCurrency('127.98', 'USD')
#2 C:\Users\towoj\Documents\hotels.ng\vendor\codeigniter4\framework\system\View\View.php(214): include('C:\\Users\\towoj\\...')
#3 C:\Users\towoj\Documents\hotels.ng\vendor\codeigniter4\framework\system\View\View.php(217): CodeIgniter\View\View->CodeIgniter\View\{closure}()
#4 C:\Users\towoj\Documents\hotels.ng\vendor\codeigniter4\framework\system\Common.php(1102): CodeIgniter\View\View->render('search', Array, true)
#5 C:\Users\towoj\Documents\hotels.ng\app\Controllers\Home.php(97): view('search')
#6 C:\Users\towoj\Documents\hotels.ng\vendor\codeigniter4\framework\system\CodeIgniter.php(802): App\Controllers\Home->search()
#7 C:\Users\towoj\Documents\hotels.ng\vendor\codeigniter4\framework\system\CodeIgniter.php(399): CodeIgniter\CodeIgniter->runController(Object(App\Controllers\Home))
#8 C:\Users\towoj\Documents\hotels.ng\vendor\codeigniter4\framework\system\CodeIgniter.php(317): CodeIgniter\CodeIgniter->handleRequest(NULL, Object(Config\Cache), false)
#9 C:\Users\towoj\Documents\hotels.ng\public\index.php(37): CodeIgniter\CodeIgniter->run()
#10 C:\Users\towoj\Documents\hotels.ng\vendor\codeigniter4\framework\system\Commands\Server\rewrite.php(43): require_once('C:\\Users\\towoj\\...')
#11 {main}
CRITICAL - 2021-11-14 06:39:46 --> Undefined index: VillasVillas
#0 C:\Users\towoj\Documents\hotels.ng\app\Controllers\Home.php(77): CodeIgniter\Debug\Exceptions->errorHandler(8, 'Undefined index...', 'C:\\Users\\towoj\\...', 77, Array)
#1 C:\Users\towoj\Documents\hotels.ng\vendor\codeigniter4\framework\system\CodeIgniter.php(802): App\Controllers\Home->search()
#2 C:\Users\towoj\Documents\hotels.ng\vendor\codeigniter4\framework\system\CodeIgniter.php(399): CodeIgniter\CodeIgniter->runController(Object(App\Controllers\Home))
#3 C:\Users\towoj\Documents\hotels.ng\vendor\codeigniter4\framework\system\CodeIgniter.php(317): CodeIgniter\CodeIgniter->handleRequest(NULL, Object(Config\Cache), false)
#4 C:\Users\towoj\Documents\hotels.ng\public\index.php(37): CodeIgniter\CodeIgniter->run()
#5 C:\Users\towoj\Documents\hotels.ng\vendor\codeigniter4\framework\system\Commands\Server\rewrite.php(43): require_once('C:\\Users\\towoj\\...')
#6 {main}
ERROR - 2021-11-14 06:40:07 --> Illegal parameter data types varchar and row for operation '='
CRITICAL - 2021-11-14 06:40:07 --> Illegal parameter data types varchar and row for operation '='
#0 C:\Users\towoj\Documents\hotels.ng\vendor\codeigniter4\framework\system\Database\MySQLi\Connection.php(280): mysqli->query('SELECT COUNT(*)...')
#1 C:\Users\towoj\Documents\hotels.ng\vendor\codeigniter4\framework\system\Database\BaseConnection.php(663): CodeIgniter\Database\MySQLi\Connection->execute('SELECT COUNT(*)...')
#2 C:\Users\towoj\Documents\hotels.ng\vendor\codeigniter4\framework\system\Database\BaseConnection.php(591): CodeIgniter\Database\BaseConnection->simpleQuery('SELECT COUNT(*)...')
#3 C:\Users\towoj\Documents\hotels.ng\vendor\codeigniter4\framework\system\Database\BaseBuilder.php(1512): CodeIgniter\Database\BaseConnection->query('SELECT COUNT(*)...', Array, false)
#4 C:\Users\towoj\Documents\hotels.ng\vendor\codeigniter4\framework\system\Model.php(509): CodeIgniter\Database\BaseBuilder->countAllResults(false)
#5 C:\Users\towoj\Documents\hotels.ng\vendor\codeigniter4\framework\system\BaseModel.php(1080): CodeIgniter\Model->countAllResults(false)
#6 C:\Users\towoj\Documents\hotels.ng\app\Controllers\Home.php(90): CodeIgniter\BaseModel->paginate(9)
#7 C:\Users\towoj\Documents\hotels.ng\vendor\codeigniter4\framework\system\CodeIgniter.php(802): App\Controllers\Home->search()
#8 C:\Users\towoj\Documents\hotels.ng\vendor\codeigniter4\framework\system\CodeIgniter.php(399): CodeIgniter\CodeIgniter->runController(Object(App\Controllers\Home))
#9 C:\Users\towoj\Documents\hotels.ng\vendor\codeigniter4\framework\system\CodeIgniter.php(317): CodeIgniter\CodeIgniter->handleRequest(NULL, Object(Config\Cache), false)
#10 C:\Users\towoj\Documents\hotels.ng\public\index.php(37): CodeIgniter\CodeIgniter->run()
#11 C:\Users\towoj\Documents\hotels.ng\vendor\codeigniter4\framework\system\Commands\Server\rewrite.php(43): require_once('C:\\Users\\towoj\\...')
#12 {main}
ERROR - 2021-11-14 06:40:15 --> Illegal parameter data types varchar and row for operation '='
CRITICAL - 2021-11-14 06:40:15 --> Illegal parameter data types varchar and row for operation '='
#0 C:\Users\towoj\Documents\hotels.ng\vendor\codeigniter4\framework\system\Database\MySQLi\Connection.php(280): mysqli->query('SELECT COUNT(*)...')
#1 C:\Users\towoj\Documents\hotels.ng\vendor\codeigniter4\framework\system\Database\BaseConnection.php(663): CodeIgniter\Database\MySQLi\Connection->execute('SELECT COUNT(*)...')
#2 C:\Users\towoj\Documents\hotels.ng\vendor\codeigniter4\framework\system\Database\BaseConnection.php(591): CodeIgniter\Database\BaseConnection->simpleQuery('SELECT COUNT(*)...')
#3 C:\Users\towoj\Documents\hotels.ng\vendor\codeigniter4\framework\system\Database\BaseBuilder.php(1512): CodeIgniter\Database\BaseConnection->query('SELECT COUNT(*)...', Array, false)
#4 C:\Users\towoj\Documents\hotels.ng\vendor\codeigniter4\framework\system\Model.php(509): CodeIgniter\Database\BaseBuilder->countAllResults(false)
#5 C:\Users\towoj\Documents\hotels.ng\vendor\codeigniter4\framework\system\BaseModel.php(1080): CodeIgniter\Model->countAllResults(false)
#6 C:\Users\towoj\Documents\hotels.ng\app\Controllers\Home.php(90): CodeIgniter\BaseModel->paginate(9)
#7 C:\Users\towoj\Documents\hotels.ng\vendor\codeigniter4\framework\system\CodeIgniter.php(802): App\Controllers\Home->search()
#8 C:\Users\towoj\Documents\hotels.ng\vendor\codeigniter4\framework\system\CodeIgniter.php(399): CodeIgniter\CodeIgniter->runController(Object(App\Controllers\Home))
#9 C:\Users\towoj\Documents\hotels.ng\vendor\codeigniter4\framework\system\CodeIgniter.php(317): CodeIgniter\CodeIgniter->handleRequest(NULL, Object(Config\Cache), false)
#10 C:\Users\towoj\Documents\hotels.ng\public\index.php(37): CodeIgniter\CodeIgniter->run()
#11 C:\Users\towoj\Documents\hotels.ng\vendor\codeigniter4\framework\system\Commands\Server\rewrite.php(43): require_once('C:\\Users\\towoj\\...')
#12 {main}
CRITICAL - 2021-11-14 06:47:42 --> Undefined variable: hey
#0 C:\Users\towoj\Documents\hotels.ng\app\Views\search.php(159): CodeIgniter\Debug\Exceptions->errorHandler(8, 'Undefined varia...', 'C:\\Users\\towoj\\...', 159, Array)
#1 C:\Users\towoj\Documents\hotels.ng\vendor\codeigniter4\framework\system\View\View.php(214): include('C:\\Users\\towoj\\...')
#2 C:\Users\towoj\Documents\hotels.ng\vendor\codeigniter4\framework\system\View\View.php(217): CodeIgniter\View\View->CodeIgniter\View\{closure}()
#3 C:\Users\towoj\Documents\hotels.ng\vendor\codeigniter4\framework\system\Common.php(1102): CodeIgniter\View\View->render('search', Array, true)
#4 C:\Users\towoj\Documents\hotels.ng\app\Controllers\Home.php(97): view('search')
#5 C:\Users\towoj\Documents\hotels.ng\vendor\codeigniter4\framework\system\CodeIgniter.php(802): App\Controllers\Home->search()
#6 C:\Users\towoj\Documents\hotels.ng\vendor\codeigniter4\framework\system\CodeIgniter.php(399): CodeIgniter\CodeIgniter->runController(Object(App\Controllers\Home))
#7 C:\Users\towoj\Documents\hotels.ng\vendor\codeigniter4\framework\system\CodeIgniter.php(317): CodeIgniter\CodeIgniter->handleRequest(NULL, Object(Config\Cache), false)
#8 C:\Users\towoj\Documents\hotels.ng\public\index.php(37): CodeIgniter\CodeIgniter->run()
#9 C:\Users\towoj\Documents\hotels.ng\vendor\codeigniter4\framework\system\Commands\Server\rewrite.php(43): require_once('C:\\Users\\towoj\\...')
#10 {main}
CRITICAL - 2021-11-14 06:51:03 --> Array to string conversion
#0 C:\Users\towoj\Documents\hotels.ng\app\Views\search.php(10): CodeIgniter\Debug\Exceptions->errorHandler(8, 'Array to string...', 'C:\\Users\\towoj\\...', 10, Array)
#1 C:\Users\towoj\Documents\hotels.ng\vendor\codeigniter4\framework\system\View\View.php(214): include('C:\\Users\\towoj\\...')
#2 C:\Users\towoj\Documents\hotels.ng\vendor\codeigniter4\framework\system\View\View.php(217): CodeIgniter\View\View->CodeIgniter\View\{closure}()
#3 C:\Users\towoj\Documents\hotels.ng\vendor\codeigniter4\framework\system\Common.php(1102): CodeIgniter\View\View->render('search', Array, true)
#4 C:\Users\towoj\Documents\hotels.ng\app\Controllers\Home.php(97): view('search')
#5 C:\Users\towoj\Documents\hotels.ng\vendor\codeigniter4\framework\system\CodeIgniter.php(802): App\Controllers\Home->search()
#6 C:\Users\towoj\Documents\hotels.ng\vendor\codeigniter4\framework\system\CodeIgniter.php(399): CodeIgniter\CodeIgniter->runController(Object(App\Controllers\Home))
#7 C:\Users\towoj\Documents\hotels.ng\vendor\codeigniter4\framework\system\CodeIgniter.php(317): CodeIgniter\CodeIgniter->handleRequest(NULL, Object(Config\Cache), false)
#8 C:\Users\towoj\Documents\hotels.ng\public\index.php(37): CodeIgniter\CodeIgniter->run()
#9 C:\Users\towoj\Documents\hotels.ng\vendor\codeigniter4\framework\system\Commands\Server\rewrite.php(43): require_once('C:\\Users\\towoj\\...')
#10 {main}
CRITICAL - 2021-11-14 06:51:19 --> implode(): Invalid arguments passed
#0 [internal function]: CodeIgniter\Debug\Exceptions->errorHandler(2, 'implode(): Inva...', 'C:\\Users\\towoj\\...', 10, Array)
#1 C:\Users\towoj\Documents\hotels.ng\app\Views\search.php(10): implode(';', '0;8000')
#2 C:\Users\towoj\Documents\hotels.ng\vendor\codeigniter4\framework\system\View\View.php(214): include('C:\\Users\\towoj\\...')
#3 C:\Users\towoj\Documents\hotels.ng\vendor\codeigniter4\framework\system\View\View.php(217): CodeIgniter\View\View->CodeIgniter\View\{closure}()
#4 C:\Users\towoj\Documents\hotels.ng\vendor\codeigniter4\framework\system\Common.php(1102): CodeIgniter\View\View->render('search', Array, true)
#5 C:\Users\towoj\Documents\hotels.ng\app\Controllers\Home.php(97): view('search')
#6 C:\Users\towoj\Documents\hotels.ng\vendor\codeigniter4\framework\system\CodeIgniter.php(802): App\Controllers\Home->search()
#7 C:\Users\towoj\Documents\hotels.ng\vendor\codeigniter4\framework\system\CodeIgniter.php(399): CodeIgniter\CodeIgniter->runController(Object(App\Controllers\Home))
#8 C:\Users\towoj\Documents\hotels.ng\vendor\codeigniter4\framework\system\CodeIgniter.php(317): CodeIgniter\CodeIgniter->handleRequest(NULL, Object(Config\Cache), false)
#9 C:\Users\towoj\Documents\hotels.ng\public\index.php(37): CodeIgniter\CodeIgniter->run()
#10 C:\Users\towoj\Documents\hotels.ng\vendor\codeigniter4\framework\system\Commands\Server\rewrite.php(43): require_once('C:\\Users\\towoj\\...')
#11 {main}
CRITICAL - 2021-11-14 06:56:10 --> Undefined variable: gee
#0 C:\Users\towoj\Documents\hotels.ng\app\Views\search.php(154): CodeIgniter\Debug\Exceptions->errorHandler(8, 'Undefined varia...', 'C:\\Users\\towoj\\...', 154, Array)
#1 C:\Users\towoj\Documents\hotels.ng\vendor\codeigniter4\framework\system\View\View.php(214): include('C:\\Users\\towoj\\...')
#2 C:\Users\towoj\Documents\hotels.ng\vendor\codeigniter4\framework\system\View\View.php(217): CodeIgniter\View\View->CodeIgniter\View\{closure}()
#3 C:\Users\towoj\Documents\hotels.ng\vendor\codeigniter4\framework\system\Common.php(1102): CodeIgniter\View\View->render('search', Array, true)
#4 C:\Users\towoj\Documents\hotels.ng\app\Controllers\Home.php(97): view('search')
#5 C:\Users\towoj\Documents\hotels.ng\vendor\codeigniter4\framework\system\CodeIgniter.php(802): App\Controllers\Home->search()
#6 C:\Users\towoj\Documents\hotels.ng\vendor\codeigniter4\framework\system\CodeIgniter.php(399): CodeIgniter\CodeIgniter->runController(Object(App\Controllers\Home))
#7 C:\Users\towoj\Documents\hotels.ng\vendor\codeigniter4\framework\system\CodeIgniter.php(317): CodeIgniter\CodeIgniter->handleRequest(NULL, Object(Config\Cache), false)
#8 C:\Users\towoj\Documents\hotels.ng\public\index.php(37): CodeIgniter\CodeIgniter->run()
#9 C:\Users\towoj\Documents\hotels.ng\vendor\codeigniter4\framework\system\Commands\Server\rewrite.php(43): require_once('C:\\Users\\towoj\\...')
#10 {main}
CRITICAL - 2021-11-14 08:58:41 --> Undefined index: confpass
#0 C:\Users\towoj\Documents\hotels.ng\app\Controllers\Home.php(160): CodeIgniter\Debug\Exceptions->errorHandler(8, 'Undefined index...', 'C:\\Users\\towoj\\...', 160, Array)
#1 C:\Users\towoj\Documents\hotels.ng\vendor\codeigniter4\framework\system\CodeIgniter.php(802): App\Controllers\Home->register()
#2 C:\Users\towoj\Documents\hotels.ng\vendor\codeigniter4\framework\system\CodeIgniter.php(399): CodeIgniter\CodeIgniter->runController(Object(App\Controllers\Home))
#3 C:\Users\towoj\Documents\hotels.ng\vendor\codeigniter4\framework\system\CodeIgniter.php(317): CodeIgniter\CodeIgniter->handleRequest(NULL, Object(Config\Cache), false)
#4 C:\Users\towoj\Documents\hotels.ng\public\index.php(37): CodeIgniter\CodeIgniter->run()
#5 C:\Users\towoj\Documents\hotels.ng\vendor\codeigniter4\framework\system\Commands\Server\rewrite.php(43): require_once('C:\\Users\\towoj\\...')
#6 {main}
CRITICAL - 2021-11-14 08:59:03 --> Undefined index: confpass
#0 C:\Users\towoj\Documents\hotels.ng\app\Controllers\Home.php(160): CodeIgniter\Debug\Exceptions->errorHandler(8, 'Undefined index...', 'C:\\Users\\towoj\\...', 160, Array)
#1 C:\Users\towoj\Documents\hotels.ng\vendor\codeigniter4\framework\system\CodeIgniter.php(802): App\Controllers\Home->register()
#2 C:\Users\towoj\Documents\hotels.ng\vendor\codeigniter4\framework\system\CodeIgniter.php(399): CodeIgniter\CodeIgniter->runController(Object(App\Controllers\Home))
#3 C:\Users\towoj\Documents\hotels.ng\vendor\codeigniter4\framework\system\CodeIgniter.php(317): CodeIgniter\CodeIgniter->handleRequest(NULL, Object(Config\Cache), false)
#4 C:\Users\towoj\Documents\hotels.ng\public\index.php(37): CodeIgniter\CodeIgniter->run()
#5 C:\Users\towoj\Documents\hotels.ng\vendor\codeigniter4\framework\system\Commands\Server\rewrite.php(43): require_once('C:\\Users\\towoj\\...')
#6 {main}
CRITICAL - 2021-11-14 09:03:44 --> Call to undefined method App\Models\Users::countAllResult
#0 C:\Users\towoj\Documents\hotels.ng\app\Controllers\Home.php(463): CodeIgniter\Model->__call('countAllResult', Array)
#1 C:\Users\towoj\Documents\hotels.ng\vendor\codeigniter4\framework\system\CodeIgniter.php(802): App\Controllers\Home->social_login()
#2 C:\Users\towoj\Documents\hotels.ng\vendor\codeigniter4\framework\system\CodeIgniter.php(399): CodeIgniter\CodeIgniter->runController(Object(App\Controllers\Home))
#3 C:\Users\towoj\Documents\hotels.ng\vendor\codeigniter4\framework\system\CodeIgniter.php(317): CodeIgniter\CodeIgniter->handleRequest(NULL, Object(Config\Cache), false)
#4 C:\Users\towoj\Documents\hotels.ng\public\index.php(37): CodeIgniter\CodeIgniter->run()
#5 C:\Users\towoj\Documents\hotels.ng\vendor\codeigniter4\framework\system\Commands\Server\rewrite.php(43): require_once('C:\\Users\\towoj\\...')
#6 {main}
CRITICAL - 2021-11-14 09:03:53 --> Call to undefined method App\Models\Users::countAllResult
#0 C:\Users\towoj\Documents\hotels.ng\app\Controllers\Home.php(463): CodeIgniter\Model->__call('countAllResult', Array)
#1 C:\Users\towoj\Documents\hotels.ng\vendor\codeigniter4\framework\system\CodeIgniter.php(802): App\Controllers\Home->social_login()
#2 C:\Users\towoj\Documents\hotels.ng\vendor\codeigniter4\framework\system\CodeIgniter.php(399): CodeIgniter\CodeIgniter->runController(Object(App\Controllers\Home))
#3 C:\Users\towoj\Documents\hotels.ng\vendor\codeigniter4\framework\system\CodeIgniter.php(317): CodeIgniter\CodeIgniter->handleRequest(NULL, Object(Config\Cache), false)
#4 C:\Users\towoj\Documents\hotels.ng\public\index.php(37): CodeIgniter\CodeIgniter->run()
#5 C:\Users\towoj\Documents\hotels.ng\vendor\codeigniter4\framework\system\Commands\Server\rewrite.php(43): require_once('C:\\Users\\towoj\\...')
#6 {main}
CRITICAL - 2021-11-14 09:05:11 --> strpos(): Empty needle
#0 [internal function]: CodeIgniter\Debug\Exceptions->errorHandler(2, 'strpos(): Empty...', 'C:\\Users\\towoj\\...', 996, Array)
#1 C:\Users\towoj\Documents\hotels.ng\vendor\codeigniter4\framework\system\Router\RouteCollection.php(996): strpos('App\\Controllers...', '')
#2 C:\Users\towoj\Documents\hotels.ng\vendor\codeigniter4\framework\system\Common.php(895): CodeIgniter\Router\RouteCollection->reverseRoute('')
#3 C:\Users\towoj\Documents\hotels.ng\app\Controllers\Home.php(489): route_to('')
#4 C:\Users\towoj\Documents\hotels.ng\vendor\codeigniter4\framework\system\CodeIgniter.php(802): App\Controllers\Home->social_login()
#5 C:\Users\towoj\Documents\hotels.ng\vendor\codeigniter4\framework\system\CodeIgniter.php(399): CodeIgniter\CodeIgniter->runController(Object(App\Controllers\Home))
#6 C:\Users\towoj\Documents\hotels.ng\vendor\codeigniter4\framework\system\CodeIgniter.php(317): CodeIgniter\CodeIgniter->handleRequest(NULL, Object(Config\Cache), false)
#7 C:\Users\towoj\Documents\hotels.ng\public\index.php(37): CodeIgniter\CodeIgniter->run()
#8 C:\Users\towoj\Documents\hotels.ng\vendor\codeigniter4\framework\system\Commands\Server\rewrite.php(43): require_once('C:\\Users\\towoj\\...')
#9 {main}
CRITICAL - 2021-11-14 09:05:50 --> strpos(): Empty needle
#0 [internal function]: CodeIgniter\Debug\Exceptions->errorHandler(2, 'strpos(): Empty...', 'C:\\Users\\towoj\\...', 996, Array)
#1 C:\Users\towoj\Documents\hotels.ng\vendor\codeigniter4\framework\system\Router\RouteCollection.php(996): strpos('App\\Controllers...', '')
#2 C:\Users\towoj\Documents\hotels.ng\vendor\codeigniter4\framework\system\Common.php(895): CodeIgniter\Router\RouteCollection->reverseRoute('')
#3 C:\Users\towoj\Documents\hotels.ng\app\Controllers\Home.php(489): route_to('')
#4 C:\Users\towoj\Documents\hotels.ng\vendor\codeigniter4\framework\system\CodeIgniter.php(802): App\Controllers\Home->social_login()
#5 C:\Users\towoj\Documents\hotels.ng\vendor\codeigniter4\framework\system\CodeIgniter.php(399): CodeIgniter\CodeIgniter->runController(Object(App\Controllers\Home))
#6 C:\Users\towoj\Documents\hotels.ng\vendor\codeigniter4\framework\system\CodeIgniter.php(317): CodeIgniter\CodeIgniter->handleRequest(NULL, Object(Config\Cache), false)
#7 C:\Users\towoj\Documents\hotels.ng\public\index.php(37): CodeIgniter\CodeIgniter->run()
#8 C:\Users\towoj\Documents\hotels.ng\vendor\codeigniter4\framework\system\Commands\Server\rewrite.php(43): require_once('C:\\Users\\towoj\\...')
#9 {main}
CRITICAL - 2021-11-14 09:11:47 --> strpos(): Empty needle
#0 [internal function]: CodeIgniter\Debug\Exceptions->errorHandler(2, 'strpos(): Empty...', 'C:\\Users\\towoj\\...', 996, Array)
#1 C:\Users\towoj\Documents\hotels.ng\vendor\codeigniter4\framework\system\Router\RouteCollection.php(996): strpos('App\\Controllers...', '')
#2 C:\Users\towoj\Documents\hotels.ng\vendor\codeigniter4\framework\system\Common.php(895): CodeIgniter\Router\RouteCollection->reverseRoute('')
#3 C:\Users\towoj\Documents\hotels.ng\app\Controllers\Home.php(489): route_to('')
#4 C:\Users\towoj\Documents\hotels.ng\vendor\codeigniter4\framework\system\CodeIgniter.php(802): App\Controllers\Home->social_login()
#5 C:\Users\towoj\Documents\hotels.ng\vendor\codeigniter4\framework\system\CodeIgniter.php(399): CodeIgniter\CodeIgniter->runController(Object(App\Controllers\Home))
#6 C:\Users\towoj\Documents\hotels.ng\vendor\codeigniter4\framework\system\CodeIgniter.php(317): CodeIgniter\CodeIgniter->handleRequest(NULL, Object(Config\Cache), false)
#7 C:\Users\towoj\Documents\hotels.ng\public\index.php(37): CodeIgniter\CodeIgniter->run()
#8 C:\Users\towoj\Documents\hotels.ng\vendor\codeigniter4\framework\system\Commands\Server\rewrite.php(43): require_once('C:\\Users\\towoj\\...')
#9 {main}
CRITICAL - 2021-11-14 09:14:58 --> strpos(): Empty needle
#0 [internal function]: CodeIgniter\Debug\Exceptions->errorHandler(2, 'strpos(): Empty...', 'C:\\Users\\towoj\\...', 996, Array)
#1 C:\Users\towoj\Documents\hotels.ng\vendor\codeigniter4\framework\system\Router\RouteCollection.php(996): strpos('App\\Controllers...', '')
#2 C:\Users\towoj\Documents\hotels.ng\vendor\codeigniter4\framework\system\Common.php(895): CodeIgniter\Router\RouteCollection->reverseRoute('')
#3 C:\Users\towoj\Documents\hotels.ng\app\Controllers\Home.php(489): route_to('')
#4 C:\Users\towoj\Documents\hotels.ng\vendor\codeigniter4\framework\system\CodeIgniter.php(802): App\Controllers\Home->social_login()
#5 C:\Users\towoj\Documents\hotels.ng\vendor\codeigniter4\framework\system\CodeIgniter.php(399): CodeIgniter\CodeIgniter->runController(Object(App\Controllers\Home))
#6 C:\Users\towoj\Documents\hotels.ng\vendor\codeigniter4\framework\system\CodeIgniter.php(317): CodeIgniter\CodeIgniter->handleRequest(NULL, Object(Config\Cache), false)
#7 C:\Users\towoj\Documents\hotels.ng\public\index.php(37): CodeIgniter\CodeIgniter->run()
#8 C:\Users\towoj\Documents\hotels.ng\vendor\codeigniter4\framework\system\Commands\Server\rewrite.php(43): require_once('C:\\Users\\towoj\\...')
#9 {main}
CRITICAL - 2021-11-14 09:16:56 --> strpos(): Empty needle
#0 [internal function]: CodeIgniter\Debug\Exceptions->errorHandler(2, 'strpos(): Empty...', 'C:\\Users\\towoj\\...', 996, Array)
#1 C:\Users\towoj\Documents\hotels.ng\vendor\codeigniter4\framework\system\Router\RouteCollection.php(996): strpos('App\\Controllers...', '')
#2 C:\Users\towoj\Documents\hotels.ng\vendor\codeigniter4\framework\system\Common.php(895): CodeIgniter\Router\RouteCollection->reverseRoute('')
#3 C:\Users\towoj\Documents\hotels.ng\app\Controllers\Home.php(489): route_to('')
#4 C:\Users\towoj\Documents\hotels.ng\vendor\codeigniter4\framework\system\CodeIgniter.php(802): App\Controllers\Home->social_login()
#5 C:\Users\towoj\Documents\hotels.ng\vendor\codeigniter4\framework\system\CodeIgniter.php(399): CodeIgniter\CodeIgniter->runController(Object(App\Controllers\Home))
#6 C:\Users\towoj\Documents\hotels.ng\vendor\codeigniter4\framework\system\CodeIgniter.php(317): CodeIgniter\CodeIgniter->handleRequest(NULL, Object(Config\Cache), false)
#7 C:\Users\towoj\Documents\hotels.ng\public\index.php(37): CodeIgniter\CodeIgniter->run()
#8 C:\Users\towoj\Documents\hotels.ng\vendor\codeigniter4\framework\system\Commands\Server\rewrite.php(43): require_once('C:\\Users\\towoj\\...')
#9 {main}
CRITICAL - 2021-11-14 09:18:25 --> strpos(): Empty needle
#0 [internal function]: CodeIgniter\Debug\Exceptions->errorHandler(2, 'strpos(): Empty...', 'C:\\Users\\towoj\\...', 996, Array)
#1 C:\Users\towoj\Documents\hotels.ng\vendor\codeigniter4\framework\system\Router\RouteCollection.php(996): strpos('App\\Controllers...', '')
#2 C:\Users\towoj\Documents\hotels.ng\vendor\codeigniter4\framework\system\Common.php(895): CodeIgniter\Router\RouteCollection->reverseRoute('')
#3 C:\Users\towoj\Documents\hotels.ng\app\Controllers\Home.php(489): route_to('')
#4 C:\Users\towoj\Documents\hotels.ng\vendor\codeigniter4\framework\system\CodeIgniter.php(802): App\Controllers\Home->social_login()
#5 C:\Users\towoj\Documents\hotels.ng\vendor\codeigniter4\framework\system\CodeIgniter.php(399): CodeIgniter\CodeIgniter->runController(Object(App\Controllers\Home))
#6 C:\Users\towoj\Documents\hotels.ng\vendor\codeigniter4\framework\system\CodeIgniter.php(317): CodeIgniter\CodeIgniter->handleRequest(NULL, Object(Config\Cache), false)
#7 C:\Users\towoj\Documents\hotels.ng\public\index.php(37): CodeIgniter\CodeIgniter->run()
#8 C:\Users\towoj\Documents\hotels.ng\vendor\codeigniter4\framework\system\Commands\Server\rewrite.php(43): require_once('C:\\Users\\towoj\\...')
#9 {main}
CRITICAL - 2021-11-14 09:20:45 --> strpos(): Empty needle
#0 [internal function]: CodeIgniter\Debug\Exceptions->errorHandler(2, 'strpos(): Empty...', 'C:\\Users\\towoj\\...', 996, Array)
#1 C:\Users\towoj\Documents\hotels.ng\vendor\codeigniter4\framework\system\Router\RouteCollection.php(996): strpos('App\\Controllers...', '')
#2 C:\Users\towoj\Documents\hotels.ng\vendor\codeigniter4\framework\system\Common.php(895): CodeIgniter\Router\RouteCollection->reverseRoute('')
#3 C:\Users\towoj\Documents\hotels.ng\app\Controllers\Home.php(489): route_to('')
#4 C:\Users\towoj\Documents\hotels.ng\vendor\codeigniter4\framework\system\CodeIgniter.php(802): App\Controllers\Home->social_login()
#5 C:\Users\towoj\Documents\hotels.ng\vendor\codeigniter4\framework\system\CodeIgniter.php(399): CodeIgniter\CodeIgniter->runController(Object(App\Controllers\Home))
#6 C:\Users\towoj\Documents\hotels.ng\vendor\codeigniter4\framework\system\CodeIgniter.php(317): CodeIgniter\CodeIgniter->handleRequest(NULL, Object(Config\Cache), false)
#7 C:\Users\towoj\Documents\hotels.ng\public\index.php(37): CodeIgniter\CodeIgniter->run()
#8 C:\Users\towoj\Documents\hotels.ng\vendor\codeigniter4\framework\system\Commands\Server\rewrite.php(43): require_once('C:\\Users\\towoj\\...')
#9 {main}
CRITICAL - 2021-11-14 09:22:36 --> strpos(): Empty needle
#0 [internal function]: CodeIgniter\Debug\Exceptions->errorHandler(2, 'strpos(): Empty...', 'C:\\Users\\towoj\\...', 996, Array)
#1 C:\Users\towoj\Documents\hotels.ng\vendor\codeigniter4\framework\system\Router\RouteCollection.php(996): strpos('App\\Controllers...', '')
#2 C:\Users\towoj\Documents\hotels.ng\vendor\codeigniter4\framework\system\Common.php(895): CodeIgniter\Router\RouteCollection->reverseRoute('')
#3 C:\Users\towoj\Documents\hotels.ng\app\Controllers\Home.php(489): route_to('')
#4 C:\Users\towoj\Documents\hotels.ng\vendor\codeigniter4\framework\system\CodeIgniter.php(802): App\Controllers\Home->social_login()
#5 C:\Users\towoj\Documents\hotels.ng\vendor\codeigniter4\framework\system\CodeIgniter.php(399): CodeIgniter\CodeIgniter->runController(Object(App\Controllers\Home))
#6 C:\Users\towoj\Documents\hotels.ng\vendor\codeigniter4\framework\system\CodeIgniter.php(317): CodeIgniter\CodeIgniter->handleRequest(NULL, Object(Config\Cache), false)
#7 C:\Users\towoj\Documents\hotels.ng\public\index.php(37): CodeIgniter\CodeIgniter->run()
#8 C:\Users\towoj\Documents\hotels.ng\vendor\codeigniter4\framework\system\Commands\Server\rewrite.php(43): require_once('C:\\Users\\towoj\\...')
#9 {main}
CRITICAL - 2021-11-14 09:23:22 --> strpos(): Empty needle
#0 [internal function]: CodeIgniter\Debug\Exceptions->errorHandler(2, 'strpos(): Empty...', 'C:\\Users\\towoj\\...', 996, Array)
#1 C:\Users\towoj\Documents\hotels.ng\vendor\codeigniter4\framework\system\Router\RouteCollection.php(996): strpos('App\\Controllers...', '')
#2 C:\Users\towoj\Documents\hotels.ng\vendor\codeigniter4\framework\system\Common.php(895): CodeIgniter\Router\RouteCollection->reverseRoute('')
#3 C:\Users\towoj\Documents\hotels.ng\app\Controllers\Home.php(489): route_to('')
#4 C:\Users\towoj\Documents\hotels.ng\vendor\codeigniter4\framework\system\CodeIgniter.php(802): App\Controllers\Home->social_login()
#5 C:\Users\towoj\Documents\hotels.ng\vendor\codeigniter4\framework\system\CodeIgniter.php(399): CodeIgniter\CodeIgniter->runController(Object(App\Controllers\Home))
#6 C:\Users\towoj\Documents\hotels.ng\vendor\codeigniter4\framework\system\CodeIgniter.php(317): CodeIgniter\CodeIgniter->handleRequest(NULL, Object(Config\Cache), false)
#7 C:\Users\towoj\Documents\hotels.ng\public\index.php(37): CodeIgniter\CodeIgniter->run()
#8 C:\Users\towoj\Documents\hotels.ng\vendor\codeigniter4\framework\system\Commands\Server\rewrite.php(43): require_once('C:\\Users\\towoj\\...')
#9 {main}
CRITICAL - 2021-11-14 09:24:00 --> strpos(): Empty needle
#0 [internal function]: CodeIgniter\Debug\Exceptions->errorHandler(2, 'strpos(): Empty...', 'C:\\Users\\towoj\\...', 996, Array)
#1 C:\Users\towoj\Documents\hotels.ng\vendor\codeigniter4\framework\system\Router\RouteCollection.php(996): strpos('App\\Controllers...', '')
#2 C:\Users\towoj\Documents\hotels.ng\vendor\codeigniter4\framework\system\Common.php(895): CodeIgniter\Router\RouteCollection->reverseRoute('')
#3 C:\Users\towoj\Documents\hotels.ng\app\Controllers\Home.php(489): route_to('')
#4 C:\Users\towoj\Documents\hotels.ng\vendor\codeigniter4\framework\system\CodeIgniter.php(802): App\Controllers\Home->social_login()
#5 C:\Users\towoj\Documents\hotels.ng\vendor\codeigniter4\framework\system\CodeIgniter.php(399): CodeIgniter\CodeIgniter->runController(Object(App\Controllers\Home))
#6 C:\Users\towoj\Documents\hotels.ng\vendor\codeigniter4\framework\system\CodeIgniter.php(317): CodeIgniter\CodeIgniter->handleRequest(NULL, Object(Config\Cache), false)
#7 C:\Users\towoj\Documents\hotels.ng\public\index.php(37): CodeIgniter\CodeIgniter->run()
#8 C:\Users\towoj\Documents\hotels.ng\vendor\codeigniter4\framework\system\Commands\Server\rewrite.php(43): require_once('C:\\Users\\towoj\\...')
#9 {main}
