CRITICAL - 2021-11-06 03:19:28 --> Undefined variable: num
#0 C:\Users\towoj\Documents\hotels.ng\app\Views\welcome_message.php(382): CodeIgniter\Debug\Exceptions->errorHandler(8, 'Undefined varia...', 'C:\\Users\\towoj\\...', 382, Array)
#1 C:\Users\towoj\Documents\hotels.ng\vendor\codeigniter4\framework\system\View\View.php(214): include('C:\\Users\\towoj\\...')
#2 C:\Users\towoj\Documents\hotels.ng\vendor\codeigniter4\framework\system\View\View.php(217): CodeIgniter\View\View->CodeIgniter\View\{closure}()
#3 C:\Users\towoj\Documents\hotels.ng\vendor\codeigniter4\framework\system\Common.php(1093): CodeIgniter\View\View->render('welcome_message', Array, true)
#4 C:\Users\towoj\Documents\hotels.ng\app\Controllers\Home.php(27): view('welcome_message')
#5 C:\Users\towoj\Documents\hotels.ng\vendor\codeigniter4\framework\system\CodeIgniter.php(802): App\Controllers\Home->index()
#6 C:\Users\towoj\Documents\hotels.ng\vendor\codeigniter4\framework\system\CodeIgniter.php(399): CodeIgniter\CodeIgniter->runController(Object(App\Controllers\Home))
#7 C:\Users\towoj\Documents\hotels.ng\vendor\codeigniter4\framework\system\CodeIgniter.php(317): CodeIgniter\CodeIgniter->handleRequest(NULL, Object(Config\Cache), false)
#8 C:\Users\towoj\Documents\hotels.ng\public\index.php(37): CodeIgniter\CodeIgniter->run()
#9 C:\Users\towoj\Documents\hotels.ng\vendor\codeigniter4\framework\system\Commands\Server\rewrite.php(43): require_once('C:\\Users\\towoj\\...')
#10 {main}
CRITICAL - 2021-11-06 03:19:38 --> Allowed memory size of 536870912 bytes exhausted (tried to allocate 236982272 bytes)
#0 [internal function]: CodeIgniter\Debug\Exceptions->shutdownHandler()
#1 {main}
CRITICAL - 2021-11-06 03:19:49 --> Undefined variable: num
#0 C:\Users\towoj\Documents\hotels.ng\app\Views\welcome_message.php(382): CodeIgniter\Debug\Exceptions->errorHandler(8, 'Undefined varia...', 'C:\\Users\\towoj\\...', 382, Array)
#1 C:\Users\towoj\Documents\hotels.ng\vendor\codeigniter4\framework\system\View\View.php(214): include('C:\\Users\\towoj\\...')
#2 C:\Users\towoj\Documents\hotels.ng\vendor\codeigniter4\framework\system\View\View.php(217): CodeIgniter\View\View->CodeIgniter\View\{closure}()
#3 C:\Users\towoj\Documents\hotels.ng\vendor\codeigniter4\framework\system\Common.php(1093): CodeIgniter\View\View->render('welcome_message', Array, true)
#4 C:\Users\towoj\Documents\hotels.ng\app\Controllers\Home.php(27): view('welcome_message')
#5 C:\Users\towoj\Documents\hotels.ng\vendor\codeigniter4\framework\system\CodeIgniter.php(802): App\Controllers\Home->index()
#6 C:\Users\towoj\Documents\hotels.ng\vendor\codeigniter4\framework\system\CodeIgniter.php(399): CodeIgniter\CodeIgniter->runController(Object(App\Controllers\Home))
#7 C:\Users\towoj\Documents\hotels.ng\vendor\codeigniter4\framework\system\CodeIgniter.php(317): CodeIgniter\CodeIgniter->handleRequest(NULL, Object(Config\Cache), false)
#8 C:\Users\towoj\Documents\hotels.ng\public\index.php(37): CodeIgniter\CodeIgniter->run()
#9 C:\Users\towoj\Documents\hotels.ng\vendor\codeigniter4\framework\system\Commands\Server\rewrite.php(43): require_once('C:\\Users\\towoj\\...')
#10 {main}
CRITICAL - 2021-11-06 03:20:00 --> Allowed memory size of 536870912 bytes exhausted (tried to allocate 245370880 bytes)
#0 [internal function]: CodeIgniter\Debug\Exceptions->shutdownHandler()
#1 {main}
CRITICAL - 2021-11-06 03:30:18 --> Undefined variable: num
#0 C:\Users\towoj\Documents\hotels.ng\app\Views\welcome_message.php(382): CodeIgniter\Debug\Exceptions->errorHandler(8, 'Undefined varia...', 'C:\\Users\\towoj\\...', 382, Array)
#1 C:\Users\towoj\Documents\hotels.ng\vendor\codeigniter4\framework\system\View\View.php(214): include('C:\\Users\\towoj\\...')
#2 C:\Users\towoj\Documents\hotels.ng\vendor\codeigniter4\framework\system\View\View.php(217): CodeIgniter\View\View->CodeIgniter\View\{closure}()
#3 C:\Users\towoj\Documents\hotels.ng\vendor\codeigniter4\framework\system\Common.php(1093): CodeIgniter\View\View->render('welcome_message', Array, true)
#4 C:\Users\towoj\Documents\hotels.ng\app\Controllers\Home.php(27): view('welcome_message')
#5 C:\Users\towoj\Documents\hotels.ng\vendor\codeigniter4\framework\system\CodeIgniter.php(802): App\Controllers\Home->index()
#6 C:\Users\towoj\Documents\hotels.ng\vendor\codeigniter4\framework\system\CodeIgniter.php(399): CodeIgniter\CodeIgniter->runController(Object(App\Controllers\Home))
#7 C:\Users\towoj\Documents\hotels.ng\vendor\codeigniter4\framework\system\CodeIgniter.php(317): CodeIgniter\CodeIgniter->handleRequest(NULL, Object(Config\Cache), false)
#8 C:\Users\towoj\Documents\hotels.ng\public\index.php(37): CodeIgniter\CodeIgniter->run()
#9 C:\Users\towoj\Documents\hotels.ng\vendor\codeigniter4\framework\system\Commands\Server\rewrite.php(43): require_once('C:\\Users\\towoj\\...')
#10 {main}
CRITICAL - 2021-11-06 03:30:28 --> Allowed memory size of 536870912 bytes exhausted (tried to allocate 236982272 bytes)
#0 [internal function]: CodeIgniter\Debug\Exceptions->shutdownHandler()
#1 {main}
CRITICAL - 2021-11-06 03:30:38 --> Undefined variable: num
#0 C:\Users\towoj\Documents\hotels.ng\app\Views\welcome_message.php(382): CodeIgniter\Debug\Exceptions->errorHandler(8, 'Undefined varia...', 'C:\\Users\\towoj\\...', 382, Array)
#1 C:\Users\towoj\Documents\hotels.ng\vendor\codeigniter4\framework\system\View\View.php(214): include('C:\\Users\\towoj\\...')
#2 C:\Users\towoj\Documents\hotels.ng\vendor\codeigniter4\framework\system\View\View.php(217): CodeIgniter\View\View->CodeIgniter\View\{closure}()
#3 C:\Users\towoj\Documents\hotels.ng\vendor\codeigniter4\framework\system\Common.php(1093): CodeIgniter\View\View->render('welcome_message', Array, true)
#4 C:\Users\towoj\Documents\hotels.ng\app\Controllers\Home.php(27): view('welcome_message')
#5 C:\Users\towoj\Documents\hotels.ng\vendor\codeigniter4\framework\system\CodeIgniter.php(802): App\Controllers\Home->index()
#6 C:\Users\towoj\Documents\hotels.ng\vendor\codeigniter4\framework\system\CodeIgniter.php(399): CodeIgniter\CodeIgniter->runController(Object(App\Controllers\Home))
#7 C:\Users\towoj\Documents\hotels.ng\vendor\codeigniter4\framework\system\CodeIgniter.php(317): CodeIgniter\CodeIgniter->handleRequest(NULL, Object(Config\Cache), false)
#8 C:\Users\towoj\Documents\hotels.ng\public\index.php(37): CodeIgniter\CodeIgniter->run()
#9 C:\Users\towoj\Documents\hotels.ng\vendor\codeigniter4\framework\system\Commands\Server\rewrite.php(43): require_once('C:\\Users\\towoj\\...')
#10 {main}
CRITICAL - 2021-11-06 03:30:49 --> Allowed memory size of 536870912 bytes exhausted (tried to allocate 245370880 bytes)
#0 [internal function]: CodeIgniter\Debug\Exceptions->shutdownHandler()
#1 {main}
CRITICAL - 2021-11-06 03:32:15 --> Undefined variable: num
#0 C:\Users\towoj\Documents\hotels.ng\app\Views\welcome_message.php(382): CodeIgniter\Debug\Exceptions->errorHandler(8, 'Undefined varia...', 'C:\\Users\\towoj\\...', 382, Array)
#1 C:\Users\towoj\Documents\hotels.ng\vendor\codeigniter4\framework\system\View\View.php(214): include('C:\\Users\\towoj\\...')
#2 C:\Users\towoj\Documents\hotels.ng\vendor\codeigniter4\framework\system\View\View.php(217): CodeIgniter\View\View->CodeIgniter\View\{closure}()
#3 C:\Users\towoj\Documents\hotels.ng\vendor\codeigniter4\framework\system\Common.php(1093): CodeIgniter\View\View->render('welcome_message', Array, true)
#4 C:\Users\towoj\Documents\hotels.ng\app\Controllers\Home.php(27): view('welcome_message')
#5 C:\Users\towoj\Documents\hotels.ng\vendor\codeigniter4\framework\system\CodeIgniter.php(802): App\Controllers\Home->index()
#6 C:\Users\towoj\Documents\hotels.ng\vendor\codeigniter4\framework\system\CodeIgniter.php(399): CodeIgniter\CodeIgniter->runController(Object(App\Controllers\Home))
#7 C:\Users\towoj\Documents\hotels.ng\vendor\codeigniter4\framework\system\CodeIgniter.php(317): CodeIgniter\CodeIgniter->handleRequest(NULL, Object(Config\Cache), false)
#8 C:\Users\towoj\Documents\hotels.ng\public\index.php(37): CodeIgniter\CodeIgniter->run()
#9 C:\Users\towoj\Documents\hotels.ng\vendor\codeigniter4\framework\system\Commands\Server\rewrite.php(43): require_once('C:\\Users\\towoj\\...')
#10 {main}
CRITICAL - 2021-11-06 03:32:24 --> Allowed memory size of 536870912 bytes exhausted (tried to allocate 236982272 bytes)
#0 [internal function]: CodeIgniter\Debug\Exceptions->shutdownHandler()
#1 {main}
CRITICAL - 2021-11-06 03:32:50 --> Undefined variable: num
#0 C:\Users\towoj\Documents\hotels.ng\app\Views\welcome_message.php(382): CodeIgniter\Debug\Exceptions->errorHandler(8, 'Undefined varia...', 'C:\\Users\\towoj\\...', 382, Array)
#1 C:\Users\towoj\Documents\hotels.ng\vendor\codeigniter4\framework\system\View\View.php(214): include('C:\\Users\\towoj\\...')
#2 C:\Users\towoj\Documents\hotels.ng\vendor\codeigniter4\framework\system\View\View.php(217): CodeIgniter\View\View->CodeIgniter\View\{closure}()
#3 C:\Users\towoj\Documents\hotels.ng\vendor\codeigniter4\framework\system\Common.php(1093): CodeIgniter\View\View->render('welcome_message', Array, true)
#4 C:\Users\towoj\Documents\hotels.ng\app\Controllers\Home.php(27): view('welcome_message')
#5 C:\Users\towoj\Documents\hotels.ng\vendor\codeigniter4\framework\system\CodeIgniter.php(802): App\Controllers\Home->index()
#6 C:\Users\towoj\Documents\hotels.ng\vendor\codeigniter4\framework\system\CodeIgniter.php(399): CodeIgniter\CodeIgniter->runController(Object(App\Controllers\Home))
#7 C:\Users\towoj\Documents\hotels.ng\vendor\codeigniter4\framework\system\CodeIgniter.php(317): CodeIgniter\CodeIgniter->handleRequest(NULL, Object(Config\Cache), false)
#8 C:\Users\towoj\Documents\hotels.ng\public\index.php(37): CodeIgniter\CodeIgniter->run()
#9 C:\Users\towoj\Documents\hotels.ng\vendor\codeigniter4\framework\system\Commands\Server\rewrite.php(43): require_once('C:\\Users\\towoj\\...')
#10 {main}
CRITICAL - 2021-11-06 03:33:01 --> Allowed memory size of 536870912 bytes exhausted (tried to allocate 236982272 bytes)
#0 [internal function]: CodeIgniter\Debug\Exceptions->shutdownHandler()
#1 {main}
CRITICAL - 2021-11-06 04:00:49 --> Undefined variable: num
#0 C:\Users\towoj\Documents\hotels.ng\app\Views\welcome_message.php(382): CodeIgniter\Debug\Exceptions->errorHandler(8, 'Undefined varia...', 'C:\\Users\\towoj\\...', 382, Array)
#1 C:\Users\towoj\Documents\hotels.ng\vendor\codeigniter4\framework\system\View\View.php(214): include('C:\\Users\\towoj\\...')
#2 C:\Users\towoj\Documents\hotels.ng\vendor\codeigniter4\framework\system\View\View.php(217): CodeIgniter\View\View->CodeIgniter\View\{closure}()
#3 C:\Users\towoj\Documents\hotels.ng\vendor\codeigniter4\framework\system\Common.php(1093): CodeIgniter\View\View->render('welcome_message', Array, true)
#4 C:\Users\towoj\Documents\hotels.ng\app\Controllers\Home.php(27): view('welcome_message')
#5 C:\Users\towoj\Documents\hotels.ng\vendor\codeigniter4\framework\system\CodeIgniter.php(802): App\Controllers\Home->index()
#6 C:\Users\towoj\Documents\hotels.ng\vendor\codeigniter4\framework\system\CodeIgniter.php(399): CodeIgniter\CodeIgniter->runController(Object(App\Controllers\Home))
#7 C:\Users\towoj\Documents\hotels.ng\vendor\codeigniter4\framework\system\CodeIgniter.php(317): CodeIgniter\CodeIgniter->handleRequest(NULL, Object(Config\Cache), false)
#8 C:\Users\towoj\Documents\hotels.ng\public\index.php(37): CodeIgniter\CodeIgniter->run()
#9 C:\Users\towoj\Documents\hotels.ng\vendor\codeigniter4\framework\system\Commands\Server\rewrite.php(43): require_once('C:\\Users\\towoj\\...')
#10 {main}
CRITICAL - 2021-11-06 04:00:57 --> Allowed memory size of 536870912 bytes exhausted (tried to allocate 236982272 bytes)
#0 [internal function]: CodeIgniter\Debug\Exceptions->shutdownHandler()
#1 {main}
CRITICAL - 2021-11-06 04:01:06 --> Undefined variable: num
#0 C:\Users\towoj\Documents\hotels.ng\app\Views\welcome_message.php(382): CodeIgniter\Debug\Exceptions->errorHandler(8, 'Undefined varia...', 'C:\\Users\\towoj\\...', 382, Array)
#1 C:\Users\towoj\Documents\hotels.ng\vendor\codeigniter4\framework\system\View\View.php(214): include('C:\\Users\\towoj\\...')
#2 C:\Users\towoj\Documents\hotels.ng\vendor\codeigniter4\framework\system\View\View.php(217): CodeIgniter\View\View->CodeIgniter\View\{closure}()
#3 C:\Users\towoj\Documents\hotels.ng\vendor\codeigniter4\framework\system\Common.php(1093): CodeIgniter\View\View->render('welcome_message', Array, true)
#4 C:\Users\towoj\Documents\hotels.ng\app\Controllers\Home.php(27): view('welcome_message')
#5 C:\Users\towoj\Documents\hotels.ng\vendor\codeigniter4\framework\system\CodeIgniter.php(802): App\Controllers\Home->index()
#6 C:\Users\towoj\Documents\hotels.ng\vendor\codeigniter4\framework\system\CodeIgniter.php(399): CodeIgniter\CodeIgniter->runController(Object(App\Controllers\Home))
#7 C:\Users\towoj\Documents\hotels.ng\vendor\codeigniter4\framework\system\CodeIgniter.php(317): CodeIgniter\CodeIgniter->handleRequest(NULL, Object(Config\Cache), false)
#8 C:\Users\towoj\Documents\hotels.ng\public\index.php(37): CodeIgniter\CodeIgniter->run()
#9 C:\Users\towoj\Documents\hotels.ng\vendor\codeigniter4\framework\system\Commands\Server\rewrite.php(43): require_once('C:\\Users\\towoj\\...')
#10 {main}
CRITICAL - 2021-11-06 04:01:14 --> Allowed memory size of 536870912 bytes exhausted (tried to allocate 245370880 bytes)
#0 [internal function]: CodeIgniter\Debug\Exceptions->shutdownHandler()
#1 {main}
ERROR - 2021-11-06 04:08:55 --> Unknown column 'RANDOM' in 'order clause'
CRITICAL - 2021-11-06 04:08:55 --> Unknown column 'RANDOM' in 'order clause'
#0 C:\Users\towoj\Documents\hotels.ng\vendor\codeigniter4\framework\system\Database\MySQLi\Connection.php(280): mysqli->query('SELECT *\nFROM `...')
#1 C:\Users\towoj\Documents\hotels.ng\vendor\codeigniter4\framework\system\Database\BaseConnection.php(663): CodeIgniter\Database\MySQLi\Connection->execute('SELECT *\nFROM `...')
#2 C:\Users\towoj\Documents\hotels.ng\vendor\codeigniter4\framework\system\Database\BaseConnection.php(591): CodeIgniter\Database\BaseConnection->simpleQuery('SELECT *\nFROM `...')
#3 C:\Users\towoj\Documents\hotels.ng\vendor\codeigniter4\framework\system\Database\BaseBuilder.php(1428): CodeIgniter\Database\BaseConnection->query('SELECT *\nFROM `...', Array, false)
#4 C:\Users\towoj\Documents\hotels.ng\vendor\codeigniter4\framework\system\Model.php(183): CodeIgniter\Database\BaseBuilder->get()
#5 C:\Users\towoj\Documents\hotels.ng\vendor\codeigniter4\framework\system\BaseModel.php(584): CodeIgniter\Model->doFindAll(6, 0)
#6 C:\Users\towoj\Documents\hotels.ng\app\Controllers\Home.php(22): CodeIgniter\BaseModel->findAll(6)
#7 C:\Users\towoj\Documents\hotels.ng\vendor\codeigniter4\framework\system\CodeIgniter.php(802): App\Controllers\Home->index()
#8 C:\Users\towoj\Documents\hotels.ng\vendor\codeigniter4\framework\system\CodeIgniter.php(399): CodeIgniter\CodeIgniter->runController(Object(App\Controllers\Home))
#9 C:\Users\towoj\Documents\hotels.ng\vendor\codeigniter4\framework\system\CodeIgniter.php(317): CodeIgniter\CodeIgniter->handleRequest(NULL, Object(Config\Cache), false)
#10 C:\Users\towoj\Documents\hotels.ng\public\index.php(37): CodeIgniter\CodeIgniter->run()
#11 C:\Users\towoj\Documents\hotels.ng\vendor\codeigniter4\framework\system\Commands\Server\rewrite.php(43): require_once('C:\\Users\\towoj\\...')
#12 {main}
ERROR - 2021-11-06 04:10:11 --> Unknown column 'RANDOM' in 'order clause'
CRITICAL - 2021-11-06 04:10:11 --> Unknown column 'RANDOM' in 'order clause'
#0 C:\Users\towoj\Documents\hotels.ng\vendor\codeigniter4\framework\system\Database\MySQLi\Connection.php(280): mysqli->query('SELECT *\nFROM `...')
#1 C:\Users\towoj\Documents\hotels.ng\vendor\codeigniter4\framework\system\Database\BaseConnection.php(663): CodeIgniter\Database\MySQLi\Connection->execute('SELECT *\nFROM `...')
#2 C:\Users\towoj\Documents\hotels.ng\vendor\codeigniter4\framework\system\Database\BaseConnection.php(591): CodeIgniter\Database\BaseConnection->simpleQuery('SELECT *\nFROM `...')
#3 C:\Users\towoj\Documents\hotels.ng\vendor\codeigniter4\framework\system\Database\BaseBuilder.php(1428): CodeIgniter\Database\BaseConnection->query('SELECT *\nFROM `...', Array, false)
#4 C:\Users\towoj\Documents\hotels.ng\vendor\codeigniter4\framework\system\Model.php(183): CodeIgniter\Database\BaseBuilder->get()
#5 C:\Users\towoj\Documents\hotels.ng\vendor\codeigniter4\framework\system\BaseModel.php(584): CodeIgniter\Model->doFindAll(6, 0)
#6 C:\Users\towoj\Documents\hotels.ng\app\Controllers\Home.php(21): CodeIgniter\BaseModel->findAll(6)
#7 C:\Users\towoj\Documents\hotels.ng\vendor\codeigniter4\framework\system\CodeIgniter.php(802): App\Controllers\Home->index()
#8 C:\Users\towoj\Documents\hotels.ng\vendor\codeigniter4\framework\system\CodeIgniter.php(399): CodeIgniter\CodeIgniter->runController(Object(App\Controllers\Home))
#9 C:\Users\towoj\Documents\hotels.ng\vendor\codeigniter4\framework\system\CodeIgniter.php(317): CodeIgniter\CodeIgniter->handleRequest(NULL, Object(Config\Cache), false)
#10 C:\Users\towoj\Documents\hotels.ng\public\index.php(37): CodeIgniter\CodeIgniter->run()
#11 C:\Users\towoj\Documents\hotels.ng\vendor\codeigniter4\framework\system\Commands\Server\rewrite.php(43): require_once('C:\\Users\\towoj\\...')
#12 {main}
ERROR - 2021-11-06 04:10:34 --> Unknown column 'RANDOM' in 'order clause'
CRITICAL - 2021-11-06 04:10:34 --> Unknown column 'RANDOM' in 'order clause'
#0 C:\Users\towoj\Documents\hotels.ng\vendor\codeigniter4\framework\system\Database\MySQLi\Connection.php(280): mysqli->query('SELECT *\nFROM `...')
#1 C:\Users\towoj\Documents\hotels.ng\vendor\codeigniter4\framework\system\Database\BaseConnection.php(663): CodeIgniter\Database\MySQLi\Connection->execute('SELECT *\nFROM `...')
#2 C:\Users\towoj\Documents\hotels.ng\vendor\codeigniter4\framework\system\Database\BaseConnection.php(591): CodeIgniter\Database\BaseConnection->simpleQuery('SELECT *\nFROM `...')
#3 C:\Users\towoj\Documents\hotels.ng\vendor\codeigniter4\framework\system\Database\BaseBuilder.php(1428): CodeIgniter\Database\BaseConnection->query('SELECT *\nFROM `...', Array, false)
#4 C:\Users\towoj\Documents\hotels.ng\vendor\codeigniter4\framework\system\Model.php(183): CodeIgniter\Database\BaseBuilder->get()
#5 C:\Users\towoj\Documents\hotels.ng\vendor\codeigniter4\framework\system\BaseModel.php(584): CodeIgniter\Model->doFindAll(6, 0)
#6 C:\Users\towoj\Documents\hotels.ng\app\Controllers\Home.php(21): CodeIgniter\BaseModel->findAll(6)
#7 C:\Users\towoj\Documents\hotels.ng\vendor\codeigniter4\framework\system\CodeIgniter.php(802): App\Controllers\Home->index()
#8 C:\Users\towoj\Documents\hotels.ng\vendor\codeigniter4\framework\system\CodeIgniter.php(399): CodeIgniter\CodeIgniter->runController(Object(App\Controllers\Home))
#9 C:\Users\towoj\Documents\hotels.ng\vendor\codeigniter4\framework\system\CodeIgniter.php(317): CodeIgniter\CodeIgniter->handleRequest(NULL, Object(Config\Cache), false)
#10 C:\Users\towoj\Documents\hotels.ng\public\index.php(37): CodeIgniter\CodeIgniter->run()
#11 C:\Users\towoj\Documents\hotels.ng\vendor\codeigniter4\framework\system\Commands\Server\rewrite.php(43): require_once('C:\\Users\\towoj\\...')
#12 {main}
CRITICAL - 2021-11-06 04:11:49 --> Undefined variable: by_country
#0 C:\Users\towoj\Documents\hotels.ng\app\Views\welcome_message.php(212): CodeIgniter\Debug\Exceptions->errorHandler(8, 'Undefined varia...', 'C:\\Users\\towoj\\...', 212, Array)
#1 C:\Users\towoj\Documents\hotels.ng\vendor\codeigniter4\framework\system\View\View.php(214): include('C:\\Users\\towoj\\...')
#2 C:\Users\towoj\Documents\hotels.ng\vendor\codeigniter4\framework\system\View\View.php(217): CodeIgniter\View\View->CodeIgniter\View\{closure}()
#3 C:\Users\towoj\Documents\hotels.ng\vendor\codeigniter4\framework\system\Common.php(1093): CodeIgniter\View\View->render('welcome_message', Array, true)
#4 C:\Users\towoj\Documents\hotels.ng\app\Controllers\Home.php(27): view('welcome_message')
#5 C:\Users\towoj\Documents\hotels.ng\vendor\codeigniter4\framework\system\CodeIgniter.php(802): App\Controllers\Home->index()
#6 C:\Users\towoj\Documents\hotels.ng\vendor\codeigniter4\framework\system\CodeIgniter.php(399): CodeIgniter\CodeIgniter->runController(Object(App\Controllers\Home))
#7 C:\Users\towoj\Documents\hotels.ng\vendor\codeigniter4\framework\system\CodeIgniter.php(317): CodeIgniter\CodeIgniter->handleRequest(NULL, Object(Config\Cache), false)
#8 C:\Users\towoj\Documents\hotels.ng\public\index.php(37): CodeIgniter\CodeIgniter->run()
#9 C:\Users\towoj\Documents\hotels.ng\vendor\codeigniter4\framework\system\Commands\Server\rewrite.php(43): require_once('C:\\Users\\towoj\\...')
#10 {main}
CRITICAL - 2021-11-06 04:12:01 --> Allowed memory size of 536870912 bytes exhausted (tried to allocate 251662336 bytes)
#0 [internal function]: CodeIgniter\Debug\Exceptions->shutdownHandler()
#1 {main}
CRITICAL - 2021-11-06 04:12:02 --> Undefined variable: by_country
#0 C:\Users\towoj\Documents\hotels.ng\app\Views\welcome_message.php(212): CodeIgniter\Debug\Exceptions->errorHandler(8, 'Undefined varia...', 'C:\\Users\\towoj\\...', 212, Array)
#1 C:\Users\towoj\Documents\hotels.ng\vendor\codeigniter4\framework\system\View\View.php(214): include('C:\\Users\\towoj\\...')
#2 C:\Users\towoj\Documents\hotels.ng\vendor\codeigniter4\framework\system\View\View.php(217): CodeIgniter\View\View->CodeIgniter\View\{closure}()
#3 C:\Users\towoj\Documents\hotels.ng\vendor\codeigniter4\framework\system\Common.php(1093): CodeIgniter\View\View->render('welcome_message', Array, true)
#4 C:\Users\towoj\Documents\hotels.ng\app\Controllers\Home.php(27): view('welcome_message')
#5 C:\Users\towoj\Documents\hotels.ng\vendor\codeigniter4\framework\system\CodeIgniter.php(802): App\Controllers\Home->index()
#6 C:\Users\towoj\Documents\hotels.ng\vendor\codeigniter4\framework\system\CodeIgniter.php(399): CodeIgniter\CodeIgniter->runController(Object(App\Controllers\Home))
#7 C:\Users\towoj\Documents\hotels.ng\vendor\codeigniter4\framework\system\CodeIgniter.php(317): CodeIgniter\CodeIgniter->handleRequest(NULL, Object(Config\Cache), false)
#8 C:\Users\towoj\Documents\hotels.ng\public\index.php(37): CodeIgniter\CodeIgniter->run()
#9 C:\Users\towoj\Documents\hotels.ng\vendor\codeigniter4\framework\system\Commands\Server\rewrite.php(43): require_once('C:\\Users\\towoj\\...')
#10 {main}
CRITICAL - 2021-11-06 04:12:11 --> Allowed memory size of 536870912 bytes exhausted (tried to allocate 239079424 bytes)
#0 [internal function]: CodeIgniter\Debug\Exceptions->shutdownHandler()
#1 {main}
CRITICAL - 2021-11-06 04:12:23 --> Undefined variable: by_country
#0 C:\Users\towoj\Documents\hotels.ng\app\Views\welcome_message.php(212): CodeIgniter\Debug\Exceptions->errorHandler(8, 'Undefined varia...', 'C:\\Users\\towoj\\...', 212, Array)
#1 C:\Users\towoj\Documents\hotels.ng\vendor\codeigniter4\framework\system\View\View.php(214): include('C:\\Users\\towoj\\...')
#2 C:\Users\towoj\Documents\hotels.ng\vendor\codeigniter4\framework\system\View\View.php(217): CodeIgniter\View\View->CodeIgniter\View\{closure}()
#3 C:\Users\towoj\Documents\hotels.ng\vendor\codeigniter4\framework\system\Common.php(1093): CodeIgniter\View\View->render('welcome_message', Array, true)
#4 C:\Users\towoj\Documents\hotels.ng\app\Controllers\Home.php(27): view('welcome_message')
#5 C:\Users\towoj\Documents\hotels.ng\vendor\codeigniter4\framework\system\CodeIgniter.php(802): App\Controllers\Home->index()
#6 C:\Users\towoj\Documents\hotels.ng\vendor\codeigniter4\framework\system\CodeIgniter.php(399): CodeIgniter\CodeIgniter->runController(Object(App\Controllers\Home))
#7 C:\Users\towoj\Documents\hotels.ng\vendor\codeigniter4\framework\system\CodeIgniter.php(317): CodeIgniter\CodeIgniter->handleRequest(NULL, Object(Config\Cache), false)
#8 C:\Users\towoj\Documents\hotels.ng\public\index.php(37): CodeIgniter\CodeIgniter->run()
#9 C:\Users\towoj\Documents\hotels.ng\vendor\codeigniter4\framework\system\Commands\Server\rewrite.php(43): require_once('C:\\Users\\towoj\\...')
#10 {main}
CRITICAL - 2021-11-06 04:12:34 --> Allowed memory size of 536870912 bytes exhausted (tried to allocate 236982272 bytes)
#0 [internal function]: CodeIgniter\Debug\Exceptions->shutdownHandler()
#1 {main}
CRITICAL - 2021-11-06 04:49:54 --> Undefined variable: city
#0 C:\Users\towoj\Documents\hotels.ng\app\Views\welcome_message.php(374): CodeIgniter\Debug\Exceptions->errorHandler(8, 'Undefined varia...', 'C:\\Users\\towoj\\...', 374, Array)
#1 C:\Users\towoj\Documents\hotels.ng\vendor\codeigniter4\framework\system\View\View.php(214): include('C:\\Users\\towoj\\...')
#2 C:\Users\towoj\Documents\hotels.ng\vendor\codeigniter4\framework\system\View\View.php(217): CodeIgniter\View\View->CodeIgniter\View\{closure}()
#3 C:\Users\towoj\Documents\hotels.ng\vendor\codeigniter4\framework\system\Common.php(1093): CodeIgniter\View\View->render('welcome_message', Array, true)
#4 C:\Users\towoj\Documents\hotels.ng\app\Controllers\Home.php(26): view('welcome_message')
#5 C:\Users\towoj\Documents\hotels.ng\vendor\codeigniter4\framework\system\CodeIgniter.php(802): App\Controllers\Home->index()
#6 C:\Users\towoj\Documents\hotels.ng\vendor\codeigniter4\framework\system\CodeIgniter.php(399): CodeIgniter\CodeIgniter->runController(Object(App\Controllers\Home))
#7 C:\Users\towoj\Documents\hotels.ng\vendor\codeigniter4\framework\system\CodeIgniter.php(317): CodeIgniter\CodeIgniter->handleRequest(NULL, Object(Config\Cache), false)
#8 C:\Users\towoj\Documents\hotels.ng\public\index.php(37): CodeIgniter\CodeIgniter->run()
#9 C:\Users\towoj\Documents\hotels.ng\vendor\codeigniter4\framework\system\Commands\Server\rewrite.php(43): require_once('C:\\Users\\towoj\\...')
#10 {main}
