ERROR - 2021-11-11 00:27:30 --> Error connecting to the database: No connection could be made because the target machine actively refused it.

CRITICAL - 2021-11-11 00:27:30 --> Unable to connect to the database.
Main connection [MySQLi]: No connection could be made because the target machine actively refused it.

#0 C:\Users\towoj\Documents\hotels.ng\vendor\codeigniter4\framework\system\Database\BaseConnection.php(570): CodeIgniter\Database\BaseConnection->initialize()
#1 C:\Users\towoj\Documents\hotels.ng\vendor\codeigniter4\framework\system\Database\BaseBuilder.php(1428): CodeIgniter\Database\BaseConnection->query('SELECT *\nFROM `...', Array, false)
#2 C:\Users\towoj\Documents\hotels.ng\vendor\codeigniter4\framework\system\Model.php(142): CodeIgniter\Database\BaseBuilder->get()
#3 C:\Users\towoj\Documents\hotels.ng\vendor\codeigniter4\framework\system\BaseModel.php(523): CodeIgniter\Model->doFind(true, 1)
#4 C:\Users\towoj\Documents\hotels.ng\app\Controllers\BaseController.php(115): CodeIgniter\BaseModel->find(1)
#5 C:\Users\towoj\Documents\hotels.ng\vendor\codeigniter4\framework\system\CodeIgniter.php(780): App\Controllers\BaseController->initController(Object(CodeIgniter\HTTP\IncomingRequest), Object(CodeIgniter\HTTP\Response), Object(CodeIgniter\Log\Logger))
#6 C:\Users\towoj\Documents\hotels.ng\vendor\codeigniter4\framework\system\CodeIgniter.php(390): CodeIgniter\CodeIgniter->createController()
#7 C:\Users\towoj\Documents\hotels.ng\vendor\codeigniter4\framework\system\CodeIgniter.php(317): CodeIgniter\CodeIgniter->handleRequest(NULL, Object(Config\Cache), false)
#8 C:\Users\towoj\Documents\hotels.ng\public\index.php(37): CodeIgniter\CodeIgniter->run()
#9 C:\Users\towoj\Documents\hotels.ng\vendor\codeigniter4\framework\system\Commands\Server\rewrite.php(43): require_once('C:\\Users\\towoj\\...')
#10 {main}
CRITICAL - 2021-11-11 03:19:14 --> file_get_contents(): php_network_getaddresses: getaddrinfo failed: No such host is known. 
#0 [internal function]: CodeIgniter\Debug\Exceptions->errorHandler(2, 'file_get_conten...', 'C:\\Users\\towoj\\...', 1341, Array)
#1 C:\Users\towoj\Documents\hotels.ng\vendor\codeigniter4\framework\system\Common.php(1341): file_get_contents('http://www.geop...')
#2 C:\Users\towoj\Documents\hotels.ng\app\Controllers\BaseController.php(124): country_currency()
#3 C:\Users\towoj\Documents\hotels.ng\vendor\codeigniter4\framework\system\CodeIgniter.php(780): App\Controllers\BaseController->initController(Object(CodeIgniter\HTTP\IncomingRequest), Object(CodeIgniter\HTTP\Response), Object(CodeIgniter\Log\Logger))
#4 C:\Users\towoj\Documents\hotels.ng\vendor\codeigniter4\framework\system\CodeIgniter.php(390): CodeIgniter\CodeIgniter->createController()
#5 C:\Users\towoj\Documents\hotels.ng\vendor\codeigniter4\framework\system\CodeIgniter.php(317): CodeIgniter\CodeIgniter->handleRequest(NULL, Object(Config\Cache), false)
#6 C:\Users\towoj\Documents\hotels.ng\public\index.php(37): CodeIgniter\CodeIgniter->run()
#7 C:\Users\towoj\Documents\hotels.ng\vendor\codeigniter4\framework\system\Commands\Server\rewrite.php(43): require_once('C:\\Users\\towoj\\...')
#8 {main}
CRITICAL - 2021-11-11 15:37:18 --> Trying to access array offset on value of type null
#0 C:\Users\towoj\Documents\hotels.ng\vendor\codeigniter4\framework\system\Common.php(1323): CodeIgniter\Debug\Exceptions->errorHandler(8, 'Trying to acces...', 'C:\\Users\\towoj\\...', 1323, Array)
#1 C:\Users\towoj\Documents\hotels.ng\app\Views\welcome_message.php(366): convertedCurrency('10626', 'RUB')
#2 C:\Users\towoj\Documents\hotels.ng\vendor\codeigniter4\framework\system\View\View.php(214): include('C:\\Users\\towoj\\...')
#3 C:\Users\towoj\Documents\hotels.ng\vendor\codeigniter4\framework\system\View\View.php(217): CodeIgniter\View\View->CodeIgniter\View\{closure}()
#4 C:\Users\towoj\Documents\hotels.ng\vendor\codeigniter4\framework\system\Common.php(1102): CodeIgniter\View\View->render('welcome_message', Array, true)
#5 C:\Users\towoj\Documents\hotels.ng\app\Controllers\Home.php(27): view('welcome_message')
#6 C:\Users\towoj\Documents\hotels.ng\vendor\codeigniter4\framework\system\CodeIgniter.php(802): App\Controllers\Home->index()
#7 C:\Users\towoj\Documents\hotels.ng\vendor\codeigniter4\framework\system\CodeIgniter.php(399): CodeIgniter\CodeIgniter->runController(Object(App\Controllers\Home))
#8 C:\Users\towoj\Documents\hotels.ng\vendor\codeigniter4\framework\system\CodeIgniter.php(317): CodeIgniter\CodeIgniter->handleRequest(NULL, Object(Config\Cache), false)
#9 C:\Users\towoj\Documents\hotels.ng\public\index.php(37): CodeIgniter\CodeIgniter->run()
#10 C:\Users\towoj\Documents\hotels.ng\vendor\codeigniter4\framework\system\Commands\Server\rewrite.php(43): require_once('C:\\Users\\towoj\\...')
#11 {main}
CRITICAL - 2021-11-11 15:43:34 --> in_array() expects parameter 2 to be array, string given
#0 [internal function]: CodeIgniter\Debug\Exceptions->errorHandler(2, 'in_array() expe...', 'C:\\Users\\towoj\\...', 159, Array)
#1 C:\Users\towoj\Documents\hotels.ng\app\Views\search.php(159): in_array('Hotel', 'hotel')
#2 C:\Users\towoj\Documents\hotels.ng\vendor\codeigniter4\framework\system\View\View.php(214): include('C:\\Users\\towoj\\...')
#3 C:\Users\towoj\Documents\hotels.ng\vendor\codeigniter4\framework\system\View\View.php(217): CodeIgniter\View\View->CodeIgniter\View\{closure}()
#4 C:\Users\towoj\Documents\hotels.ng\vendor\codeigniter4\framework\system\Common.php(1102): CodeIgniter\View\View->render('search', Array, true)
#5 C:\Users\towoj\Documents\hotels.ng\app\Controllers\Home.php(96): view('search')
#6 C:\Users\towoj\Documents\hotels.ng\vendor\codeigniter4\framework\system\CodeIgniter.php(802): App\Controllers\Home->search()
#7 C:\Users\towoj\Documents\hotels.ng\vendor\codeigniter4\framework\system\CodeIgniter.php(399): CodeIgniter\CodeIgniter->runController(Object(App\Controllers\Home))
#8 C:\Users\towoj\Documents\hotels.ng\vendor\codeigniter4\framework\system\CodeIgniter.php(317): CodeIgniter\CodeIgniter->handleRequest(NULL, Object(Config\Cache), false)
#9 C:\Users\towoj\Documents\hotels.ng\public\index.php(37): CodeIgniter\CodeIgniter->run()
#10 C:\Users\towoj\Documents\hotels.ng\vendor\codeigniter4\framework\system\Commands\Server\rewrite.php(43): require_once('C:\\Users\\towoj\\...')
#11 {main}
CRITICAL - 2021-11-11 15:47:20 --> Undefined index: room_type
#0 C:\Users\towoj\Documents\hotels.ng\app\Views\search.php(11): CodeIgniter\Debug\Exceptions->errorHandler(8, 'Undefined index...', 'C:\\Users\\towoj\\...', 11, Array)
#1 C:\Users\towoj\Documents\hotels.ng\vendor\codeigniter4\framework\system\View\View.php(214): include('C:\\Users\\towoj\\...')
#2 C:\Users\towoj\Documents\hotels.ng\vendor\codeigniter4\framework\system\View\View.php(217): CodeIgniter\View\View->CodeIgniter\View\{closure}()
#3 C:\Users\towoj\Documents\hotels.ng\vendor\codeigniter4\framework\system\Common.php(1102): CodeIgniter\View\View->render('search', Array, true)
#4 C:\Users\towoj\Documents\hotels.ng\app\Controllers\Home.php(96): view('search')
#5 C:\Users\towoj\Documents\hotels.ng\vendor\codeigniter4\framework\system\CodeIgniter.php(802): App\Controllers\Home->search()
#6 C:\Users\towoj\Documents\hotels.ng\vendor\codeigniter4\framework\system\CodeIgniter.php(399): CodeIgniter\CodeIgniter->runController(Object(App\Controllers\Home))
#7 C:\Users\towoj\Documents\hotels.ng\vendor\codeigniter4\framework\system\CodeIgniter.php(317): CodeIgniter\CodeIgniter->handleRequest(NULL, Object(Config\Cache), false)
#8 C:\Users\towoj\Documents\hotels.ng\public\index.php(37): CodeIgniter\CodeIgniter->run()
#9 C:\Users\towoj\Documents\hotels.ng\vendor\codeigniter4\framework\system\Commands\Server\rewrite.php(43): require_once('C:\\Users\\towoj\\...')
#10 {main}
CRITICAL - 2021-11-11 15:47:51 --> Undefined index: checkin
#0 C:\Users\towoj\Documents\hotels.ng\app\Views\search.php(26): CodeIgniter\Debug\Exceptions->errorHandler(8, 'Undefined index...', 'C:\\Users\\towoj\\...', 26, Array)
#1 C:\Users\towoj\Documents\hotels.ng\vendor\codeigniter4\framework\system\View\View.php(214): include('C:\\Users\\towoj\\...')
#2 C:\Users\towoj\Documents\hotels.ng\vendor\codeigniter4\framework\system\View\View.php(217): CodeIgniter\View\View->CodeIgniter\View\{closure}()
#3 C:\Users\towoj\Documents\hotels.ng\vendor\codeigniter4\framework\system\Common.php(1102): CodeIgniter\View\View->render('search', Array, true)
#4 C:\Users\towoj\Documents\hotels.ng\app\Controllers\Home.php(96): view('search')
#5 C:\Users\towoj\Documents\hotels.ng\vendor\codeigniter4\framework\system\CodeIgniter.php(802): App\Controllers\Home->search()
#6 C:\Users\towoj\Documents\hotels.ng\vendor\codeigniter4\framework\system\CodeIgniter.php(399): CodeIgniter\CodeIgniter->runController(Object(App\Controllers\Home))
#7 C:\Users\towoj\Documents\hotels.ng\vendor\codeigniter4\framework\system\CodeIgniter.php(317): CodeIgniter\CodeIgniter->handleRequest(NULL, Object(Config\Cache), false)
#8 C:\Users\towoj\Documents\hotels.ng\public\index.php(37): CodeIgniter\CodeIgniter->run()
#9 C:\Users\towoj\Documents\hotels.ng\vendor\codeigniter4\framework\system\Commands\Server\rewrite.php(43): require_once('C:\\Users\\towoj\\...')
#10 {main}
CRITICAL - 2021-11-11 15:48:26 --> Undefined index: checkin
#0 C:\Users\towoj\Documents\hotels.ng\app\Views\search.php(26): CodeIgniter\Debug\Exceptions->errorHandler(8, 'Undefined index...', 'C:\\Users\\towoj\\...', 26, Array)
#1 C:\Users\towoj\Documents\hotels.ng\vendor\codeigniter4\framework\system\View\View.php(214): include('C:\\Users\\towoj\\...')
#2 C:\Users\towoj\Documents\hotels.ng\vendor\codeigniter4\framework\system\View\View.php(217): CodeIgniter\View\View->CodeIgniter\View\{closure}()
#3 C:\Users\towoj\Documents\hotels.ng\vendor\codeigniter4\framework\system\Common.php(1102): CodeIgniter\View\View->render('search', Array, true)
#4 C:\Users\towoj\Documents\hotels.ng\app\Controllers\Home.php(96): view('search')
#5 C:\Users\towoj\Documents\hotels.ng\vendor\codeigniter4\framework\system\CodeIgniter.php(802): App\Controllers\Home->search()
#6 C:\Users\towoj\Documents\hotels.ng\vendor\codeigniter4\framework\system\CodeIgniter.php(399): CodeIgniter\CodeIgniter->runController(Object(App\Controllers\Home))
#7 C:\Users\towoj\Documents\hotels.ng\vendor\codeigniter4\framework\system\CodeIgniter.php(317): CodeIgniter\CodeIgniter->handleRequest(NULL, Object(Config\Cache), false)
#8 C:\Users\towoj\Documents\hotels.ng\public\index.php(37): CodeIgniter\CodeIgniter->run()
#9 C:\Users\towoj\Documents\hotels.ng\vendor\codeigniter4\framework\system\Commands\Server\rewrite.php(43): require_once('C:\\Users\\towoj\\...')
#10 {main}
CRITICAL - 2021-11-11 15:50:04 --> Undefined variable: city
#0 C:\Users\towoj\Documents\hotels.ng\app\Controllers\Home.php(62): CodeIgniter\Debug\Exceptions->errorHandler(8, 'Undefined varia...', 'C:\\Users\\towoj\\...', 62, Array)
#1 C:\Users\towoj\Documents\hotels.ng\vendor\codeigniter4\framework\system\CodeIgniter.php(802): App\Controllers\Home->search()
#2 C:\Users\towoj\Documents\hotels.ng\vendor\codeigniter4\framework\system\CodeIgniter.php(399): CodeIgniter\CodeIgniter->runController(Object(App\Controllers\Home))
#3 C:\Users\towoj\Documents\hotels.ng\vendor\codeigniter4\framework\system\CodeIgniter.php(317): CodeIgniter\CodeIgniter->handleRequest(NULL, Object(Config\Cache), false)
#4 C:\Users\towoj\Documents\hotels.ng\public\index.php(37): CodeIgniter\CodeIgniter->run()
#5 C:\Users\towoj\Documents\hotels.ng\vendor\codeigniter4\framework\system\Commands\Server\rewrite.php(43): require_once('C:\\Users\\towoj\\...')
#6 {main}
