CRITICAL - 2021-09-30 06:56:18 --> Undefined array key "hotel_id"
#0 /home/anonymous/Desktop/Projects/hotels.ng/app/Controllers/Hotels.php(202): CodeIgniter\Debug\Exceptions->errorHandler()
#1 /home/anonymous/Desktop/Projects/hotels.ng/vendor/codeigniter4/framework/system/CodeIgniter.php(802): App\Controllers\Hotels->viewHotel()
#2 /home/anonymous/Desktop/Projects/hotels.ng/vendor/codeigniter4/framework/system/CodeIgniter.php(399): CodeIgniter\CodeIgniter->runController()
#3 /home/anonymous/Desktop/Projects/hotels.ng/vendor/codeigniter4/framework/system/CodeIgniter.php(317): CodeIgniter\CodeIgniter->handleRequest()
#4 /home/anonymous/Desktop/Projects/hotels.ng/public/index.php(37): CodeIgniter\CodeIgniter->run()
#5 /home/anonymous/Desktop/Projects/hotels.ng/vendor/codeigniter4/framework/system/Commands/Server/rewrite.php(43): require_once('...')
#6 {main}
CRITICAL - 2021-09-30 06:56:21 --> Undefined array key "hotel_id"
#0 /home/anonymous/Desktop/Projects/hotels.ng/app/Controllers/Hotels.php(202): CodeIgniter\Debug\Exceptions->errorHandler()
#1 /home/anonymous/Desktop/Projects/hotels.ng/vendor/codeigniter4/framework/system/CodeIgniter.php(802): App\Controllers\Hotels->viewHotel()
#2 /home/anonymous/Desktop/Projects/hotels.ng/vendor/codeigniter4/framework/system/CodeIgniter.php(399): CodeIgniter\CodeIgniter->runController()
#3 /home/anonymous/Desktop/Projects/hotels.ng/vendor/codeigniter4/framework/system/CodeIgniter.php(317): CodeIgniter\CodeIgniter->handleRequest()
#4 /home/anonymous/Desktop/Projects/hotels.ng/public/index.php(37): CodeIgniter\CodeIgniter->run()
#5 /home/anonymous/Desktop/Projects/hotels.ng/vendor/codeigniter4/framework/system/Commands/Server/rewrite.php(43): require_once('...')
#6 {main}
CRITICAL - 2021-09-30 08:11:08 --> Undefined array key "hotel_id"
#0 /home/anonymous/Desktop/Projects/hotels.ng/app/Controllers/Hotels.php(202): CodeIgniter\Debug\Exceptions->errorHandler()
#1 /home/anonymous/Desktop/Projects/hotels.ng/vendor/codeigniter4/framework/system/CodeIgniter.php(802): App\Controllers\Hotels->viewHotel()
#2 /home/anonymous/Desktop/Projects/hotels.ng/vendor/codeigniter4/framework/system/CodeIgniter.php(399): CodeIgniter\CodeIgniter->runController()
#3 /home/anonymous/Desktop/Projects/hotels.ng/vendor/codeigniter4/framework/system/CodeIgniter.php(317): CodeIgniter\CodeIgniter->handleRequest()
#4 /home/anonymous/Desktop/Projects/hotels.ng/public/index.php(37): CodeIgniter\CodeIgniter->run()
#5 /home/anonymous/Desktop/Projects/hotels.ng/vendor/codeigniter4/framework/system/Commands/Server/rewrite.php(43): require_once('...')
#6 {main}
CRITICAL - 2021-09-30 08:11:17 --> Undefined array key "hotel_id"
#0 /home/anonymous/Desktop/Projects/hotels.ng/app/Controllers/Hotels.php(202): CodeIgniter\Debug\Exceptions->errorHandler()
#1 /home/anonymous/Desktop/Projects/hotels.ng/vendor/codeigniter4/framework/system/CodeIgniter.php(802): App\Controllers\Hotels->viewHotel()
#2 /home/anonymous/Desktop/Projects/hotels.ng/vendor/codeigniter4/framework/system/CodeIgniter.php(399): CodeIgniter\CodeIgniter->runController()
#3 /home/anonymous/Desktop/Projects/hotels.ng/vendor/codeigniter4/framework/system/CodeIgniter.php(317): CodeIgniter\CodeIgniter->handleRequest()
#4 /home/anonymous/Desktop/Projects/hotels.ng/public/index.php(37): CodeIgniter\CodeIgniter->run()
#5 /home/anonymous/Desktop/Projects/hotels.ng/vendor/codeigniter4/framework/system/Commands/Server/rewrite.php(43): require_once('...')
#6 {main}
CRITICAL - 2021-09-30 09:04:24 --> Undefined array key "hotel_id"
#0 /home/anonymous/Desktop/Projects/hotels.ng/app/Controllers/Hotels.php(202): CodeIgniter\Debug\Exceptions->errorHandler()
#1 /home/anonymous/Desktop/Projects/hotels.ng/vendor/codeigniter4/framework/system/CodeIgniter.php(802): App\Controllers\Hotels->viewHotel()
#2 /home/anonymous/Desktop/Projects/hotels.ng/vendor/codeigniter4/framework/system/CodeIgniter.php(399): CodeIgniter\CodeIgniter->runController()
#3 /home/anonymous/Desktop/Projects/hotels.ng/vendor/codeigniter4/framework/system/CodeIgniter.php(317): CodeIgniter\CodeIgniter->handleRequest()
#4 /home/anonymous/Desktop/Projects/hotels.ng/public/index.php(37): CodeIgniter\CodeIgniter->run()
#5 /home/anonymous/Desktop/Projects/hotels.ng/vendor/codeigniter4/framework/system/Commands/Server/rewrite.php(43): require_once('...')
#6 {main}
CRITICAL - 2021-09-30 09:39:14 --> Trying to access array offset on value of type null
#0 /home/anonymous/Desktop/Projects/hotels.ng/app/Views/hotels/single.php(150): CodeIgniter\Debug\Exceptions->errorHandler()
#1 /home/anonymous/Desktop/Projects/hotels.ng/vendor/codeigniter4/framework/system/View/View.php(214): include('...')
#2 /home/anonymous/Desktop/Projects/hotels.ng/vendor/codeigniter4/framework/system/View/View.php(217): CodeIgniter\View\View->CodeIgniter\View\{closure}()
#3 /home/anonymous/Desktop/Projects/hotels.ng/vendor/codeigniter4/framework/system/Common.php(1093): CodeIgniter\View\View->render()
#4 /home/anonymous/Desktop/Projects/hotels.ng/app/Controllers/Hotels.php(212): view()
#5 /home/anonymous/Desktop/Projects/hotels.ng/vendor/codeigniter4/framework/system/CodeIgniter.php(802): App\Controllers\Hotels->viewHotel()
#6 /home/anonymous/Desktop/Projects/hotels.ng/vendor/codeigniter4/framework/system/CodeIgniter.php(399): CodeIgniter\CodeIgniter->runController()
#7 /home/anonymous/Desktop/Projects/hotels.ng/vendor/codeigniter4/framework/system/CodeIgniter.php(317): CodeIgniter\CodeIgniter->handleRequest()
#8 /home/anonymous/Desktop/Projects/hotels.ng/public/index.php(37): CodeIgniter\CodeIgniter->run()
#9 /home/anonymous/Desktop/Projects/hotels.ng/vendor/codeigniter4/framework/system/Commands/Server/rewrite.php(43): require_once('...')
#10 {main}
