CRITICAL - 2021-10-01 10:01:47 --> foreach() argument must be of type array|object, null given
#0 /home/anonymous/Desktop/Projects/hotels.ng/app/Views/hotels/single.php(4): CodeIgniter\Debug\Exceptions->errorHandler()
#1 /home/anonymous/Desktop/Projects/hotels.ng/vendor/codeigniter4/framework/system/View/View.php(214): include('...')
#2 /home/anonymous/Desktop/Projects/hotels.ng/vendor/codeigniter4/framework/system/View/View.php(217): CodeIgniter\View\View->CodeIgniter\View\{closure}()
#3 /home/anonymous/Desktop/Projects/hotels.ng/vendor/codeigniter4/framework/system/Common.php(1093): CodeIgniter\View\View->render()
#4 /home/anonymous/Desktop/Projects/hotels.ng/app/Controllers/Hotels.php(212): view()
#5 /home/anonymous/Desktop/Projects/hotels.ng/vendor/codeigniter4/framework/system/CodeIgniter.php(802): App\Controllers\Hotels->viewHotel()
#6 /home/anonymous/Desktop/Projects/hotels.ng/vendor/codeigniter4/framework/system/CodeIgniter.php(399): CodeIgniter\CodeIgniter->runController()
#7 /home/anonymous/Desktop/Projects/hotels.ng/vendor/codeigniter4/framework/system/CodeIgniter.php(317): CodeIgniter\CodeIgniter->handleRequest()
#8 /home/anonymous/Desktop/Projects/hotels.ng/public/index.php(37): CodeIgniter\CodeIgniter->run()
#9 /home/anonymous/Desktop/Projects/hotels.ng/vendor/codeigniter4/framework/system/Commands/Server/rewrite.php(43): require_once('...')
#10 {main}
CRITICAL - 2021-10-01 10:01:51 --> syntax error, unexpected token "=", expecting "]"
#0 /home/anonymous/Desktop/Projects/hotels.ng/vendor/codeigniter4/framework/system/Language/Language.php(223): CodeIgniter\Language\Language->requireFile()
#1 /home/anonymous/Desktop/Projects/hotels.ng/vendor/codeigniter4/framework/system/Language/Language.php(164): CodeIgniter\Language\Language->load()
#2 /home/anonymous/Desktop/Projects/hotels.ng/vendor/codeigniter4/framework/system/Language/Language.php(99): CodeIgniter\Language\Language->parseLine()
#3 /home/anonymous/Desktop/Projects/hotels.ng/vendor/codeigniter4/framework/system/Common.php(730): CodeIgniter\Language\Language->getLine()
#4 /home/anonymous/Desktop/Projects/hotels.ng/app/Views/parts/header.php(9): lang()
#5 /home/anonymous/Desktop/Projects/hotels.ng/vendor/codeigniter4/framework/system/View/View.php(214): include('...')
#6 /home/anonymous/Desktop/Projects/hotels.ng/vendor/codeigniter4/framework/system/View/View.php(217): CodeIgniter\View\View->CodeIgniter\View\{closure}()
#7 /home/anonymous/Desktop/Projects/hotels.ng/vendor/codeigniter4/framework/system/Common.php(1093): CodeIgniter\View\View->render()
#8 /home/anonymous/Desktop/Projects/hotels.ng/app/Controllers/Home.php(38): view()
#9 /home/anonymous/Desktop/Projects/hotels.ng/vendor/codeigniter4/framework/system/CodeIgniter.php(802): App\Controllers\Home->index()
#10 /home/anonymous/Desktop/Projects/hotels.ng/vendor/codeigniter4/framework/system/CodeIgniter.php(399): CodeIgniter\CodeIgniter->runController()
#11 /home/anonymous/Desktop/Projects/hotels.ng/vendor/codeigniter4/framework/system/CodeIgniter.php(317): CodeIgniter\CodeIgniter->handleRequest()
#12 /home/anonymous/Desktop/Projects/hotels.ng/public/index.php(37): CodeIgniter\CodeIgniter->run()
#13 /home/anonymous/Desktop/Projects/hotels.ng/vendor/codeigniter4/framework/system/Commands/Server/rewrite.php(43): require_once('...')
#14 {main}
CRITICAL - 2021-10-01 15:24:24 --> Invalid file: customer/dashboard.php
#0 /home/anonymous/Desktop/Projects/hotels.ng/vendor/codeigniter4/framework/system/View/View.php(198): CodeIgniter\Exceptions\FrameworkException::forInvalidFile()
#1 /home/anonymous/Desktop/Projects/hotels.ng/vendor/codeigniter4/framework/system/Common.php(1093): CodeIgniter\View\View->render()
#2 /home/anonymous/Desktop/Projects/hotels.ng/app/Controllers/Users.php(16): view()
#3 /home/anonymous/Desktop/Projects/hotels.ng/vendor/codeigniter4/framework/system/CodeIgniter.php(802): App\Controllers\Users->dashboard()
#4 /home/anonymous/Desktop/Projects/hotels.ng/vendor/codeigniter4/framework/system/CodeIgniter.php(399): CodeIgniter\CodeIgniter->runController()
#5 /home/anonymous/Desktop/Projects/hotels.ng/vendor/codeigniter4/framework/system/CodeIgniter.php(317): CodeIgniter\CodeIgniter->handleRequest()
#6 /home/anonymous/Desktop/Projects/hotels.ng/public/index.php(37): CodeIgniter\CodeIgniter->run()
#7 /home/anonymous/Desktop/Projects/hotels.ng/vendor/codeigniter4/framework/system/Commands/Server/rewrite.php(43): require_once('...')
#8 {main}
CRITICAL - 2021-10-01 15:29:02 --> Invalid file: customer/dashboard.php
#0 /home/anonymous/Desktop/Projects/hotels.ng/vendor/codeigniter4/framework/system/View/View.php(198): CodeIgniter\Exceptions\FrameworkException::forInvalidFile()
#1 /home/anonymous/Desktop/Projects/hotels.ng/vendor/codeigniter4/framework/system/Common.php(1093): CodeIgniter\View\View->render()
#2 /home/anonymous/Desktop/Projects/hotels.ng/app/Controllers/Users.php(16): view()
#3 /home/anonymous/Desktop/Projects/hotels.ng/vendor/codeigniter4/framework/system/CodeIgniter.php(802): App\Controllers\Users->dashboard()
#4 /home/anonymous/Desktop/Projects/hotels.ng/vendor/codeigniter4/framework/system/CodeIgniter.php(399): CodeIgniter\CodeIgniter->runController()
#5 /home/anonymous/Desktop/Projects/hotels.ng/vendor/codeigniter4/framework/system/CodeIgniter.php(317): CodeIgniter\CodeIgniter->handleRequest()
#6 /home/anonymous/Desktop/Projects/hotels.ng/public/index.php(37): CodeIgniter\CodeIgniter->run()
#7 /home/anonymous/Desktop/Projects/hotels.ng/vendor/codeigniter4/framework/system/Commands/Server/rewrite.php(43): require_once('...')
#8 {main}
