CRITICAL - 2021-11-07 02:34:02 --> Undefined index: currenncy
#0 C:\Users\towoj\Documents\hotels.ng\app\Views\hotels\single.php(54): CodeIgniter\Debug\Exceptions->errorHandler(8, 'Undefined index...', 'C:\\Users\\towoj\\...', 54, Array)
#1 C:\Users\towoj\Documents\hotels.ng\vendor\codeigniter4\framework\system\View\View.php(214): include('C:\\Users\\towoj\\...')
#2 C:\Users\towoj\Documents\hotels.ng\vendor\codeigniter4\framework\system\View\View.php(217): CodeIgniter\View\View->CodeIgniter\View\{closure}()
#3 C:\Users\towoj\Documents\hotels.ng\vendor\codeigniter4\framework\system\Common.php(1093): CodeIgniter\View\View->render('hotels/single', Array, true)
#4 C:\Users\towoj\Documents\hotels.ng\app\Controllers\Hotels.php(206): view('hotels/single')
#5 C:\Users\towoj\Documents\hotels.ng\vendor\codeigniter4\framework\system\CodeIgniter.php(802): App\Controllers\Hotels->viewHotel()
#6 C:\Users\towoj\Documents\hotels.ng\vendor\codeigniter4\framework\system\CodeIgniter.php(399): CodeIgniter\CodeIgniter->runController(Object(App\Controllers\Hotels))
#7 C:\Users\towoj\Documents\hotels.ng\vendor\codeigniter4\framework\system\CodeIgniter.php(317): CodeIgniter\CodeIgniter->handleRequest(NULL, Object(Config\Cache), false)
#8 C:\Users\towoj\Documents\hotels.ng\public\index.php(37): CodeIgniter\CodeIgniter->run()
#9 C:\Users\towoj\Documents\hotels.ng\vendor\codeigniter4\framework\system\Commands\Server\rewrite.php(43): require_once('C:\\Users\\towoj\\...')
#10 {main}
CRITICAL - 2021-11-07 02:34:33 --> Undefined index: currenncycode
#0 C:\Users\towoj\Documents\hotels.ng\app\Views\hotels\single.php(54): CodeIgniter\Debug\Exceptions->errorHandler(8, 'Undefined index...', 'C:\\Users\\towoj\\...', 54, Array)
#1 C:\Users\towoj\Documents\hotels.ng\vendor\codeigniter4\framework\system\View\View.php(214): include('C:\\Users\\towoj\\...')
#2 C:\Users\towoj\Documents\hotels.ng\vendor\codeigniter4\framework\system\View\View.php(217): CodeIgniter\View\View->CodeIgniter\View\{closure}()
#3 C:\Users\towoj\Documents\hotels.ng\vendor\codeigniter4\framework\system\Common.php(1093): CodeIgniter\View\View->render('hotels/single', Array, true)
#4 C:\Users\towoj\Documents\hotels.ng\app\Controllers\Hotels.php(206): view('hotels/single')
#5 C:\Users\towoj\Documents\hotels.ng\vendor\codeigniter4\framework\system\CodeIgniter.php(802): App\Controllers\Hotels->viewHotel()
#6 C:\Users\towoj\Documents\hotels.ng\vendor\codeigniter4\framework\system\CodeIgniter.php(399): CodeIgniter\CodeIgniter->runController(Object(App\Controllers\Hotels))
#7 C:\Users\towoj\Documents\hotels.ng\vendor\codeigniter4\framework\system\CodeIgniter.php(317): CodeIgniter\CodeIgniter->handleRequest(NULL, Object(Config\Cache), false)
#8 C:\Users\towoj\Documents\hotels.ng\public\index.php(37): CodeIgniter\CodeIgniter->run()
#9 C:\Users\towoj\Documents\hotels.ng\vendor\codeigniter4\framework\system\Commands\Server\rewrite.php(43): require_once('C:\\Users\\towoj\\...')
#10 {main}
CRITICAL - 2021-11-07 02:41:46 --> Undefined index: 
#0 C:\Users\towoj\Documents\hotels.ng\vendor\codeigniter4\framework\system\Common.php(1315): CodeIgniter\Debug\Exceptions->errorHandler(8, 'Undefined index...', 'C:\\Users\\towoj\\...', 1315, Array)
#1 C:\Users\towoj\Documents\hotels.ng\app\Views\hotels\single.php(54): convertedCurrency('72', 'USD')
#2 C:\Users\towoj\Documents\hotels.ng\vendor\codeigniter4\framework\system\View\View.php(214): include('C:\\Users\\towoj\\...')
#3 C:\Users\towoj\Documents\hotels.ng\vendor\codeigniter4\framework\system\View\View.php(217): CodeIgniter\View\View->CodeIgniter\View\{closure}()
#4 C:\Users\towoj\Documents\hotels.ng\vendor\codeigniter4\framework\system\Common.php(1093): CodeIgniter\View\View->render('hotels/single', Array, true)
#5 C:\Users\towoj\Documents\hotels.ng\app\Controllers\Hotels.php(206): view('hotels/single')
#6 C:\Users\towoj\Documents\hotels.ng\vendor\codeigniter4\framework\system\CodeIgniter.php(802): App\Controllers\Hotels->viewHotel()
#7 C:\Users\towoj\Documents\hotels.ng\vendor\codeigniter4\framework\system\CodeIgniter.php(399): CodeIgniter\CodeIgniter->runController(Object(App\Controllers\Hotels))
#8 C:\Users\towoj\Documents\hotels.ng\vendor\codeigniter4\framework\system\CodeIgniter.php(317): CodeIgniter\CodeIgniter->handleRequest(NULL, Object(Config\Cache), false)
#9 C:\Users\towoj\Documents\hotels.ng\public\index.php(37): CodeIgniter\CodeIgniter->run()
#10 C:\Users\towoj\Documents\hotels.ng\vendor\codeigniter4\framework\system\Commands\Server\rewrite.php(43): require_once('C:\\Users\\towoj\\...')
#11 {main}
CRITICAL - 2021-11-07 02:42:26 --> Undefined index: 
#0 C:\Users\towoj\Documents\hotels.ng\vendor\codeigniter4\framework\system\Common.php(1315): CodeIgniter\Debug\Exceptions->errorHandler(8, 'Undefined index...', 'C:\\Users\\towoj\\...', 1315, Array)
#1 C:\Users\towoj\Documents\hotels.ng\app\Views\hotels\single.php(54): convertedCurrency('72', 'USD')
#2 C:\Users\towoj\Documents\hotels.ng\vendor\codeigniter4\framework\system\View\View.php(214): include('C:\\Users\\towoj\\...')
#3 C:\Users\towoj\Documents\hotels.ng\vendor\codeigniter4\framework\system\View\View.php(217): CodeIgniter\View\View->CodeIgniter\View\{closure}()
#4 C:\Users\towoj\Documents\hotels.ng\vendor\codeigniter4\framework\system\Common.php(1093): CodeIgniter\View\View->render('hotels/single', Array, true)
#5 C:\Users\towoj\Documents\hotels.ng\app\Controllers\Hotels.php(206): view('hotels/single')
#6 C:\Users\towoj\Documents\hotels.ng\vendor\codeigniter4\framework\system\CodeIgniter.php(802): App\Controllers\Hotels->viewHotel()
#7 C:\Users\towoj\Documents\hotels.ng\vendor\codeigniter4\framework\system\CodeIgniter.php(399): CodeIgniter\CodeIgniter->runController(Object(App\Controllers\Hotels))
#8 C:\Users\towoj\Documents\hotels.ng\vendor\codeigniter4\framework\system\CodeIgniter.php(317): CodeIgniter\CodeIgniter->handleRequest(NULL, Object(Config\Cache), false)
#9 C:\Users\towoj\Documents\hotels.ng\public\index.php(37): CodeIgniter\CodeIgniter->run()
#10 C:\Users\towoj\Documents\hotels.ng\vendor\codeigniter4\framework\system\Commands\Server\rewrite.php(43): require_once('C:\\Users\\towoj\\...')
#11 {main}
CRITICAL - 2021-11-07 02:42:36 --> Undefined index: 
#0 C:\Users\towoj\Documents\hotels.ng\vendor\codeigniter4\framework\system\Common.php(1315): CodeIgniter\Debug\Exceptions->errorHandler(8, 'Undefined index...', 'C:\\Users\\towoj\\...', 1315, Array)
#1 C:\Users\towoj\Documents\hotels.ng\app\Views\hotels\single.php(54): convertedCurrency('72', 'USD')
#2 C:\Users\towoj\Documents\hotels.ng\vendor\codeigniter4\framework\system\View\View.php(214): include('C:\\Users\\towoj\\...')
#3 C:\Users\towoj\Documents\hotels.ng\vendor\codeigniter4\framework\system\View\View.php(217): CodeIgniter\View\View->CodeIgniter\View\{closure}()
#4 C:\Users\towoj\Documents\hotels.ng\vendor\codeigniter4\framework\system\Common.php(1093): CodeIgniter\View\View->render('hotels/single', Array, true)
#5 C:\Users\towoj\Documents\hotels.ng\app\Controllers\Hotels.php(206): view('hotels/single')
#6 C:\Users\towoj\Documents\hotels.ng\vendor\codeigniter4\framework\system\CodeIgniter.php(802): App\Controllers\Hotels->viewHotel()
#7 C:\Users\towoj\Documents\hotels.ng\vendor\codeigniter4\framework\system\CodeIgniter.php(399): CodeIgniter\CodeIgniter->runController(Object(App\Controllers\Hotels))
#8 C:\Users\towoj\Documents\hotels.ng\vendor\codeigniter4\framework\system\CodeIgniter.php(317): CodeIgniter\CodeIgniter->handleRequest(NULL, Object(Config\Cache), false)
#9 C:\Users\towoj\Documents\hotels.ng\public\index.php(37): CodeIgniter\CodeIgniter->run()
#10 C:\Users\towoj\Documents\hotels.ng\vendor\codeigniter4\framework\system\Commands\Server\rewrite.php(43): require_once('C:\\Users\\towoj\\...')
#11 {main}
CRITICAL - 2021-11-07 02:45:53 --> Use of undefined constant REMOTE_ADDR - assumed 'REMOTE_ADDR' (this will throw an Error in a future version of PHP)
#0 C:\Users\towoj\Documents\hotels.ng\vendor\codeigniter4\framework\system\Common.php(1331): CodeIgniter\Debug\Exceptions->errorHandler(2, 'Use of undefine...', 'C:\\Users\\towoj\\...', 1331, Array)
#1 C:\Users\towoj\Documents\hotels.ng\app\Controllers\BaseController.php(124): country_currency()
#2 C:\Users\towoj\Documents\hotels.ng\vendor\codeigniter4\framework\system\CodeIgniter.php(780): App\Controllers\BaseController->initController(Object(CodeIgniter\HTTP\IncomingRequest), Object(CodeIgniter\HTTP\Response), Object(CodeIgniter\Log\Logger))
#3 C:\Users\towoj\Documents\hotels.ng\vendor\codeigniter4\framework\system\CodeIgniter.php(390): CodeIgniter\CodeIgniter->createController()
#4 C:\Users\towoj\Documents\hotels.ng\vendor\codeigniter4\framework\system\CodeIgniter.php(317): CodeIgniter\CodeIgniter->handleRequest(NULL, Object(Config\Cache), false)
#5 C:\Users\towoj\Documents\hotels.ng\public\index.php(37): CodeIgniter\CodeIgniter->run()
#6 C:\Users\towoj\Documents\hotels.ng\vendor\codeigniter4\framework\system\Commands\Server\rewrite.php(43): require_once('C:\\Users\\towoj\\...')
#7 {main}
CRITICAL - 2021-11-07 02:46:21 --> Undefined index: 
#0 C:\Users\towoj\Documents\hotels.ng\vendor\codeigniter4\framework\system\Common.php(1324): CodeIgniter\Debug\Exceptions->errorHandler(8, 'Undefined index...', 'C:\\Users\\towoj\\...', 1324, Array)
#1 C:\Users\towoj\Documents\hotels.ng\app\Views\hotels\single.php(54): convertedCurrency('72', 'USD')
#2 C:\Users\towoj\Documents\hotels.ng\vendor\codeigniter4\framework\system\View\View.php(214): include('C:\\Users\\towoj\\...')
#3 C:\Users\towoj\Documents\hotels.ng\vendor\codeigniter4\framework\system\View\View.php(217): CodeIgniter\View\View->CodeIgniter\View\{closure}()
#4 C:\Users\towoj\Documents\hotels.ng\vendor\codeigniter4\framework\system\Common.php(1102): CodeIgniter\View\View->render('hotels/single', Array, true)
#5 C:\Users\towoj\Documents\hotels.ng\app\Controllers\Hotels.php(206): view('hotels/single')
#6 C:\Users\towoj\Documents\hotels.ng\vendor\codeigniter4\framework\system\CodeIgniter.php(802): App\Controllers\Hotels->viewHotel()
#7 C:\Users\towoj\Documents\hotels.ng\vendor\codeigniter4\framework\system\CodeIgniter.php(399): CodeIgniter\CodeIgniter->runController(Object(App\Controllers\Hotels))
#8 C:\Users\towoj\Documents\hotels.ng\vendor\codeigniter4\framework\system\CodeIgniter.php(317): CodeIgniter\CodeIgniter->handleRequest(NULL, Object(Config\Cache), false)
#9 C:\Users\towoj\Documents\hotels.ng\public\index.php(37): CodeIgniter\CodeIgniter->run()
#10 C:\Users\towoj\Documents\hotels.ng\vendor\codeigniter4\framework\system\Commands\Server\rewrite.php(43): require_once('C:\\Users\\towoj\\...')
#11 {main}
CRITICAL - 2021-11-07 02:47:33 --> Undefined index: 
#0 C:\Users\towoj\Documents\hotels.ng\vendor\codeigniter4\framework\system\Common.php(1326): CodeIgniter\Debug\Exceptions->errorHandler(8, 'Undefined index...', 'C:\\Users\\towoj\\...', 1326, Array)
#1 C:\Users\towoj\Documents\hotels.ng\app\Views\hotels\single.php(54): convertedCurrency('72', 'USD')
#2 C:\Users\towoj\Documents\hotels.ng\vendor\codeigniter4\framework\system\View\View.php(214): include('C:\\Users\\towoj\\...')
#3 C:\Users\towoj\Documents\hotels.ng\vendor\codeigniter4\framework\system\View\View.php(217): CodeIgniter\View\View->CodeIgniter\View\{closure}()
#4 C:\Users\towoj\Documents\hotels.ng\vendor\codeigniter4\framework\system\Common.php(1104): CodeIgniter\View\View->render('hotels/single', Array, true)
#5 C:\Users\towoj\Documents\hotels.ng\app\Controllers\Hotels.php(206): view('hotels/single')
#6 C:\Users\towoj\Documents\hotels.ng\vendor\codeigniter4\framework\system\CodeIgniter.php(802): App\Controllers\Hotels->viewHotel()
#7 C:\Users\towoj\Documents\hotels.ng\vendor\codeigniter4\framework\system\CodeIgniter.php(399): CodeIgniter\CodeIgniter->runController(Object(App\Controllers\Hotels))
#8 C:\Users\towoj\Documents\hotels.ng\vendor\codeigniter4\framework\system\CodeIgniter.php(317): CodeIgniter\CodeIgniter->handleRequest(NULL, Object(Config\Cache), false)
#9 C:\Users\towoj\Documents\hotels.ng\public\index.php(37): CodeIgniter\CodeIgniter->run()
#10 C:\Users\towoj\Documents\hotels.ng\vendor\codeigniter4\framework\system\Commands\Server\rewrite.php(43): require_once('C:\\Users\\towoj\\...')
#11 {main}
CRITICAL - 2021-11-07 02:48:05 --> Undefined index: 
#0 C:\Users\towoj\Documents\hotels.ng\vendor\codeigniter4\framework\system\Common.php(1326): CodeIgniter\Debug\Exceptions->errorHandler(8, 'Undefined index...', 'C:\\Users\\towoj\\...', 1326, Array)
#1 C:\Users\towoj\Documents\hotels.ng\app\Views\hotels\single.php(54): convertedCurrency('72', 'USD')
#2 C:\Users\towoj\Documents\hotels.ng\vendor\codeigniter4\framework\system\View\View.php(214): include('C:\\Users\\towoj\\...')
#3 C:\Users\towoj\Documents\hotels.ng\vendor\codeigniter4\framework\system\View\View.php(217): CodeIgniter\View\View->CodeIgniter\View\{closure}()
#4 C:\Users\towoj\Documents\hotels.ng\vendor\codeigniter4\framework\system\Common.php(1104): CodeIgniter\View\View->render('hotels/single', Array, true)
#5 C:\Users\towoj\Documents\hotels.ng\app\Controllers\Hotels.php(206): view('hotels/single')
#6 C:\Users\towoj\Documents\hotels.ng\vendor\codeigniter4\framework\system\CodeIgniter.php(802): App\Controllers\Hotels->viewHotel()
#7 C:\Users\towoj\Documents\hotels.ng\vendor\codeigniter4\framework\system\CodeIgniter.php(399): CodeIgniter\CodeIgniter->runController(Object(App\Controllers\Hotels))
#8 C:\Users\towoj\Documents\hotels.ng\vendor\codeigniter4\framework\system\CodeIgniter.php(317): CodeIgniter\CodeIgniter->handleRequest(NULL, Object(Config\Cache), false)
#9 C:\Users\towoj\Documents\hotels.ng\public\index.php(37): CodeIgniter\CodeIgniter->run()
#10 C:\Users\towoj\Documents\hotels.ng\vendor\codeigniter4\framework\system\Commands\Server\rewrite.php(43): require_once('C:\\Users\\towoj\\...')
#11 {main}
CRITICAL - 2021-11-07 03:32:06 --> Undefined variable: data
#0 C:\Users\towoj\Documents\hotels.ng\app\Controllers\Home.php(304): CodeIgniter\Debug\Exceptions->errorHandler(8, 'Undefined varia...', 'C:\\Users\\towoj\\...', 304, Array)
#1 C:\Users\towoj\Documents\hotels.ng\vendor\codeigniter4\framework\system\CodeIgniter.php(802): App\Controllers\Home->add_order('1411962')
#2 C:\Users\towoj\Documents\hotels.ng\vendor\codeigniter4\framework\system\CodeIgniter.php(399): CodeIgniter\CodeIgniter->runController(Object(App\Controllers\Home))
#3 C:\Users\towoj\Documents\hotels.ng\vendor\codeigniter4\framework\system\CodeIgniter.php(317): CodeIgniter\CodeIgniter->handleRequest(NULL, Object(Config\Cache), false)
#4 C:\Users\towoj\Documents\hotels.ng\public\index.php(37): CodeIgniter\CodeIgniter->run()
#5 C:\Users\towoj\Documents\hotels.ng\vendor\codeigniter4\framework\system\Commands\Server\rewrite.php(43): require_once('C:\\Users\\towoj\\...')
#6 {main}
CRITICAL - 2021-11-07 03:32:20 --> Undefined index: hotel_id
#0 C:\Users\towoj\Documents\hotels.ng\app\Views\hotels\book_hotel.php(17): CodeIgniter\Debug\Exceptions->errorHandler(8, 'Undefined index...', 'C:\\Users\\towoj\\...', 17, Array)
#1 C:\Users\towoj\Documents\hotels.ng\vendor\codeigniter4\framework\system\View\View.php(214): include('C:\\Users\\towoj\\...')
#2 C:\Users\towoj\Documents\hotels.ng\vendor\codeigniter4\framework\system\View\View.php(217): CodeIgniter\View\View->CodeIgniter\View\{closure}()
#3 C:\Users\towoj\Documents\hotels.ng\vendor\codeigniter4\framework\system\Common.php(1102): CodeIgniter\View\View->render('hotels/book_hot...', Array, true)
#4 C:\Users\towoj\Documents\hotels.ng\app\Controllers\Home.php(306): view('hotels/book_hot...')
#5 C:\Users\towoj\Documents\hotels.ng\vendor\codeigniter4\framework\system\CodeIgniter.php(802): App\Controllers\Home->add_order('1411962')
#6 C:\Users\towoj\Documents\hotels.ng\vendor\codeigniter4\framework\system\CodeIgniter.php(399): CodeIgniter\CodeIgniter->runController(Object(App\Controllers\Home))
#7 C:\Users\towoj\Documents\hotels.ng\vendor\codeigniter4\framework\system\CodeIgniter.php(317): CodeIgniter\CodeIgniter->handleRequest(NULL, Object(Config\Cache), false)
#8 C:\Users\towoj\Documents\hotels.ng\public\index.php(37): CodeIgniter\CodeIgniter->run()
#9 C:\Users\towoj\Documents\hotels.ng\vendor\codeigniter4\framework\system\Commands\Server\rewrite.php(43): require_once('C:\\Users\\towoj\\...')
#10 {main}
CRITICAL - 2021-11-07 03:32:23 --> Undefined index: hotel_id
#0 C:\Users\towoj\Documents\hotels.ng\app\Views\hotels\book_hotel.php(17): CodeIgniter\Debug\Exceptions->errorHandler(8, 'Undefined index...', 'C:\\Users\\towoj\\...', 17, Array)
#1 C:\Users\towoj\Documents\hotels.ng\vendor\codeigniter4\framework\system\View\View.php(214): include('C:\\Users\\towoj\\...')
#2 C:\Users\towoj\Documents\hotels.ng\vendor\codeigniter4\framework\system\View\View.php(217): CodeIgniter\View\View->CodeIgniter\View\{closure}()
#3 C:\Users\towoj\Documents\hotels.ng\vendor\codeigniter4\framework\system\Common.php(1102): CodeIgniter\View\View->render('hotels/book_hot...', Array, true)
#4 C:\Users\towoj\Documents\hotels.ng\app\Controllers\Home.php(306): view('hotels/book_hot...')
#5 C:\Users\towoj\Documents\hotels.ng\vendor\codeigniter4\framework\system\CodeIgniter.php(802): App\Controllers\Home->add_order('storage', '2021', '02', '01', 'favicon-1612164...')
#6 C:\Users\towoj\Documents\hotels.ng\vendor\codeigniter4\framework\system\CodeIgniter.php(399): CodeIgniter\CodeIgniter->runController(Object(App\Controllers\Home))
#7 C:\Users\towoj\Documents\hotels.ng\vendor\codeigniter4\framework\system\CodeIgniter.php(317): CodeIgniter\CodeIgniter->handleRequest(NULL, Object(Config\Cache), false)
#8 C:\Users\towoj\Documents\hotels.ng\public\index.php(37): CodeIgniter\CodeIgniter->run()
#9 C:\Users\towoj\Documents\hotels.ng\vendor\codeigniter4\framework\system\Commands\Server\rewrite.php(43): require_once('C:\\Users\\towoj\\...')
#10 {main}
CRITICAL - 2021-11-07 03:35:04 --> Call to undefined function get_times()
#0 C:\Users\towoj\Documents\hotels.ng\vendor\codeigniter4\framework\system\View\View.php(214): include()
#1 C:\Users\towoj\Documents\hotels.ng\vendor\codeigniter4\framework\system\View\View.php(217): CodeIgniter\View\View->CodeIgniter\View\{closure}()
#2 C:\Users\towoj\Documents\hotels.ng\vendor\codeigniter4\framework\system\Common.php(1102): CodeIgniter\View\View->render('hotels/book_hot...', Array, true)
#3 C:\Users\towoj\Documents\hotels.ng\app\Controllers\Home.php(308): view('hotels/book_hot...')
#4 C:\Users\towoj\Documents\hotels.ng\vendor\codeigniter4\framework\system\CodeIgniter.php(802): App\Controllers\Home->add_order('1411962')
#5 C:\Users\towoj\Documents\hotels.ng\vendor\codeigniter4\framework\system\CodeIgniter.php(399): CodeIgniter\CodeIgniter->runController(Object(App\Controllers\Home))
#6 C:\Users\towoj\Documents\hotels.ng\vendor\codeigniter4\framework\system\CodeIgniter.php(317): CodeIgniter\CodeIgniter->handleRequest(NULL, Object(Config\Cache), false)
#7 C:\Users\towoj\Documents\hotels.ng\public\index.php(37): CodeIgniter\CodeIgniter->run()
#8 C:\Users\towoj\Documents\hotels.ng\vendor\codeigniter4\framework\system\Commands\Server\rewrite.php(43): require_once('C:\\Users\\towoj\\...')
#9 {main}
CRITICAL - 2021-11-07 03:35:05 --> Call to undefined function get_times()
#0 C:\Users\towoj\Documents\hotels.ng\vendor\codeigniter4\framework\system\View\View.php(214): include()
#1 C:\Users\towoj\Documents\hotels.ng\vendor\codeigniter4\framework\system\View\View.php(217): CodeIgniter\View\View->CodeIgniter\View\{closure}()
#2 C:\Users\towoj\Documents\hotels.ng\vendor\codeigniter4\framework\system\Common.php(1102): CodeIgniter\View\View->render('hotels/book_hot...', Array, true)
#3 C:\Users\towoj\Documents\hotels.ng\app\Controllers\Home.php(308): view('hotels/book_hot...')
#4 C:\Users\towoj\Documents\hotels.ng\vendor\codeigniter4\framework\system\CodeIgniter.php(802): App\Controllers\Home->add_order('storage', '2021', '02', '01', 'favicon-1612164...')
#5 C:\Users\towoj\Documents\hotels.ng\vendor\codeigniter4\framework\system\CodeIgniter.php(399): CodeIgniter\CodeIgniter->runController(Object(App\Controllers\Home))
#6 C:\Users\towoj\Documents\hotels.ng\vendor\codeigniter4\framework\system\CodeIgniter.php(317): CodeIgniter\CodeIgniter->handleRequest(NULL, Object(Config\Cache), false)
#7 C:\Users\towoj\Documents\hotels.ng\public\index.php(37): CodeIgniter\CodeIgniter->run()
#8 C:\Users\towoj\Documents\hotels.ng\vendor\codeigniter4\framework\system\Commands\Server\rewrite.php(43): require_once('C:\\Users\\towoj\\...')
#9 {main}
CRITICAL - 2021-11-07 04:02:07 --> explode() expects parameter 2 to be string, array given
#0 [internal function]: CodeIgniter\Debug\Exceptions->errorHandler(2, 'explode() expec...', 'C:\\Users\\towoj\\...', 84, Array)
#1 C:\Users\towoj\Documents\hotels.ng\app\Controllers\Home.php(84): explode(' ', Array)
#2 C:\Users\towoj\Documents\hotels.ng\vendor\codeigniter4\framework\system\CodeIgniter.php(802): App\Controllers\Home->search()
#3 C:\Users\towoj\Documents\hotels.ng\vendor\codeigniter4\framework\system\CodeIgniter.php(399): CodeIgniter\CodeIgniter->runController(Object(App\Controllers\Home))
#4 C:\Users\towoj\Documents\hotels.ng\vendor\codeigniter4\framework\system\CodeIgniter.php(317): CodeIgniter\CodeIgniter->handleRequest(NULL, Object(Config\Cache), false)
#5 C:\Users\towoj\Documents\hotels.ng\public\index.php(37): CodeIgniter\CodeIgniter->run()
#6 C:\Users\towoj\Documents\hotels.ng\vendor\codeigniter4\framework\system\Commands\Server\rewrite.php(43): require_once('C:\\Users\\towoj\\...')
#7 {main}
CRITICAL - 2021-11-07 04:04:03 --> explode() expects parameter 2 to be string, array given
#0 [internal function]: CodeIgniter\Debug\Exceptions->errorHandler(2, 'explode() expec...', 'C:\\Users\\towoj\\...', 84, Array)
#1 C:\Users\towoj\Documents\hotels.ng\app\Controllers\Home.php(84): explode(', ', Array)
#2 C:\Users\towoj\Documents\hotels.ng\vendor\codeigniter4\framework\system\CodeIgniter.php(802): App\Controllers\Home->search()
#3 C:\Users\towoj\Documents\hotels.ng\vendor\codeigniter4\framework\system\CodeIgniter.php(399): CodeIgniter\CodeIgniter->runController(Object(App\Controllers\Home))
#4 C:\Users\towoj\Documents\hotels.ng\vendor\codeigniter4\framework\system\CodeIgniter.php(317): CodeIgniter\CodeIgniter->handleRequest(NULL, Object(Config\Cache), false)
#5 C:\Users\towoj\Documents\hotels.ng\public\index.php(37): CodeIgniter\CodeIgniter->run()
#6 C:\Users\towoj\Documents\hotels.ng\vendor\codeigniter4\framework\system\Commands\Server\rewrite.php(43): require_once('C:\\Users\\towoj\\...')
#7 {main}
ERROR - 2021-11-07 04:17:20 --> You have an error in your SQL syntax; check the manual that corresponds to your MariaDB server version for the right syntax to use near 'BETWEEN0 AND 1451
AND `hotels`.`deleted_at` IS NULL' at line 6
CRITICAL - 2021-11-07 04:17:20 --> You have an error in your SQL syntax; check the manual that corresponds to your MariaDB server version for the right syntax to use near 'BETWEEN0 AND 1451
AND `hotels`.`deleted_at` IS NULL' at line 6
#0 C:\Users\towoj\Documents\hotels.ng\vendor\codeigniter4\framework\system\Database\MySQLi\Connection.php(280): mysqli->query('SELECT COUNT(*)...')
#1 C:\Users\towoj\Documents\hotels.ng\vendor\codeigniter4\framework\system\Database\BaseConnection.php(663): CodeIgniter\Database\MySQLi\Connection->execute('SELECT COUNT(*)...')
#2 C:\Users\towoj\Documents\hotels.ng\vendor\codeigniter4\framework\system\Database\BaseConnection.php(591): CodeIgniter\Database\BaseConnection->simpleQuery('SELECT COUNT(*)...')
#3 C:\Users\towoj\Documents\hotels.ng\vendor\codeigniter4\framework\system\Database\BaseBuilder.php(1512): CodeIgniter\Database\BaseConnection->query('SELECT COUNT(*)...', Array, false)
#4 C:\Users\towoj\Documents\hotels.ng\vendor\codeigniter4\framework\system\Model.php(509): CodeIgniter\Database\BaseBuilder->countAllResults(false)
#5 C:\Users\towoj\Documents\hotels.ng\vendor\codeigniter4\framework\system\BaseModel.php(1080): CodeIgniter\Model->countAllResults(false)
#6 C:\Users\towoj\Documents\hotels.ng\app\Controllers\Home.php(103): CodeIgniter\BaseModel->paginate(9)
#7 C:\Users\towoj\Documents\hotels.ng\vendor\codeigniter4\framework\system\CodeIgniter.php(802): App\Controllers\Home->search()
#8 C:\Users\towoj\Documents\hotels.ng\vendor\codeigniter4\framework\system\CodeIgniter.php(399): CodeIgniter\CodeIgniter->runController(Object(App\Controllers\Home))
#9 C:\Users\towoj\Documents\hotels.ng\vendor\codeigniter4\framework\system\CodeIgniter.php(317): CodeIgniter\CodeIgniter->handleRequest(NULL, Object(Config\Cache), false)
#10 C:\Users\towoj\Documents\hotels.ng\public\index.php(37): CodeIgniter\CodeIgniter->run()
#11 C:\Users\towoj\Documents\hotels.ng\vendor\codeigniter4\framework\system\Commands\Server\rewrite.php(43): require_once('C:\\Users\\towoj\\...')
#12 {main}
ERROR - 2021-11-07 04:17:44 --> Unknown column '1451' in 'where clause'
CRITICAL - 2021-11-07 04:17:44 --> Unknown column '1451' in 'where clause'
#0 C:\Users\towoj\Documents\hotels.ng\vendor\codeigniter4\framework\system\Database\MySQLi\Connection.php(280): mysqli->query('SELECT COUNT(*)...')
#1 C:\Users\towoj\Documents\hotels.ng\vendor\codeigniter4\framework\system\Database\BaseConnection.php(663): CodeIgniter\Database\MySQLi\Connection->execute('SELECT COUNT(*)...')
#2 C:\Users\towoj\Documents\hotels.ng\vendor\codeigniter4\framework\system\Database\BaseConnection.php(591): CodeIgniter\Database\BaseConnection->simpleQuery('SELECT COUNT(*)...')
#3 C:\Users\towoj\Documents\hotels.ng\vendor\codeigniter4\framework\system\Database\BaseBuilder.php(1512): CodeIgniter\Database\BaseConnection->query('SELECT COUNT(*)...', Array, false)
#4 C:\Users\towoj\Documents\hotels.ng\vendor\codeigniter4\framework\system\Model.php(509): CodeIgniter\Database\BaseBuilder->countAllResults(false)
#5 C:\Users\towoj\Documents\hotels.ng\vendor\codeigniter4\framework\system\BaseModel.php(1080): CodeIgniter\Model->countAllResults(false)
#6 C:\Users\towoj\Documents\hotels.ng\app\Controllers\Home.php(103): CodeIgniter\BaseModel->paginate(9)
#7 C:\Users\towoj\Documents\hotels.ng\vendor\codeigniter4\framework\system\CodeIgniter.php(802): App\Controllers\Home->search()
#8 C:\Users\towoj\Documents\hotels.ng\vendor\codeigniter4\framework\system\CodeIgniter.php(399): CodeIgniter\CodeIgniter->runController(Object(App\Controllers\Home))
#9 C:\Users\towoj\Documents\hotels.ng\vendor\codeigniter4\framework\system\CodeIgniter.php(317): CodeIgniter\CodeIgniter->handleRequest(NULL, Object(Config\Cache), false)
#10 C:\Users\towoj\Documents\hotels.ng\public\index.php(37): CodeIgniter\CodeIgniter->run()
#11 C:\Users\towoj\Documents\hotels.ng\vendor\codeigniter4\framework\system\Commands\Server\rewrite.php(43): require_once('C:\\Users\\towoj\\...')
#12 {main}
ERROR - 2021-11-07 04:18:30 --> You have an error in your SQL syntax; check the manual that corresponds to your MariaDB server version for the right syntax to use near '`BETWEEN` `0` AND `1451`
AND `hotels`.`deleted_at` IS NULL' at line 6
CRITICAL - 2021-11-07 04:18:30 --> You have an error in your SQL syntax; check the manual that corresponds to your MariaDB server version for the right syntax to use near '`BETWEEN` `0` AND `1451`
AND `hotels`.`deleted_at` IS NULL' at line 6
#0 C:\Users\towoj\Documents\hotels.ng\vendor\codeigniter4\framework\system\Database\MySQLi\Connection.php(280): mysqli->query('SELECT COUNT(*)...')
#1 C:\Users\towoj\Documents\hotels.ng\vendor\codeigniter4\framework\system\Database\BaseConnection.php(663): CodeIgniter\Database\MySQLi\Connection->execute('SELECT COUNT(*)...')
#2 C:\Users\towoj\Documents\hotels.ng\vendor\codeigniter4\framework\system\Database\BaseConnection.php(591): CodeIgniter\Database\BaseConnection->simpleQuery('SELECT COUNT(*)...')
#3 C:\Users\towoj\Documents\hotels.ng\vendor\codeigniter4\framework\system\Database\BaseBuilder.php(1512): CodeIgniter\Database\BaseConnection->query('SELECT COUNT(*)...', Array, false)
#4 C:\Users\towoj\Documents\hotels.ng\vendor\codeigniter4\framework\system\Model.php(509): CodeIgniter\Database\BaseBuilder->countAllResults(false)
#5 C:\Users\towoj\Documents\hotels.ng\vendor\codeigniter4\framework\system\BaseModel.php(1080): CodeIgniter\Model->countAllResults(false)
#6 C:\Users\towoj\Documents\hotels.ng\app\Controllers\Home.php(103): CodeIgniter\BaseModel->paginate(9)
#7 C:\Users\towoj\Documents\hotels.ng\vendor\codeigniter4\framework\system\CodeIgniter.php(802): App\Controllers\Home->search()
#8 C:\Users\towoj\Documents\hotels.ng\vendor\codeigniter4\framework\system\CodeIgniter.php(399): CodeIgniter\CodeIgniter->runController(Object(App\Controllers\Home))
#9 C:\Users\towoj\Documents\hotels.ng\vendor\codeigniter4\framework\system\CodeIgniter.php(317): CodeIgniter\CodeIgniter->handleRequest(NULL, Object(Config\Cache), false)
#10 C:\Users\towoj\Documents\hotels.ng\public\index.php(37): CodeIgniter\CodeIgniter->run()
#11 C:\Users\towoj\Documents\hotels.ng\vendor\codeigniter4\framework\system\Commands\Server\rewrite.php(43): require_once('C:\\Users\\towoj\\...')
#12 {main}
ERROR - 2021-11-07 04:19:01 --> You have an error in your SQL syntax; check the manual that corresponds to your MariaDB server version for the right syntax to use near '> `0` AND  <= 1451
AND `hotels`.`deleted_at` IS NULL' at line 6
CRITICAL - 2021-11-07 04:19:01 --> You have an error in your SQL syntax; check the manual that corresponds to your MariaDB server version for the right syntax to use near '> `0` AND  <= 1451
AND `hotels`.`deleted_at` IS NULL' at line 6
#0 C:\Users\towoj\Documents\hotels.ng\vendor\codeigniter4\framework\system\Database\MySQLi\Connection.php(280): mysqli->query('SELECT COUNT(*)...')
#1 C:\Users\towoj\Documents\hotels.ng\vendor\codeigniter4\framework\system\Database\BaseConnection.php(663): CodeIgniter\Database\MySQLi\Connection->execute('SELECT COUNT(*)...')
#2 C:\Users\towoj\Documents\hotels.ng\vendor\codeigniter4\framework\system\Database\BaseConnection.php(591): CodeIgniter\Database\BaseConnection->simpleQuery('SELECT COUNT(*)...')
#3 C:\Users\towoj\Documents\hotels.ng\vendor\codeigniter4\framework\system\Database\BaseBuilder.php(1512): CodeIgniter\Database\BaseConnection->query('SELECT COUNT(*)...', Array, false)
#4 C:\Users\towoj\Documents\hotels.ng\vendor\codeigniter4\framework\system\Model.php(509): CodeIgniter\Database\BaseBuilder->countAllResults(false)
#5 C:\Users\towoj\Documents\hotels.ng\vendor\codeigniter4\framework\system\BaseModel.php(1080): CodeIgniter\Model->countAllResults(false)
#6 C:\Users\towoj\Documents\hotels.ng\app\Controllers\Home.php(103): CodeIgniter\BaseModel->paginate(9)
#7 C:\Users\towoj\Documents\hotels.ng\vendor\codeigniter4\framework\system\CodeIgniter.php(802): App\Controllers\Home->search()
#8 C:\Users\towoj\Documents\hotels.ng\vendor\codeigniter4\framework\system\CodeIgniter.php(399): CodeIgniter\CodeIgniter->runController(Object(App\Controllers\Home))
#9 C:\Users\towoj\Documents\hotels.ng\vendor\codeigniter4\framework\system\CodeIgniter.php(317): CodeIgniter\CodeIgniter->handleRequest(NULL, Object(Config\Cache), false)
#10 C:\Users\towoj\Documents\hotels.ng\public\index.php(37): CodeIgniter\CodeIgniter->run()
#11 C:\Users\towoj\Documents\hotels.ng\vendor\codeigniter4\framework\system\Commands\Server\rewrite.php(43): require_once('C:\\Users\\towoj\\...')
#12 {main}
ERROR - 2021-11-07 04:19:15 --> You have an error in your SQL syntax; check the manual that corresponds to your MariaDB server version for the right syntax to use near '> 0 AND  <= 1451
AND `hotels`.`deleted_at` IS NULL' at line 6
CRITICAL - 2021-11-07 04:19:15 --> You have an error in your SQL syntax; check the manual that corresponds to your MariaDB server version for the right syntax to use near '> 0 AND  <= 1451
AND `hotels`.`deleted_at` IS NULL' at line 6
#0 C:\Users\towoj\Documents\hotels.ng\vendor\codeigniter4\framework\system\Database\MySQLi\Connection.php(280): mysqli->query('SELECT COUNT(*)...')
#1 C:\Users\towoj\Documents\hotels.ng\vendor\codeigniter4\framework\system\Database\BaseConnection.php(663): CodeIgniter\Database\MySQLi\Connection->execute('SELECT COUNT(*)...')
#2 C:\Users\towoj\Documents\hotels.ng\vendor\codeigniter4\framework\system\Database\BaseConnection.php(591): CodeIgniter\Database\BaseConnection->simpleQuery('SELECT COUNT(*)...')
#3 C:\Users\towoj\Documents\hotels.ng\vendor\codeigniter4\framework\system\Database\BaseBuilder.php(1512): CodeIgniter\Database\BaseConnection->query('SELECT COUNT(*)...', Array, false)
#4 C:\Users\towoj\Documents\hotels.ng\vendor\codeigniter4\framework\system\Model.php(509): CodeIgniter\Database\BaseBuilder->countAllResults(false)
#5 C:\Users\towoj\Documents\hotels.ng\vendor\codeigniter4\framework\system\BaseModel.php(1080): CodeIgniter\Model->countAllResults(false)
#6 C:\Users\towoj\Documents\hotels.ng\app\Controllers\Home.php(103): CodeIgniter\BaseModel->paginate(9)
#7 C:\Users\towoj\Documents\hotels.ng\vendor\codeigniter4\framework\system\CodeIgniter.php(802): App\Controllers\Home->search()
#8 C:\Users\towoj\Documents\hotels.ng\vendor\codeigniter4\framework\system\CodeIgniter.php(399): CodeIgniter\CodeIgniter->runController(Object(App\Controllers\Home))
#9 C:\Users\towoj\Documents\hotels.ng\vendor\codeigniter4\framework\system\CodeIgniter.php(317): CodeIgniter\CodeIgniter->handleRequest(NULL, Object(Config\Cache), false)
#10 C:\Users\towoj\Documents\hotels.ng\public\index.php(37): CodeIgniter\CodeIgniter->run()
#11 C:\Users\towoj\Documents\hotels.ng\vendor\codeigniter4\framework\system\Commands\Server\rewrite.php(43): require_once('C:\\Users\\towoj\\...')
#12 {main}
ERROR - 2021-11-07 04:19:45 --> You have an error in your SQL syntax; check the manual that corresponds to your MariaDB server version for the right syntax to use near '> 0 AND  <= 1451
AND `hotels`.`deleted_at` IS NULL' at line 6
CRITICAL - 2021-11-07 04:19:45 --> You have an error in your SQL syntax; check the manual that corresponds to your MariaDB server version for the right syntax to use near '> 0 AND  <= 1451
AND `hotels`.`deleted_at` IS NULL' at line 6
#0 C:\Users\towoj\Documents\hotels.ng\vendor\codeigniter4\framework\system\Database\MySQLi\Connection.php(280): mysqli->query('SELECT COUNT(*)...')
#1 C:\Users\towoj\Documents\hotels.ng\vendor\codeigniter4\framework\system\Database\BaseConnection.php(663): CodeIgniter\Database\MySQLi\Connection->execute('SELECT COUNT(*)...')
#2 C:\Users\towoj\Documents\hotels.ng\vendor\codeigniter4\framework\system\Database\BaseConnection.php(591): CodeIgniter\Database\BaseConnection->simpleQuery('SELECT COUNT(*)...')
#3 C:\Users\towoj\Documents\hotels.ng\vendor\codeigniter4\framework\system\Database\BaseBuilder.php(1512): CodeIgniter\Database\BaseConnection->query('SELECT COUNT(*)...', Array, false)
#4 C:\Users\towoj\Documents\hotels.ng\vendor\codeigniter4\framework\system\Model.php(509): CodeIgniter\Database\BaseBuilder->countAllResults(false)
#5 C:\Users\towoj\Documents\hotels.ng\vendor\codeigniter4\framework\system\BaseModel.php(1080): CodeIgniter\Model->countAllResults(false)
#6 C:\Users\towoj\Documents\hotels.ng\app\Controllers\Home.php(103): CodeIgniter\BaseModel->paginate(9)
#7 C:\Users\towoj\Documents\hotels.ng\vendor\codeigniter4\framework\system\CodeIgniter.php(802): App\Controllers\Home->search()
#8 C:\Users\towoj\Documents\hotels.ng\vendor\codeigniter4\framework\system\CodeIgniter.php(399): CodeIgniter\CodeIgniter->runController(Object(App\Controllers\Home))
#9 C:\Users\towoj\Documents\hotels.ng\vendor\codeigniter4\framework\system\CodeIgniter.php(317): CodeIgniter\CodeIgniter->handleRequest(NULL, Object(Config\Cache), false)
#10 C:\Users\towoj\Documents\hotels.ng\public\index.php(37): CodeIgniter\CodeIgniter->run()
#11 C:\Users\towoj\Documents\hotels.ng\vendor\codeigniter4\framework\system\Commands\Server\rewrite.php(43): require_once('C:\\Users\\towoj\\...')
#12 {main}
ERROR - 2021-11-07 04:20:17 --> You have an error in your SQL syntax; check the manual that corresponds to your MariaDB server version for the right syntax to use near '<= 1451
AND `hotels`.`deleted_at` IS NULL' at line 6
CRITICAL - 2021-11-07 04:20:17 --> You have an error in your SQL syntax; check the manual that corresponds to your MariaDB server version for the right syntax to use near '<= 1451
AND `hotels`.`deleted_at` IS NULL' at line 6
#0 C:\Users\towoj\Documents\hotels.ng\vendor\codeigniter4\framework\system\Database\MySQLi\Connection.php(280): mysqli->query('SELECT COUNT(*)...')
#1 C:\Users\towoj\Documents\hotels.ng\vendor\codeigniter4\framework\system\Database\BaseConnection.php(663): CodeIgniter\Database\MySQLi\Connection->execute('SELECT COUNT(*)...')
#2 C:\Users\towoj\Documents\hotels.ng\vendor\codeigniter4\framework\system\Database\BaseConnection.php(591): CodeIgniter\Database\BaseConnection->simpleQuery('SELECT COUNT(*)...')
#3 C:\Users\towoj\Documents\hotels.ng\vendor\codeigniter4\framework\system\Database\BaseBuilder.php(1512): CodeIgniter\Database\BaseConnection->query('SELECT COUNT(*)...', Array, false)
#4 C:\Users\towoj\Documents\hotels.ng\vendor\codeigniter4\framework\system\Model.php(509): CodeIgniter\Database\BaseBuilder->countAllResults(false)
#5 C:\Users\towoj\Documents\hotels.ng\vendor\codeigniter4\framework\system\BaseModel.php(1080): CodeIgniter\Model->countAllResults(false)
#6 C:\Users\towoj\Documents\hotels.ng\app\Controllers\Home.php(103): CodeIgniter\BaseModel->paginate(9)
#7 C:\Users\towoj\Documents\hotels.ng\vendor\codeigniter4\framework\system\CodeIgniter.php(802): App\Controllers\Home->search()
#8 C:\Users\towoj\Documents\hotels.ng\vendor\codeigniter4\framework\system\CodeIgniter.php(399): CodeIgniter\CodeIgniter->runController(Object(App\Controllers\Home))
#9 C:\Users\towoj\Documents\hotels.ng\vendor\codeigniter4\framework\system\CodeIgniter.php(317): CodeIgniter\CodeIgniter->handleRequest(NULL, Object(Config\Cache), false)
#10 C:\Users\towoj\Documents\hotels.ng\public\index.php(37): CodeIgniter\CodeIgniter->run()
#11 C:\Users\towoj\Documents\hotels.ng\vendor\codeigniter4\framework\system\Commands\Server\rewrite.php(43): require_once('C:\\Users\\towoj\\...')
#12 {main}
CRITICAL - 2021-11-07 04:44:53 --> implode(): Argument must be an array
#0 [internal function]: CodeIgniter\Debug\Exceptions->errorHandler(2, 'implode(): Argu...', 'C:\\Users\\towoj\\...', 85, Array)
#1 C:\Users\towoj\Documents\hotels.ng\app\Controllers\Home.php(85): implode('Hostel')
#2 C:\Users\towoj\Documents\hotels.ng\vendor\codeigniter4\framework\system\CodeIgniter.php(802): App\Controllers\Home->search()
#3 C:\Users\towoj\Documents\hotels.ng\vendor\codeigniter4\framework\system\CodeIgniter.php(399): CodeIgniter\CodeIgniter->runController(Object(App\Controllers\Home))
#4 C:\Users\towoj\Documents\hotels.ng\vendor\codeigniter4\framework\system\CodeIgniter.php(317): CodeIgniter\CodeIgniter->handleRequest(NULL, Object(Config\Cache), false)
#5 C:\Users\towoj\Documents\hotels.ng\public\index.php(37): CodeIgniter\CodeIgniter->run()
#6 C:\Users\towoj\Documents\hotels.ng\vendor\codeigniter4\framework\system\Commands\Server\rewrite.php(43): require_once('C:\\Users\\towoj\\...')
#7 {main}
CRITICAL - 2021-11-07 04:47:47 --> syntax error, unexpected ';'
#0 C:\Users\towoj\Documents\hotels.ng\vendor\codeigniter4\framework\system\Autoloader\Autoloader.php(241): CodeIgniter\Autoloader\Autoloader->includeFile('C:\\Users\\towoj\\...')
#1 C:\Users\towoj\Documents\hotels.ng\vendor\codeigniter4\framework\system\Autoloader\Autoloader.php(219): CodeIgniter\Autoloader\Autoloader->loadInNamespace('App\\Controllers...')
#2 [internal function]: CodeIgniter\Autoloader\Autoloader->loadClass('App\\Controllers...')
#3 [internal function]: spl_autoload_call('App\\Controllers...')
#4 C:\Users\towoj\Documents\hotels.ng\vendor\codeigniter4\framework\system\CodeIgniter.php(767): class_exists('\\App\\Controller...', true)
#5 C:\Users\towoj\Documents\hotels.ng\vendor\codeigniter4\framework\system\CodeIgniter.php(386): CodeIgniter\CodeIgniter->startController()
#6 C:\Users\towoj\Documents\hotels.ng\vendor\codeigniter4\framework\system\CodeIgniter.php(317): CodeIgniter\CodeIgniter->handleRequest(NULL, Object(Config\Cache), false)
#7 C:\Users\towoj\Documents\hotels.ng\public\index.php(37): CodeIgniter\CodeIgniter->run()
#8 C:\Users\towoj\Documents\hotels.ng\vendor\codeigniter4\framework\system\Commands\Server\rewrite.php(43): require_once('C:\\Users\\towoj\\...')
#9 {main}
CRITICAL - 2021-11-07 04:48:53 --> Invalid argument supplied for foreach()
#0 C:\Users\towoj\Documents\hotels.ng\app\Controllers\Home.php(90): CodeIgniter\Debug\Exceptions->errorHandler(2, 'Invalid argumen...', 'C:\\Users\\towoj\\...', 90, Array)
#1 C:\Users\towoj\Documents\hotels.ng\vendor\codeigniter4\framework\system\CodeIgniter.php(802): App\Controllers\Home->search()
#2 C:\Users\towoj\Documents\hotels.ng\vendor\codeigniter4\framework\system\CodeIgniter.php(399): CodeIgniter\CodeIgniter->runController(Object(App\Controllers\Home))
#3 C:\Users\towoj\Documents\hotels.ng\vendor\codeigniter4\framework\system\CodeIgniter.php(317): CodeIgniter\CodeIgniter->handleRequest(NULL, Object(Config\Cache), false)
#4 C:\Users\towoj\Documents\hotels.ng\public\index.php(37): CodeIgniter\CodeIgniter->run()
#5 C:\Users\towoj\Documents\hotels.ng\vendor\codeigniter4\framework\system\Commands\Server\rewrite.php(43): require_once('C:\\Users\\towoj\\...')
#6 {main}
CRITICAL - 2021-11-07 06:15:38 --> Too few arguments to function App\Controllers\Home::add_order(), 0 passed in C:\Users\towoj\Documents\hotels.ng\vendor\codeigniter4\framework\system\CodeIgniter.php on line 802 and exactly 1 expected
#0 C:\Users\towoj\Documents\hotels.ng\vendor\codeigniter4\framework\system\CodeIgniter.php(802): App\Controllers\Home->add_order()
#1 C:\Users\towoj\Documents\hotels.ng\vendor\codeigniter4\framework\system\CodeIgniter.php(399): CodeIgniter\CodeIgniter->runController(Object(App\Controllers\Home))
#2 C:\Users\towoj\Documents\hotels.ng\vendor\codeigniter4\framework\system\CodeIgniter.php(317): CodeIgniter\CodeIgniter->handleRequest(NULL, Object(Config\Cache), false)
#3 C:\Users\towoj\Documents\hotels.ng\public\index.php(37): CodeIgniter\CodeIgniter->run()
#4 C:\Users\towoj\Documents\hotels.ng\vendor\codeigniter4\framework\system\Commands\Server\rewrite.php(43): require_once('C:\\Users\\towoj\\...')
#5 {main}
CRITICAL - 2021-11-07 09:17:48 --> Trying to access array offset on value of type null
#0 C:\Users\towoj\Documents\hotels.ng\vendor\codeigniter4\framework\system\Common.php(1323): CodeIgniter\Debug\Exceptions->errorHandler(8, 'Trying to acces...', 'C:\\Users\\towoj\\...', 1323, Array)
#1 C:\Users\towoj\Documents\hotels.ng\app\Views\search.php(229): convertedCurrency('380', 'BRL')
#2 C:\Users\towoj\Documents\hotels.ng\vendor\codeigniter4\framework\system\View\View.php(214): include('C:\\Users\\towoj\\...')
#3 C:\Users\towoj\Documents\hotels.ng\vendor\codeigniter4\framework\system\View\View.php(217): CodeIgniter\View\View->CodeIgniter\View\{closure}()
#4 C:\Users\towoj\Documents\hotels.ng\vendor\codeigniter4\framework\system\Common.php(1102): CodeIgniter\View\View->render('search', Array, true)
#5 C:\Users\towoj\Documents\hotels.ng\app\Controllers\Home.php(114): view('search')
#6 C:\Users\towoj\Documents\hotels.ng\vendor\codeigniter4\framework\system\CodeIgniter.php(802): App\Controllers\Home->search()
#7 C:\Users\towoj\Documents\hotels.ng\vendor\codeigniter4\framework\system\CodeIgniter.php(399): CodeIgniter\CodeIgniter->runController(Object(App\Controllers\Home))
#8 C:\Users\towoj\Documents\hotels.ng\vendor\codeigniter4\framework\system\CodeIgniter.php(317): CodeIgniter\CodeIgniter->handleRequest(NULL, Object(Config\Cache), false)
#9 C:\Users\towoj\Documents\hotels.ng\public\index.php(37): CodeIgniter\CodeIgniter->run()
#10 C:\Users\towoj\Documents\hotels.ng\vendor\codeigniter4\framework\system\Commands\Server\rewrite.php(43): require_once('C:\\Users\\towoj\\...')
#11 {main}
CRITICAL - 2021-11-07 09:17:56 --> Trying to access array offset on value of type null
#0 C:\Users\towoj\Documents\hotels.ng\vendor\codeigniter4\framework\system\Common.php(1323): CodeIgniter\Debug\Exceptions->errorHandler(8, 'Trying to acces...', 'C:\\Users\\towoj\\...', 1323, Array)
#1 C:\Users\towoj\Documents\hotels.ng\app\Views\search.php(229): convertedCurrency('380', 'BRL')
#2 C:\Users\towoj\Documents\hotels.ng\vendor\codeigniter4\framework\system\View\View.php(214): include('C:\\Users\\towoj\\...')
#3 C:\Users\towoj\Documents\hotels.ng\vendor\codeigniter4\framework\system\View\View.php(217): CodeIgniter\View\View->CodeIgniter\View\{closure}()
#4 C:\Users\towoj\Documents\hotels.ng\vendor\codeigniter4\framework\system\Common.php(1102): CodeIgniter\View\View->render('search', Array, true)
#5 C:\Users\towoj\Documents\hotels.ng\app\Controllers\Home.php(114): view('search')
#6 C:\Users\towoj\Documents\hotels.ng\vendor\codeigniter4\framework\system\CodeIgniter.php(802): App\Controllers\Home->search()
#7 C:\Users\towoj\Documents\hotels.ng\vendor\codeigniter4\framework\system\CodeIgniter.php(399): CodeIgniter\CodeIgniter->runController(Object(App\Controllers\Home))
#8 C:\Users\towoj\Documents\hotels.ng\vendor\codeigniter4\framework\system\CodeIgniter.php(317): CodeIgniter\CodeIgniter->handleRequest(NULL, Object(Config\Cache), false)
#9 C:\Users\towoj\Documents\hotels.ng\public\index.php(37): CodeIgniter\CodeIgniter->run()
#10 C:\Users\towoj\Documents\hotels.ng\vendor\codeigniter4\framework\system\Commands\Server\rewrite.php(43): require_once('C:\\Users\\towoj\\...')
#11 {main}
CRITICAL - 2021-11-07 09:18:14 --> Trying to access array offset on value of type null
#0 C:\Users\towoj\Documents\hotels.ng\vendor\codeigniter4\framework\system\Common.php(1323): CodeIgniter\Debug\Exceptions->errorHandler(8, 'Trying to acces...', 'C:\\Users\\towoj\\...', 1323, Array)
#1 C:\Users\towoj\Documents\hotels.ng\app\Views\search.php(229): convertedCurrency('380', 'BRL')
#2 C:\Users\towoj\Documents\hotels.ng\vendor\codeigniter4\framework\system\View\View.php(214): include('C:\\Users\\towoj\\...')
#3 C:\Users\towoj\Documents\hotels.ng\vendor\codeigniter4\framework\system\View\View.php(217): CodeIgniter\View\View->CodeIgniter\View\{closure}()
#4 C:\Users\towoj\Documents\hotels.ng\vendor\codeigniter4\framework\system\Common.php(1102): CodeIgniter\View\View->render('search', Array, true)
#5 C:\Users\towoj\Documents\hotels.ng\app\Controllers\Home.php(114): view('search')
#6 C:\Users\towoj\Documents\hotels.ng\vendor\codeigniter4\framework\system\CodeIgniter.php(802): App\Controllers\Home->search()
#7 C:\Users\towoj\Documents\hotels.ng\vendor\codeigniter4\framework\system\CodeIgniter.php(399): CodeIgniter\CodeIgniter->runController(Object(App\Controllers\Home))
#8 C:\Users\towoj\Documents\hotels.ng\vendor\codeigniter4\framework\system\CodeIgniter.php(317): CodeIgniter\CodeIgniter->handleRequest(NULL, Object(Config\Cache), false)
#9 C:\Users\towoj\Documents\hotels.ng\public\index.php(37): CodeIgniter\CodeIgniter->run()
#10 C:\Users\towoj\Documents\hotels.ng\vendor\codeigniter4\framework\system\Commands\Server\rewrite.php(43): require_once('C:\\Users\\towoj\\...')
#11 {main}
