CRITICAL - 2021-09-29 10:18:17 --> hotels/viewHotel route cannot be found while reverse-routing.
#0 /home/anonymous/Desktop/Projects/hotels.ng/vendor/codeigniter4/framework/system/Helpers/url_helper.php(538): CodeIgniter\Router\Exceptions\RouterException::forInvalidRoute()
#1 /home/anonymous/Desktop/Projects/hotels.ng/app/Views/welcome_message.php(1078): url_to()
#2 /home/anonymous/Desktop/Projects/hotels.ng/vendor/codeigniter4/framework/system/View/View.php(214): include('...')
#3 /home/anonymous/Desktop/Projects/hotels.ng/vendor/codeigniter4/framework/system/View/View.php(217): CodeIgniter\View\View->CodeIgniter\View\{closure}()
#4 /home/anonymous/Desktop/Projects/hotels.ng/vendor/codeigniter4/framework/system/Common.php(1093): CodeIgniter\View\View->render()
#5 /home/anonymous/Desktop/Projects/hotels.ng/app/Controllers/Home.php(39): view()
#6 /home/anonymous/Desktop/Projects/hotels.ng/vendor/codeigniter4/framework/system/CodeIgniter.php(802): App\Controllers\Home->index()
#7 /home/anonymous/Desktop/Projects/hotels.ng/vendor/codeigniter4/framework/system/CodeIgniter.php(399): CodeIgniter\CodeIgniter->runController()
#8 /home/anonymous/Desktop/Projects/hotels.ng/vendor/codeigniter4/framework/system/CodeIgniter.php(317): CodeIgniter\CodeIgniter->handleRequest()
#9 /home/anonymous/Desktop/Projects/hotels.ng/public/index.php(37): CodeIgniter\CodeIgniter->run()
#10 /home/anonymous/Desktop/Projects/hotels.ng/vendor/codeigniter4/framework/system/Commands/Server/rewrite.php(43): require_once('...')
#11 {main}
CRITICAL - 2021-09-29 16:44:20 --> Undefined array key "url_square60"
#0 /home/anonymous/Desktop/Projects/hotels.ng/app/Views/hotels/single.php(6): CodeIgniter\Debug\Exceptions->errorHandler()
#1 /home/anonymous/Desktop/Projects/hotels.ng/vendor/codeigniter4/framework/system/View/View.php(214): include('...')
#2 /home/anonymous/Desktop/Projects/hotels.ng/vendor/codeigniter4/framework/system/View/View.php(217): CodeIgniter\View\View->CodeIgniter\View\{closure}()
#3 /home/anonymous/Desktop/Projects/hotels.ng/vendor/codeigniter4/framework/system/Common.php(1093): CodeIgniter\View\View->render()
#4 /home/anonymous/Desktop/Projects/hotels.ng/app/Controllers/Hotels.php(198): view()
#5 /home/anonymous/Desktop/Projects/hotels.ng/vendor/codeigniter4/framework/system/CodeIgniter.php(802): App\Controllers\Hotels->viewHotel()
#6 /home/anonymous/Desktop/Projects/hotels.ng/vendor/codeigniter4/framework/system/CodeIgniter.php(399): CodeIgniter\CodeIgniter->runController()
#7 /home/anonymous/Desktop/Projects/hotels.ng/vendor/codeigniter4/framework/system/CodeIgniter.php(317): CodeIgniter\CodeIgniter->handleRequest()
#8 /home/anonymous/Desktop/Projects/hotels.ng/public/index.php(37): CodeIgniter\CodeIgniter->run()
#9 /home/anonymous/Desktop/Projects/hotels.ng/vendor/codeigniter4/framework/system/Commands/Server/rewrite.php(43): require_once('...')
#10 {main}
CRITICAL - 2021-09-29 16:44:24 --> Undefined array key "url_square60"
#0 /home/anonymous/Desktop/Projects/hotels.ng/app/Views/hotels/single.php(6): CodeIgniter\Debug\Exceptions->errorHandler()
#1 /home/anonymous/Desktop/Projects/hotels.ng/vendor/codeigniter4/framework/system/View/View.php(214): include('...')
#2 /home/anonymous/Desktop/Projects/hotels.ng/vendor/codeigniter4/framework/system/View/View.php(217): CodeIgniter\View\View->CodeIgniter\View\{closure}()
#3 /home/anonymous/Desktop/Projects/hotels.ng/vendor/codeigniter4/framework/system/Common.php(1093): CodeIgniter\View\View->render()
#4 /home/anonymous/Desktop/Projects/hotels.ng/app/Controllers/Hotels.php(198): view()
#5 /home/anonymous/Desktop/Projects/hotels.ng/vendor/codeigniter4/framework/system/CodeIgniter.php(802): App\Controllers\Hotels->viewHotel()
#6 /home/anonymous/Desktop/Projects/hotels.ng/vendor/codeigniter4/framework/system/CodeIgniter.php(399): CodeIgniter\CodeIgniter->runController()
#7 /home/anonymous/Desktop/Projects/hotels.ng/vendor/codeigniter4/framework/system/CodeIgniter.php(317): CodeIgniter\CodeIgniter->handleRequest()
#8 /home/anonymous/Desktop/Projects/hotels.ng/public/index.php(37): CodeIgniter\CodeIgniter->run()
#9 /home/anonymous/Desktop/Projects/hotels.ng/vendor/codeigniter4/framework/system/Commands/Server/rewrite.php(43): require_once('...')
#10 {main}
CRITICAL - 2021-09-29 16:44:50 --> Undefined array key "url_square60"
#0 /home/anonymous/Desktop/Projects/hotels.ng/app/Views/hotels/single.php(6): CodeIgniter\Debug\Exceptions->errorHandler()
#1 /home/anonymous/Desktop/Projects/hotels.ng/vendor/codeigniter4/framework/system/View/View.php(214): include('...')
#2 /home/anonymous/Desktop/Projects/hotels.ng/vendor/codeigniter4/framework/system/View/View.php(217): CodeIgniter\View\View->CodeIgniter\View\{closure}()
#3 /home/anonymous/Desktop/Projects/hotels.ng/vendor/codeigniter4/framework/system/Common.php(1093): CodeIgniter\View\View->render()
#4 /home/anonymous/Desktop/Projects/hotels.ng/app/Controllers/Hotels.php(198): view()
#5 /home/anonymous/Desktop/Projects/hotels.ng/vendor/codeigniter4/framework/system/CodeIgniter.php(802): App\Controllers\Hotels->viewHotel()
#6 /home/anonymous/Desktop/Projects/hotels.ng/vendor/codeigniter4/framework/system/CodeIgniter.php(399): CodeIgniter\CodeIgniter->runController()
#7 /home/anonymous/Desktop/Projects/hotels.ng/vendor/codeigniter4/framework/system/CodeIgniter.php(317): CodeIgniter\CodeIgniter->handleRequest()
#8 /home/anonymous/Desktop/Projects/hotels.ng/public/index.php(37): CodeIgniter\CodeIgniter->run()
#9 /home/anonymous/Desktop/Projects/hotels.ng/vendor/codeigniter4/framework/system/Commands/Server/rewrite.php(43): require_once('...')
#10 {main}
CRITICAL - 2021-09-29 16:45:26 --> Undefined array key "url_square60"
#0 /home/anonymous/Desktop/Projects/hotels.ng/app/Views/hotels/single.php(6): CodeIgniter\Debug\Exceptions->errorHandler()
#1 /home/anonymous/Desktop/Projects/hotels.ng/vendor/codeigniter4/framework/system/View/View.php(214): include('...')
#2 /home/anonymous/Desktop/Projects/hotels.ng/vendor/codeigniter4/framework/system/View/View.php(217): CodeIgniter\View\View->CodeIgniter\View\{closure}()
#3 /home/anonymous/Desktop/Projects/hotels.ng/vendor/codeigniter4/framework/system/Common.php(1093): CodeIgniter\View\View->render()
#4 /home/anonymous/Desktop/Projects/hotels.ng/app/Controllers/Hotels.php(198): view()
#5 /home/anonymous/Desktop/Projects/hotels.ng/vendor/codeigniter4/framework/system/CodeIgniter.php(802): App\Controllers\Hotels->viewHotel()
#6 /home/anonymous/Desktop/Projects/hotels.ng/vendor/codeigniter4/framework/system/CodeIgniter.php(399): CodeIgniter\CodeIgniter->runController()
#7 /home/anonymous/Desktop/Projects/hotels.ng/vendor/codeigniter4/framework/system/CodeIgniter.php(317): CodeIgniter\CodeIgniter->handleRequest()
#8 /home/anonymous/Desktop/Projects/hotels.ng/public/index.php(37): CodeIgniter\CodeIgniter->run()
#9 /home/anonymous/Desktop/Projects/hotels.ng/vendor/codeigniter4/framework/system/Commands/Server/rewrite.php(43): require_once('...')
#10 {main}
CRITICAL - 2021-09-29 16:46:47 --> Undefined array key "url_max"
#0 /home/anonymous/Desktop/Projects/hotels.ng/app/Views/hotels/single.php(6): CodeIgniter\Debug\Exceptions->errorHandler()
#1 /home/anonymous/Desktop/Projects/hotels.ng/vendor/codeigniter4/framework/system/View/View.php(214): include('...')
#2 /home/anonymous/Desktop/Projects/hotels.ng/vendor/codeigniter4/framework/system/View/View.php(217): CodeIgniter\View\View->CodeIgniter\View\{closure}()
#3 /home/anonymous/Desktop/Projects/hotels.ng/vendor/codeigniter4/framework/system/Common.php(1093): CodeIgniter\View\View->render()
#4 /home/anonymous/Desktop/Projects/hotels.ng/app/Controllers/Hotels.php(198): view()
#5 /home/anonymous/Desktop/Projects/hotels.ng/vendor/codeigniter4/framework/system/CodeIgniter.php(802): App\Controllers\Hotels->viewHotel()
#6 /home/anonymous/Desktop/Projects/hotels.ng/vendor/codeigniter4/framework/system/CodeIgniter.php(399): CodeIgniter\CodeIgniter->runController()
#7 /home/anonymous/Desktop/Projects/hotels.ng/vendor/codeigniter4/framework/system/CodeIgniter.php(317): CodeIgniter\CodeIgniter->handleRequest()
#8 /home/anonymous/Desktop/Projects/hotels.ng/public/index.php(37): CodeIgniter\CodeIgniter->run()
#9 /home/anonymous/Desktop/Projects/hotels.ng/vendor/codeigniter4/framework/system/Commands/Server/rewrite.php(43): require_once('...')
#10 {main}
CRITICAL - 2021-09-29 16:47:06 --> Undefined array key "url_max"
#0 /home/anonymous/Desktop/Projects/hotels.ng/app/Views/hotels/single.php(6): CodeIgniter\Debug\Exceptions->errorHandler()
#1 /home/anonymous/Desktop/Projects/hotels.ng/vendor/codeigniter4/framework/system/View/View.php(214): include('...')
#2 /home/anonymous/Desktop/Projects/hotels.ng/vendor/codeigniter4/framework/system/View/View.php(217): CodeIgniter\View\View->CodeIgniter\View\{closure}()
#3 /home/anonymous/Desktop/Projects/hotels.ng/vendor/codeigniter4/framework/system/Common.php(1093): CodeIgniter\View\View->render()
#4 /home/anonymous/Desktop/Projects/hotels.ng/app/Controllers/Hotels.php(198): view()
#5 /home/anonymous/Desktop/Projects/hotels.ng/vendor/codeigniter4/framework/system/CodeIgniter.php(802): App\Controllers\Hotels->viewHotel()
#6 /home/anonymous/Desktop/Projects/hotels.ng/vendor/codeigniter4/framework/system/CodeIgniter.php(399): CodeIgniter\CodeIgniter->runController()
#7 /home/anonymous/Desktop/Projects/hotels.ng/vendor/codeigniter4/framework/system/CodeIgniter.php(317): CodeIgniter\CodeIgniter->handleRequest()
#8 /home/anonymous/Desktop/Projects/hotels.ng/public/index.php(37): CodeIgniter\CodeIgniter->run()
#9 /home/anonymous/Desktop/Projects/hotels.ng/vendor/codeigniter4/framework/system/Commands/Server/rewrite.php(43): require_once('...')
#10 {main}
CRITICAL - 2021-09-29 16:47:10 --> Undefined array key "url_max"
#0 /home/anonymous/Desktop/Projects/hotels.ng/app/Views/hotels/single.php(6): CodeIgniter\Debug\Exceptions->errorHandler()
#1 /home/anonymous/Desktop/Projects/hotels.ng/vendor/codeigniter4/framework/system/View/View.php(214): include('...')
#2 /home/anonymous/Desktop/Projects/hotels.ng/vendor/codeigniter4/framework/system/View/View.php(217): CodeIgniter\View\View->CodeIgniter\View\{closure}()
#3 /home/anonymous/Desktop/Projects/hotels.ng/vendor/codeigniter4/framework/system/Common.php(1093): CodeIgniter\View\View->render()
#4 /home/anonymous/Desktop/Projects/hotels.ng/app/Controllers/Hotels.php(198): view()
#5 /home/anonymous/Desktop/Projects/hotels.ng/vendor/codeigniter4/framework/system/CodeIgniter.php(802): App\Controllers\Hotels->viewHotel()
#6 /home/anonymous/Desktop/Projects/hotels.ng/vendor/codeigniter4/framework/system/CodeIgniter.php(399): CodeIgniter\CodeIgniter->runController()
#7 /home/anonymous/Desktop/Projects/hotels.ng/vendor/codeigniter4/framework/system/CodeIgniter.php(317): CodeIgniter\CodeIgniter->handleRequest()
#8 /home/anonymous/Desktop/Projects/hotels.ng/public/index.php(37): CodeIgniter\CodeIgniter->run()
#9 /home/anonymous/Desktop/Projects/hotels.ng/vendor/codeigniter4/framework/system/Commands/Server/rewrite.php(43): require_once('...')
#10 {main}
CRITICAL - 2021-09-29 16:47:15 --> Undefined array key "url_max"
#0 /home/anonymous/Desktop/Projects/hotels.ng/app/Views/hotels/single.php(6): CodeIgniter\Debug\Exceptions->errorHandler()
#1 /home/anonymous/Desktop/Projects/hotels.ng/vendor/codeigniter4/framework/system/View/View.php(214): include('...')
#2 /home/anonymous/Desktop/Projects/hotels.ng/vendor/codeigniter4/framework/system/View/View.php(217): CodeIgniter\View\View->CodeIgniter\View\{closure}()
#3 /home/anonymous/Desktop/Projects/hotels.ng/vendor/codeigniter4/framework/system/Common.php(1093): CodeIgniter\View\View->render()
#4 /home/anonymous/Desktop/Projects/hotels.ng/app/Controllers/Hotels.php(198): view()
#5 /home/anonymous/Desktop/Projects/hotels.ng/vendor/codeigniter4/framework/system/CodeIgniter.php(802): App\Controllers\Hotels->viewHotel()
#6 /home/anonymous/Desktop/Projects/hotels.ng/vendor/codeigniter4/framework/system/CodeIgniter.php(399): CodeIgniter\CodeIgniter->runController()
#7 /home/anonymous/Desktop/Projects/hotels.ng/vendor/codeigniter4/framework/system/CodeIgniter.php(317): CodeIgniter\CodeIgniter->handleRequest()
#8 /home/anonymous/Desktop/Projects/hotels.ng/public/index.php(37): CodeIgniter\CodeIgniter->run()
#9 /home/anonymous/Desktop/Projects/hotels.ng/vendor/codeigniter4/framework/system/Commands/Server/rewrite.php(43): require_once('...')
#10 {main}
CRITICAL - 2021-09-29 16:56:31 --> Undefined array key "pro"
#0 /home/anonymous/Desktop/Projects/hotels.ng/app/Views/hotels/single.php(347): CodeIgniter\Debug\Exceptions->errorHandler()
#1 /home/anonymous/Desktop/Projects/hotels.ng/vendor/codeigniter4/framework/system/View/View.php(214): include('...')
#2 /home/anonymous/Desktop/Projects/hotels.ng/vendor/codeigniter4/framework/system/View/View.php(217): CodeIgniter\View\View->CodeIgniter\View\{closure}()
#3 /home/anonymous/Desktop/Projects/hotels.ng/vendor/codeigniter4/framework/system/Common.php(1093): CodeIgniter\View\View->render()
#4 /home/anonymous/Desktop/Projects/hotels.ng/app/Controllers/Hotels.php(198): view()
#5 /home/anonymous/Desktop/Projects/hotels.ng/vendor/codeigniter4/framework/system/CodeIgniter.php(802): App\Controllers\Hotels->viewHotel()
#6 /home/anonymous/Desktop/Projects/hotels.ng/vendor/codeigniter4/framework/system/CodeIgniter.php(399): CodeIgniter\CodeIgniter->runController()
#7 /home/anonymous/Desktop/Projects/hotels.ng/vendor/codeigniter4/framework/system/CodeIgniter.php(317): CodeIgniter\CodeIgniter->handleRequest()
#8 /home/anonymous/Desktop/Projects/hotels.ng/public/index.php(37): CodeIgniter\CodeIgniter->run()
#9 /home/anonymous/Desktop/Projects/hotels.ng/vendor/codeigniter4/framework/system/Commands/Server/rewrite.php(43): require_once('...')
#10 {main}
CRITICAL - 2021-09-29 16:57:23 --> Undefined array key "url_max"
#0 /home/anonymous/Desktop/Projects/hotels.ng/app/Views/hotels/single.php(6): CodeIgniter\Debug\Exceptions->errorHandler()
#1 /home/anonymous/Desktop/Projects/hotels.ng/vendor/codeigniter4/framework/system/View/View.php(214): include('...')
#2 /home/anonymous/Desktop/Projects/hotels.ng/vendor/codeigniter4/framework/system/View/View.php(217): CodeIgniter\View\View->CodeIgniter\View\{closure}()
#3 /home/anonymous/Desktop/Projects/hotels.ng/vendor/codeigniter4/framework/system/Common.php(1093): CodeIgniter\View\View->render()
#4 /home/anonymous/Desktop/Projects/hotels.ng/app/Controllers/Hotels.php(198): view()
#5 /home/anonymous/Desktop/Projects/hotels.ng/vendor/codeigniter4/framework/system/CodeIgniter.php(802): App\Controllers\Hotels->viewHotel()
#6 /home/anonymous/Desktop/Projects/hotels.ng/vendor/codeigniter4/framework/system/CodeIgniter.php(399): CodeIgniter\CodeIgniter->runController()
#7 /home/anonymous/Desktop/Projects/hotels.ng/vendor/codeigniter4/framework/system/CodeIgniter.php(317): CodeIgniter\CodeIgniter->handleRequest()
#8 /home/anonymous/Desktop/Projects/hotels.ng/public/index.php(37): CodeIgniter\CodeIgniter->run()
#9 /home/anonymous/Desktop/Projects/hotels.ng/vendor/codeigniter4/framework/system/Commands/Server/rewrite.php(43): require_once('...')
#10 {main}
CRITICAL - 2021-09-29 16:57:28 --> Undefined array key "url_max"
#0 /home/anonymous/Desktop/Projects/hotels.ng/app/Views/hotels/single.php(6): CodeIgniter\Debug\Exceptions->errorHandler()
#1 /home/anonymous/Desktop/Projects/hotels.ng/vendor/codeigniter4/framework/system/View/View.php(214): include('...')
#2 /home/anonymous/Desktop/Projects/hotels.ng/vendor/codeigniter4/framework/system/View/View.php(217): CodeIgniter\View\View->CodeIgniter\View\{closure}()
#3 /home/anonymous/Desktop/Projects/hotels.ng/vendor/codeigniter4/framework/system/Common.php(1093): CodeIgniter\View\View->render()
#4 /home/anonymous/Desktop/Projects/hotels.ng/app/Controllers/Hotels.php(198): view()
#5 /home/anonymous/Desktop/Projects/hotels.ng/vendor/codeigniter4/framework/system/CodeIgniter.php(802): App\Controllers\Hotels->viewHotel()
#6 /home/anonymous/Desktop/Projects/hotels.ng/vendor/codeigniter4/framework/system/CodeIgniter.php(399): CodeIgniter\CodeIgniter->runController()
#7 /home/anonymous/Desktop/Projects/hotels.ng/vendor/codeigniter4/framework/system/CodeIgniter.php(317): CodeIgniter\CodeIgniter->handleRequest()
#8 /home/anonymous/Desktop/Projects/hotels.ng/public/index.php(37): CodeIgniter\CodeIgniter->run()
#9 /home/anonymous/Desktop/Projects/hotels.ng/vendor/codeigniter4/framework/system/Commands/Server/rewrite.php(43): require_once('...')
#10 {main}
CRITICAL - 2021-09-29 16:57:31 --> Undefined array key "url_max"
#0 /home/anonymous/Desktop/Projects/hotels.ng/app/Views/hotels/single.php(6): CodeIgniter\Debug\Exceptions->errorHandler()
#1 /home/anonymous/Desktop/Projects/hotels.ng/vendor/codeigniter4/framework/system/View/View.php(214): include('...')
#2 /home/anonymous/Desktop/Projects/hotels.ng/vendor/codeigniter4/framework/system/View/View.php(217): CodeIgniter\View\View->CodeIgniter\View\{closure}()
#3 /home/anonymous/Desktop/Projects/hotels.ng/vendor/codeigniter4/framework/system/Common.php(1093): CodeIgniter\View\View->render()
#4 /home/anonymous/Desktop/Projects/hotels.ng/app/Controllers/Hotels.php(198): view()
#5 /home/anonymous/Desktop/Projects/hotels.ng/vendor/codeigniter4/framework/system/CodeIgniter.php(802): App\Controllers\Hotels->viewHotel()
#6 /home/anonymous/Desktop/Projects/hotels.ng/vendor/codeigniter4/framework/system/CodeIgniter.php(399): CodeIgniter\CodeIgniter->runController()
#7 /home/anonymous/Desktop/Projects/hotels.ng/vendor/codeigniter4/framework/system/CodeIgniter.php(317): CodeIgniter\CodeIgniter->handleRequest()
#8 /home/anonymous/Desktop/Projects/hotels.ng/public/index.php(37): CodeIgniter\CodeIgniter->run()
#9 /home/anonymous/Desktop/Projects/hotels.ng/vendor/codeigniter4/framework/system/Commands/Server/rewrite.php(43): require_once('...')
#10 {main}
CRITICAL - 2021-09-29 16:57:35 --> Undefined array key "url_max"
#0 /home/anonymous/Desktop/Projects/hotels.ng/app/Views/hotels/single.php(6): CodeIgniter\Debug\Exceptions->errorHandler()
#1 /home/anonymous/Desktop/Projects/hotels.ng/vendor/codeigniter4/framework/system/View/View.php(214): include('...')
#2 /home/anonymous/Desktop/Projects/hotels.ng/vendor/codeigniter4/framework/system/View/View.php(217): CodeIgniter\View\View->CodeIgniter\View\{closure}()
#3 /home/anonymous/Desktop/Projects/hotels.ng/vendor/codeigniter4/framework/system/Common.php(1093): CodeIgniter\View\View->render()
#4 /home/anonymous/Desktop/Projects/hotels.ng/app/Controllers/Hotels.php(198): view()
#5 /home/anonymous/Desktop/Projects/hotels.ng/vendor/codeigniter4/framework/system/CodeIgniter.php(802): App\Controllers\Hotels->viewHotel()
#6 /home/anonymous/Desktop/Projects/hotels.ng/vendor/codeigniter4/framework/system/CodeIgniter.php(399): CodeIgniter\CodeIgniter->runController()
#7 /home/anonymous/Desktop/Projects/hotels.ng/vendor/codeigniter4/framework/system/CodeIgniter.php(317): CodeIgniter\CodeIgniter->handleRequest()
#8 /home/anonymous/Desktop/Projects/hotels.ng/public/index.php(37): CodeIgniter\CodeIgniter->run()
#9 /home/anonymous/Desktop/Projects/hotels.ng/vendor/codeigniter4/framework/system/Commands/Server/rewrite.php(43): require_once('...')
#10 {main}
CRITICAL - 2021-09-29 16:59:49 --> Trying to access array offset on value of type null
#0 /home/anonymous/Desktop/Projects/hotels.ng/app/Views/hotels/single.php(331): CodeIgniter\Debug\Exceptions->errorHandler()
#1 /home/anonymous/Desktop/Projects/hotels.ng/vendor/codeigniter4/framework/system/View/View.php(214): include('...')
#2 /home/anonymous/Desktop/Projects/hotels.ng/vendor/codeigniter4/framework/system/View/View.php(217): CodeIgniter\View\View->CodeIgniter\View\{closure}()
#3 /home/anonymous/Desktop/Projects/hotels.ng/vendor/codeigniter4/framework/system/Common.php(1093): CodeIgniter\View\View->render()
#4 /home/anonymous/Desktop/Projects/hotels.ng/app/Controllers/Hotels.php(198): view()
#5 /home/anonymous/Desktop/Projects/hotels.ng/vendor/codeigniter4/framework/system/CodeIgniter.php(802): App\Controllers\Hotels->viewHotel()
#6 /home/anonymous/Desktop/Projects/hotels.ng/vendor/codeigniter4/framework/system/CodeIgniter.php(399): CodeIgniter\CodeIgniter->runController()
#7 /home/anonymous/Desktop/Projects/hotels.ng/vendor/codeigniter4/framework/system/CodeIgniter.php(317): CodeIgniter\CodeIgniter->handleRequest()
#8 /home/anonymous/Desktop/Projects/hotels.ng/public/index.php(37): CodeIgniter\CodeIgniter->run()
#9 /home/anonymous/Desktop/Projects/hotels.ng/vendor/codeigniter4/framework/system/Commands/Server/rewrite.php(43): require_once('...')
#10 {main}
CRITICAL - 2021-09-29 16:59:53 --> Undefined array key "url_max"
#0 /home/anonymous/Desktop/Projects/hotels.ng/app/Views/hotels/single.php(6): CodeIgniter\Debug\Exceptions->errorHandler()
#1 /home/anonymous/Desktop/Projects/hotels.ng/vendor/codeigniter4/framework/system/View/View.php(214): include('...')
#2 /home/anonymous/Desktop/Projects/hotels.ng/vendor/codeigniter4/framework/system/View/View.php(217): CodeIgniter\View\View->CodeIgniter\View\{closure}()
#3 /home/anonymous/Desktop/Projects/hotels.ng/vendor/codeigniter4/framework/system/Common.php(1093): CodeIgniter\View\View->render()
#4 /home/anonymous/Desktop/Projects/hotels.ng/app/Controllers/Hotels.php(198): view()
#5 /home/anonymous/Desktop/Projects/hotels.ng/vendor/codeigniter4/framework/system/CodeIgniter.php(802): App\Controllers\Hotels->viewHotel()
#6 /home/anonymous/Desktop/Projects/hotels.ng/vendor/codeigniter4/framework/system/CodeIgniter.php(399): CodeIgniter\CodeIgniter->runController()
#7 /home/anonymous/Desktop/Projects/hotels.ng/vendor/codeigniter4/framework/system/CodeIgniter.php(317): CodeIgniter\CodeIgniter->handleRequest()
#8 /home/anonymous/Desktop/Projects/hotels.ng/public/index.php(37): CodeIgniter\CodeIgniter->run()
#9 /home/anonymous/Desktop/Projects/hotels.ng/vendor/codeigniter4/framework/system/Commands/Server/rewrite.php(43): require_once('...')
#10 {main}
CRITICAL - 2021-09-29 16:59:57 --> Undefined array key "url_max"
#0 /home/anonymous/Desktop/Projects/hotels.ng/app/Views/hotels/single.php(6): CodeIgniter\Debug\Exceptions->errorHandler()
#1 /home/anonymous/Desktop/Projects/hotels.ng/vendor/codeigniter4/framework/system/View/View.php(214): include('...')
#2 /home/anonymous/Desktop/Projects/hotels.ng/vendor/codeigniter4/framework/system/View/View.php(217): CodeIgniter\View\View->CodeIgniter\View\{closure}()
#3 /home/anonymous/Desktop/Projects/hotels.ng/vendor/codeigniter4/framework/system/Common.php(1093): CodeIgniter\View\View->render()
#4 /home/anonymous/Desktop/Projects/hotels.ng/app/Controllers/Hotels.php(198): view()
#5 /home/anonymous/Desktop/Projects/hotels.ng/vendor/codeigniter4/framework/system/CodeIgniter.php(802): App\Controllers\Hotels->viewHotel()
#6 /home/anonymous/Desktop/Projects/hotels.ng/vendor/codeigniter4/framework/system/CodeIgniter.php(399): CodeIgniter\CodeIgniter->runController()
#7 /home/anonymous/Desktop/Projects/hotels.ng/vendor/codeigniter4/framework/system/CodeIgniter.php(317): CodeIgniter\CodeIgniter->handleRequest()
#8 /home/anonymous/Desktop/Projects/hotels.ng/public/index.php(37): CodeIgniter\CodeIgniter->run()
#9 /home/anonymous/Desktop/Projects/hotels.ng/vendor/codeigniter4/framework/system/Commands/Server/rewrite.php(43): require_once('...')
#10 {main}
CRITICAL - 2021-09-29 17:00:02 --> Undefined array key "url_max"
#0 /home/anonymous/Desktop/Projects/hotels.ng/app/Views/hotels/single.php(6): CodeIgniter\Debug\Exceptions->errorHandler()
#1 /home/anonymous/Desktop/Projects/hotels.ng/vendor/codeigniter4/framework/system/View/View.php(214): include('...')
#2 /home/anonymous/Desktop/Projects/hotels.ng/vendor/codeigniter4/framework/system/View/View.php(217): CodeIgniter\View\View->CodeIgniter\View\{closure}()
#3 /home/anonymous/Desktop/Projects/hotels.ng/vendor/codeigniter4/framework/system/Common.php(1093): CodeIgniter\View\View->render()
#4 /home/anonymous/Desktop/Projects/hotels.ng/app/Controllers/Hotels.php(198): view()
#5 /home/anonymous/Desktop/Projects/hotels.ng/vendor/codeigniter4/framework/system/CodeIgniter.php(802): App\Controllers\Hotels->viewHotel()
#6 /home/anonymous/Desktop/Projects/hotels.ng/vendor/codeigniter4/framework/system/CodeIgniter.php(399): CodeIgniter\CodeIgniter->runController()
#7 /home/anonymous/Desktop/Projects/hotels.ng/vendor/codeigniter4/framework/system/CodeIgniter.php(317): CodeIgniter\CodeIgniter->handleRequest()
#8 /home/anonymous/Desktop/Projects/hotels.ng/public/index.php(37): CodeIgniter\CodeIgniter->run()
#9 /home/anonymous/Desktop/Projects/hotels.ng/vendor/codeigniter4/framework/system/Commands/Server/rewrite.php(43): require_once('...')
#10 {main}
CRITICAL - 2021-09-29 17:00:06 --> Undefined array key "url_max"
#0 /home/anonymous/Desktop/Projects/hotels.ng/app/Views/hotels/single.php(6): CodeIgniter\Debug\Exceptions->errorHandler()
#1 /home/anonymous/Desktop/Projects/hotels.ng/vendor/codeigniter4/framework/system/View/View.php(214): include('...')
#2 /home/anonymous/Desktop/Projects/hotels.ng/vendor/codeigniter4/framework/system/View/View.php(217): CodeIgniter\View\View->CodeIgniter\View\{closure}()
#3 /home/anonymous/Desktop/Projects/hotels.ng/vendor/codeigniter4/framework/system/Common.php(1093): CodeIgniter\View\View->render()
#4 /home/anonymous/Desktop/Projects/hotels.ng/app/Controllers/Hotels.php(198): view()
#5 /home/anonymous/Desktop/Projects/hotels.ng/vendor/codeigniter4/framework/system/CodeIgniter.php(802): App\Controllers\Hotels->viewHotel()
#6 /home/anonymous/Desktop/Projects/hotels.ng/vendor/codeigniter4/framework/system/CodeIgniter.php(399): CodeIgniter\CodeIgniter->runController()
#7 /home/anonymous/Desktop/Projects/hotels.ng/vendor/codeigniter4/framework/system/CodeIgniter.php(317): CodeIgniter\CodeIgniter->handleRequest()
#8 /home/anonymous/Desktop/Projects/hotels.ng/public/index.php(37): CodeIgniter\CodeIgniter->run()
#9 /home/anonymous/Desktop/Projects/hotels.ng/vendor/codeigniter4/framework/system/Commands/Server/rewrite.php(43): require_once('...')
#10 {main}
CRITICAL - 2021-09-29 17:03:35 --> Undefined array key "url_max"
#0 /home/anonymous/Desktop/Projects/hotels.ng/app/Views/hotels/single.php(6): CodeIgniter\Debug\Exceptions->errorHandler()
#1 /home/anonymous/Desktop/Projects/hotels.ng/vendor/codeigniter4/framework/system/View/View.php(214): include('...')
#2 /home/anonymous/Desktop/Projects/hotels.ng/vendor/codeigniter4/framework/system/View/View.php(217): CodeIgniter\View\View->CodeIgniter\View\{closure}()
#3 /home/anonymous/Desktop/Projects/hotels.ng/vendor/codeigniter4/framework/system/Common.php(1093): CodeIgniter\View\View->render()
#4 /home/anonymous/Desktop/Projects/hotels.ng/app/Controllers/Hotels.php(198): view()
#5 /home/anonymous/Desktop/Projects/hotels.ng/vendor/codeigniter4/framework/system/CodeIgniter.php(802): App\Controllers\Hotels->viewHotel()
#6 /home/anonymous/Desktop/Projects/hotels.ng/vendor/codeigniter4/framework/system/CodeIgniter.php(399): CodeIgniter\CodeIgniter->runController()
#7 /home/anonymous/Desktop/Projects/hotels.ng/vendor/codeigniter4/framework/system/CodeIgniter.php(317): CodeIgniter\CodeIgniter->handleRequest()
#8 /home/anonymous/Desktop/Projects/hotels.ng/public/index.php(37): CodeIgniter\CodeIgniter->run()
#9 /home/anonymous/Desktop/Projects/hotels.ng/vendor/codeigniter4/framework/system/Commands/Server/rewrite.php(43): require_once('...')
#10 {main}
CRITICAL - 2021-09-29 17:03:38 --> Undefined array key "url_max"
#0 /home/anonymous/Desktop/Projects/hotels.ng/app/Views/hotels/single.php(6): CodeIgniter\Debug\Exceptions->errorHandler()
#1 /home/anonymous/Desktop/Projects/hotels.ng/vendor/codeigniter4/framework/system/View/View.php(214): include('...')
#2 /home/anonymous/Desktop/Projects/hotels.ng/vendor/codeigniter4/framework/system/View/View.php(217): CodeIgniter\View\View->CodeIgniter\View\{closure}()
#3 /home/anonymous/Desktop/Projects/hotels.ng/vendor/codeigniter4/framework/system/Common.php(1093): CodeIgniter\View\View->render()
#4 /home/anonymous/Desktop/Projects/hotels.ng/app/Controllers/Hotels.php(198): view()
#5 /home/anonymous/Desktop/Projects/hotels.ng/vendor/codeigniter4/framework/system/CodeIgniter.php(802): App\Controllers\Hotels->viewHotel()
#6 /home/anonymous/Desktop/Projects/hotels.ng/vendor/codeigniter4/framework/system/CodeIgniter.php(399): CodeIgniter\CodeIgniter->runController()
#7 /home/anonymous/Desktop/Projects/hotels.ng/vendor/codeigniter4/framework/system/CodeIgniter.php(317): CodeIgniter\CodeIgniter->handleRequest()
#8 /home/anonymous/Desktop/Projects/hotels.ng/public/index.php(37): CodeIgniter\CodeIgniter->run()
#9 /home/anonymous/Desktop/Projects/hotels.ng/vendor/codeigniter4/framework/system/Commands/Server/rewrite.php(43): require_once('...')
#10 {main}
CRITICAL - 2021-09-29 17:03:58 --> Undefined array key "url_max"
#0 /home/anonymous/Desktop/Projects/hotels.ng/app/Views/hotels/single.php(6): CodeIgniter\Debug\Exceptions->errorHandler()
#1 /home/anonymous/Desktop/Projects/hotels.ng/vendor/codeigniter4/framework/system/View/View.php(214): include('...')
#2 /home/anonymous/Desktop/Projects/hotels.ng/vendor/codeigniter4/framework/system/View/View.php(217): CodeIgniter\View\View->CodeIgniter\View\{closure}()
#3 /home/anonymous/Desktop/Projects/hotels.ng/vendor/codeigniter4/framework/system/Common.php(1093): CodeIgniter\View\View->render()
#4 /home/anonymous/Desktop/Projects/hotels.ng/app/Controllers/Hotels.php(198): view()
#5 /home/anonymous/Desktop/Projects/hotels.ng/vendor/codeigniter4/framework/system/CodeIgniter.php(802): App\Controllers\Hotels->viewHotel()
#6 /home/anonymous/Desktop/Projects/hotels.ng/vendor/codeigniter4/framework/system/CodeIgniter.php(399): CodeIgniter\CodeIgniter->runController()
#7 /home/anonymous/Desktop/Projects/hotels.ng/vendor/codeigniter4/framework/system/CodeIgniter.php(317): CodeIgniter\CodeIgniter->handleRequest()
#8 /home/anonymous/Desktop/Projects/hotels.ng/public/index.php(37): CodeIgniter\CodeIgniter->run()
#9 /home/anonymous/Desktop/Projects/hotels.ng/vendor/codeigniter4/framework/system/Commands/Server/rewrite.php(43): require_once('...')
#10 {main}
CRITICAL - 2021-09-29 17:03:58 --> syntax error, unexpected identifier "pub", expecting "function" or "const"
#0 /home/anonymous/Desktop/Projects/hotels.ng/vendor/codeigniter4/framework/system/Router/Router.php(160): CodeIgniter\Router\Router->autoRoute()
#1 /home/anonymous/Desktop/Projects/hotels.ng/vendor/codeigniter4/framework/system/CodeIgniter.php(702): CodeIgniter\Router\Router->handle()
#2 /home/anonymous/Desktop/Projects/hotels.ng/vendor/codeigniter4/framework/system/CodeIgniter.php(358): CodeIgniter\CodeIgniter->tryToRouteIt()
#3 /home/anonymous/Desktop/Projects/hotels.ng/vendor/codeigniter4/framework/system/CodeIgniter.php(317): CodeIgniter\CodeIgniter->handleRequest()
#4 /home/anonymous/Desktop/Projects/hotels.ng/public/index.php(37): CodeIgniter\CodeIgniter->run()
#5 /home/anonymous/Desktop/Projects/hotels.ng/vendor/codeigniter4/framework/system/Commands/Server/rewrite.php(43): require_once('...')
#6 {main}
CRITICAL - 2021-09-29 17:03:58 --> Multiple access type modifiers are not allowed
#0 /home/anonymous/Desktop/Projects/hotels.ng/vendor/codeigniter4/framework/system/Router/Router.php(160): CodeIgniter\Router\Router->autoRoute()
#1 /home/anonymous/Desktop/Projects/hotels.ng/vendor/codeigniter4/framework/system/CodeIgniter.php(702): CodeIgniter\Router\Router->handle()
#2 /home/anonymous/Desktop/Projects/hotels.ng/vendor/codeigniter4/framework/system/CodeIgniter.php(358): CodeIgniter\CodeIgniter->tryToRouteIt()
#3 /home/anonymous/Desktop/Projects/hotels.ng/vendor/codeigniter4/framework/system/CodeIgniter.php(317): CodeIgniter\CodeIgniter->handleRequest()
#4 /home/anonymous/Desktop/Projects/hotels.ng/public/index.php(37): CodeIgniter\CodeIgniter->run()
#5 /home/anonymous/Desktop/Projects/hotels.ng/vendor/codeigniter4/framework/system/Commands/Server/rewrite.php(43): require_once('...')
#6 {main}
CRITICAL - 2021-09-29 17:07:07 --> Undefined variable $city_centre
#0 /home/anonymous/Desktop/Projects/hotels.ng/app/Views/hotels/single.php(150): CodeIgniter\Debug\Exceptions->errorHandler()
#1 /home/anonymous/Desktop/Projects/hotels.ng/vendor/codeigniter4/framework/system/View/View.php(214): include('...')
#2 /home/anonymous/Desktop/Projects/hotels.ng/vendor/codeigniter4/framework/system/View/View.php(217): CodeIgniter\View\View->CodeIgniter\View\{closure}()
#3 /home/anonymous/Desktop/Projects/hotels.ng/vendor/codeigniter4/framework/system/Common.php(1093): CodeIgniter\View\View->render()
#4 /home/anonymous/Desktop/Projects/hotels.ng/app/Controllers/Hotels.php(212): view()
#5 /home/anonymous/Desktop/Projects/hotels.ng/vendor/codeigniter4/framework/system/CodeIgniter.php(802): App\Controllers\Hotels->viewHotel()
#6 /home/anonymous/Desktop/Projects/hotels.ng/vendor/codeigniter4/framework/system/CodeIgniter.php(399): CodeIgniter\CodeIgniter->runController()
#7 /home/anonymous/Desktop/Projects/hotels.ng/vendor/codeigniter4/framework/system/CodeIgniter.php(317): CodeIgniter\CodeIgniter->handleRequest()
#8 /home/anonymous/Desktop/Projects/hotels.ng/public/index.php(37): CodeIgniter\CodeIgniter->run()
#9 /home/anonymous/Desktop/Projects/hotels.ng/vendor/codeigniter4/framework/system/Commands/Server/rewrite.php(43): require_once('...')
#10 {main}
CRITICAL - 2021-09-29 17:07:14 --> Undefined variable $city_centre
#0 /home/anonymous/Desktop/Projects/hotels.ng/app/Views/hotels/single.php(150): CodeIgniter\Debug\Exceptions->errorHandler()
#1 /home/anonymous/Desktop/Projects/hotels.ng/vendor/codeigniter4/framework/system/View/View.php(214): include('...')
#2 /home/anonymous/Desktop/Projects/hotels.ng/vendor/codeigniter4/framework/system/View/View.php(217): CodeIgniter\View\View->CodeIgniter\View\{closure}()
#3 /home/anonymous/Desktop/Projects/hotels.ng/vendor/codeigniter4/framework/system/Common.php(1093): CodeIgniter\View\View->render()
#4 /home/anonymous/Desktop/Projects/hotels.ng/app/Controllers/Hotels.php(212): view()
#5 /home/anonymous/Desktop/Projects/hotels.ng/vendor/codeigniter4/framework/system/CodeIgniter.php(802): App\Controllers\Hotels->viewHotel()
#6 /home/anonymous/Desktop/Projects/hotels.ng/vendor/codeigniter4/framework/system/CodeIgniter.php(399): CodeIgniter\CodeIgniter->runController()
#7 /home/anonymous/Desktop/Projects/hotels.ng/vendor/codeigniter4/framework/system/CodeIgniter.php(317): CodeIgniter\CodeIgniter->handleRequest()
#8 /home/anonymous/Desktop/Projects/hotels.ng/public/index.php(37): CodeIgniter\CodeIgniter->run()
#9 /home/anonymous/Desktop/Projects/hotels.ng/vendor/codeigniter4/framework/system/Commands/Server/rewrite.php(43): require_once('...')
#10 {main}
CRITICAL - 2021-09-29 17:07:20 --> Undefined variable $city_centre
#0 /home/anonymous/Desktop/Projects/hotels.ng/app/Views/hotels/single.php(150): CodeIgniter\Debug\Exceptions->errorHandler()
#1 /home/anonymous/Desktop/Projects/hotels.ng/vendor/codeigniter4/framework/system/View/View.php(214): include('...')
#2 /home/anonymous/Desktop/Projects/hotels.ng/vendor/codeigniter4/framework/system/View/View.php(217): CodeIgniter\View\View->CodeIgniter\View\{closure}()
#3 /home/anonymous/Desktop/Projects/hotels.ng/vendor/codeigniter4/framework/system/Common.php(1093): CodeIgniter\View\View->render()
#4 /home/anonymous/Desktop/Projects/hotels.ng/app/Controllers/Hotels.php(212): view()
#5 /home/anonymous/Desktop/Projects/hotels.ng/vendor/codeigniter4/framework/system/CodeIgniter.php(802): App\Controllers\Hotels->viewHotel()
#6 /home/anonymous/Desktop/Projects/hotels.ng/vendor/codeigniter4/framework/system/CodeIgniter.php(399): CodeIgniter\CodeIgniter->runController()
#7 /home/anonymous/Desktop/Projects/hotels.ng/vendor/codeigniter4/framework/system/CodeIgniter.php(317): CodeIgniter\CodeIgniter->handleRequest()
#8 /home/anonymous/Desktop/Projects/hotels.ng/public/index.php(37): CodeIgniter\CodeIgniter->run()
#9 /home/anonymous/Desktop/Projects/hotels.ng/vendor/codeigniter4/framework/system/Commands/Server/rewrite.php(43): require_once('...')
#10 {main}
CRITICAL - 2021-09-29 17:08:40 --> Undefined array key "geo_info"
#0 /home/anonymous/Desktop/Projects/hotels.ng/app/Controllers/Hotels.php(193): CodeIgniter\Debug\Exceptions->errorHandler()
#1 /home/anonymous/Desktop/Projects/hotels.ng/app/Controllers/Hotels.php(207): App\Controllers\Hotels->getMap()
#2 /home/anonymous/Desktop/Projects/hotels.ng/vendor/codeigniter4/framework/system/CodeIgniter.php(802): App\Controllers\Hotels->viewHotel()
#3 /home/anonymous/Desktop/Projects/hotels.ng/vendor/codeigniter4/framework/system/CodeIgniter.php(399): CodeIgniter\CodeIgniter->runController()
#4 /home/anonymous/Desktop/Projects/hotels.ng/vendor/codeigniter4/framework/system/CodeIgniter.php(317): CodeIgniter\CodeIgniter->handleRequest()
#5 /home/anonymous/Desktop/Projects/hotels.ng/public/index.php(37): CodeIgniter\CodeIgniter->run()
#6 /home/anonymous/Desktop/Projects/hotels.ng/vendor/codeigniter4/framework/system/Commands/Server/rewrite.php(43): require_once('...')
#7 {main}
CRITICAL - 2021-09-29 17:08:44 --> Undefined array key "geo_info"
#0 /home/anonymous/Desktop/Projects/hotels.ng/app/Controllers/Hotels.php(193): CodeIgniter\Debug\Exceptions->errorHandler()
#1 /home/anonymous/Desktop/Projects/hotels.ng/app/Controllers/Hotels.php(207): App\Controllers\Hotels->getMap()
#2 /home/anonymous/Desktop/Projects/hotels.ng/vendor/codeigniter4/framework/system/CodeIgniter.php(802): App\Controllers\Hotels->viewHotel()
#3 /home/anonymous/Desktop/Projects/hotels.ng/vendor/codeigniter4/framework/system/CodeIgniter.php(399): CodeIgniter\CodeIgniter->runController()
#4 /home/anonymous/Desktop/Projects/hotels.ng/vendor/codeigniter4/framework/system/CodeIgniter.php(317): CodeIgniter\CodeIgniter->handleRequest()
#5 /home/anonymous/Desktop/Projects/hotels.ng/public/index.php(37): CodeIgniter\CodeIgniter->run()
#6 /home/anonymous/Desktop/Projects/hotels.ng/vendor/codeigniter4/framework/system/Commands/Server/rewrite.php(43): require_once('...')
#7 {main}
CRITICAL - 2021-09-29 17:08:49 --> Undefined array key "geo_info"
#0 /home/anonymous/Desktop/Projects/hotels.ng/app/Controllers/Hotels.php(193): CodeIgniter\Debug\Exceptions->errorHandler()
#1 /home/anonymous/Desktop/Projects/hotels.ng/app/Controllers/Hotels.php(207): App\Controllers\Hotels->getMap()
#2 /home/anonymous/Desktop/Projects/hotels.ng/vendor/codeigniter4/framework/system/CodeIgniter.php(802): App\Controllers\Hotels->viewHotel()
#3 /home/anonymous/Desktop/Projects/hotels.ng/vendor/codeigniter4/framework/system/CodeIgniter.php(399): CodeIgniter\CodeIgniter->runController()
#4 /home/anonymous/Desktop/Projects/hotels.ng/vendor/codeigniter4/framework/system/CodeIgniter.php(317): CodeIgniter\CodeIgniter->handleRequest()
#5 /home/anonymous/Desktop/Projects/hotels.ng/public/index.php(37): CodeIgniter\CodeIgniter->run()
#6 /home/anonymous/Desktop/Projects/hotels.ng/vendor/codeigniter4/framework/system/Commands/Server/rewrite.php(43): require_once('...')
#7 {main}
CRITICAL - 2021-09-29 17:08:54 --> Undefined array key "geo_info"
#0 /home/anonymous/Desktop/Projects/hotels.ng/app/Controllers/Hotels.php(193): CodeIgniter\Debug\Exceptions->errorHandler()
#1 /home/anonymous/Desktop/Projects/hotels.ng/app/Controllers/Hotels.php(207): App\Controllers\Hotels->getMap()
#2 /home/anonymous/Desktop/Projects/hotels.ng/vendor/codeigniter4/framework/system/CodeIgniter.php(802): App\Controllers\Hotels->viewHotel()
#3 /home/anonymous/Desktop/Projects/hotels.ng/vendor/codeigniter4/framework/system/CodeIgniter.php(399): CodeIgniter\CodeIgniter->runController()
#4 /home/anonymous/Desktop/Projects/hotels.ng/vendor/codeigniter4/framework/system/CodeIgniter.php(317): CodeIgniter\CodeIgniter->handleRequest()
#5 /home/anonymous/Desktop/Projects/hotels.ng/public/index.php(37): CodeIgniter\CodeIgniter->run()
#6 /home/anonymous/Desktop/Projects/hotels.ng/vendor/codeigniter4/framework/system/Commands/Server/rewrite.php(43): require_once('...')
#7 {main}
CRITICAL - 2021-09-29 17:13:30 --> Undefined array key "url_max"
#0 /home/anonymous/Desktop/Projects/hotels.ng/app/Views/hotels/single.php(6): CodeIgniter\Debug\Exceptions->errorHandler()
#1 /home/anonymous/Desktop/Projects/hotels.ng/vendor/codeigniter4/framework/system/View/View.php(214): include('...')
#2 /home/anonymous/Desktop/Projects/hotels.ng/vendor/codeigniter4/framework/system/View/View.php(217): CodeIgniter\View\View->CodeIgniter\View\{closure}()
#3 /home/anonymous/Desktop/Projects/hotels.ng/vendor/codeigniter4/framework/system/Common.php(1093): CodeIgniter\View\View->render()
#4 /home/anonymous/Desktop/Projects/hotels.ng/app/Controllers/Hotels.php(212): view()
#5 /home/anonymous/Desktop/Projects/hotels.ng/vendor/codeigniter4/framework/system/CodeIgniter.php(802): App\Controllers\Hotels->viewHotel()
#6 /home/anonymous/Desktop/Projects/hotels.ng/vendor/codeigniter4/framework/system/CodeIgniter.php(399): CodeIgniter\CodeIgniter->runController()
#7 /home/anonymous/Desktop/Projects/hotels.ng/vendor/codeigniter4/framework/system/CodeIgniter.php(317): CodeIgniter\CodeIgniter->handleRequest()
#8 /home/anonymous/Desktop/Projects/hotels.ng/public/index.php(37): CodeIgniter\CodeIgniter->run()
#9 /home/anonymous/Desktop/Projects/hotels.ng/vendor/codeigniter4/framework/system/Commands/Server/rewrite.php(43): require_once('...')
#10 {main}
CRITICAL - 2021-09-29 17:14:17 --> foreach() argument must be of type array|object, null given
#0 /home/anonymous/Desktop/Projects/hotels.ng/app/Views/hotels/single.php(5): CodeIgniter\Debug\Exceptions->errorHandler()
#1 /home/anonymous/Desktop/Projects/hotels.ng/vendor/codeigniter4/framework/system/View/View.php(214): include('...')
#2 /home/anonymous/Desktop/Projects/hotels.ng/vendor/codeigniter4/framework/system/View/View.php(217): CodeIgniter\View\View->CodeIgniter\View\{closure}()
#3 /home/anonymous/Desktop/Projects/hotels.ng/vendor/codeigniter4/framework/system/Common.php(1093): CodeIgniter\View\View->render()
#4 /home/anonymous/Desktop/Projects/hotels.ng/app/Controllers/Hotels.php(212): view()
#5 /home/anonymous/Desktop/Projects/hotels.ng/vendor/codeigniter4/framework/system/CodeIgniter.php(802): App\Controllers\Hotels->viewHotel()
#6 /home/anonymous/Desktop/Projects/hotels.ng/vendor/codeigniter4/framework/system/CodeIgniter.php(399): CodeIgniter\CodeIgniter->runController()
#7 /home/anonymous/Desktop/Projects/hotels.ng/vendor/codeigniter4/framework/system/CodeIgniter.php(317): CodeIgniter\CodeIgniter->handleRequest()
#8 /home/anonymous/Desktop/Projects/hotels.ng/public/index.php(37): CodeIgniter\CodeIgniter->run()
#9 /home/anonymous/Desktop/Projects/hotels.ng/vendor/codeigniter4/framework/system/Commands/Server/rewrite.php(43): require_once('...')
#10 {main}
CRITICAL - 2021-09-29 17:14:24 --> Undefined array key "url_max"
#0 /home/anonymous/Desktop/Projects/hotels.ng/app/Views/hotels/single.php(6): CodeIgniter\Debug\Exceptions->errorHandler()
#1 /home/anonymous/Desktop/Projects/hotels.ng/vendor/codeigniter4/framework/system/View/View.php(214): include('...')
#2 /home/anonymous/Desktop/Projects/hotels.ng/vendor/codeigniter4/framework/system/View/View.php(217): CodeIgniter\View\View->CodeIgniter\View\{closure}()
#3 /home/anonymous/Desktop/Projects/hotels.ng/vendor/codeigniter4/framework/system/Common.php(1093): CodeIgniter\View\View->render()
#4 /home/anonymous/Desktop/Projects/hotels.ng/app/Controllers/Hotels.php(212): view()
#5 /home/anonymous/Desktop/Projects/hotels.ng/vendor/codeigniter4/framework/system/CodeIgniter.php(802): App\Controllers\Hotels->viewHotel()
#6 /home/anonymous/Desktop/Projects/hotels.ng/vendor/codeigniter4/framework/system/CodeIgniter.php(399): CodeIgniter\CodeIgniter->runController()
#7 /home/anonymous/Desktop/Projects/hotels.ng/vendor/codeigniter4/framework/system/CodeIgniter.php(317): CodeIgniter\CodeIgniter->handleRequest()
#8 /home/anonymous/Desktop/Projects/hotels.ng/public/index.php(37): CodeIgniter\CodeIgniter->run()
#9 /home/anonymous/Desktop/Projects/hotels.ng/vendor/codeigniter4/framework/system/Commands/Server/rewrite.php(43): require_once('...')
#10 {main}
CRITICAL - 2021-09-29 17:15:00 --> Undefined array key "url_max"
#0 /home/anonymous/Desktop/Projects/hotels.ng/app/Views/hotels/single.php(6): CodeIgniter\Debug\Exceptions->errorHandler()
#1 /home/anonymous/Desktop/Projects/hotels.ng/vendor/codeigniter4/framework/system/View/View.php(214): include('...')
#2 /home/anonymous/Desktop/Projects/hotels.ng/vendor/codeigniter4/framework/system/View/View.php(217): CodeIgniter\View\View->CodeIgniter\View\{closure}()
#3 /home/anonymous/Desktop/Projects/hotels.ng/vendor/codeigniter4/framework/system/Common.php(1093): CodeIgniter\View\View->render()
#4 /home/anonymous/Desktop/Projects/hotels.ng/app/Controllers/Hotels.php(212): view()
#5 /home/anonymous/Desktop/Projects/hotels.ng/vendor/codeigniter4/framework/system/CodeIgniter.php(802): App\Controllers\Hotels->viewHotel()
#6 /home/anonymous/Desktop/Projects/hotels.ng/vendor/codeigniter4/framework/system/CodeIgniter.php(399): CodeIgniter\CodeIgniter->runController()
#7 /home/anonymous/Desktop/Projects/hotels.ng/vendor/codeigniter4/framework/system/CodeIgniter.php(317): CodeIgniter\CodeIgniter->handleRequest()
#8 /home/anonymous/Desktop/Projects/hotels.ng/public/index.php(37): CodeIgniter\CodeIgniter->run()
#9 /home/anonymous/Desktop/Projects/hotels.ng/vendor/codeigniter4/framework/system/Commands/Server/rewrite.php(43): require_once('...')
#10 {main}
CRITICAL - 2021-09-29 17:17:02 --> Undefined array key "url_max"
#0 /home/anonymous/Desktop/Projects/hotels.ng/app/Views/hotels/single.php(6): CodeIgniter\Debug\Exceptions->errorHandler()
#1 /home/anonymous/Desktop/Projects/hotels.ng/vendor/codeigniter4/framework/system/View/View.php(214): include('...')
#2 /home/anonymous/Desktop/Projects/hotels.ng/vendor/codeigniter4/framework/system/View/View.php(217): CodeIgniter\View\View->CodeIgniter\View\{closure}()
#3 /home/anonymous/Desktop/Projects/hotels.ng/vendor/codeigniter4/framework/system/Common.php(1093): CodeIgniter\View\View->render()
#4 /home/anonymous/Desktop/Projects/hotels.ng/app/Controllers/Hotels.php(212): view()
#5 /home/anonymous/Desktop/Projects/hotels.ng/vendor/codeigniter4/framework/system/CodeIgniter.php(802): App\Controllers\Hotels->viewHotel()
#6 /home/anonymous/Desktop/Projects/hotels.ng/vendor/codeigniter4/framework/system/CodeIgniter.php(399): CodeIgniter\CodeIgniter->runController()
#7 /home/anonymous/Desktop/Projects/hotels.ng/vendor/codeigniter4/framework/system/CodeIgniter.php(317): CodeIgniter\CodeIgniter->handleRequest()
#8 /home/anonymous/Desktop/Projects/hotels.ng/public/index.php(37): CodeIgniter\CodeIgniter->run()
#9 /home/anonymous/Desktop/Projects/hotels.ng/vendor/codeigniter4/framework/system/Commands/Server/rewrite.php(43): require_once('...')
#10 {main}
CRITICAL - 2021-09-29 17:17:18 --> Undefined array key "url_max"
#0 /home/anonymous/Desktop/Projects/hotels.ng/app/Views/hotels/single.php(6): CodeIgniter\Debug\Exceptions->errorHandler()
#1 /home/anonymous/Desktop/Projects/hotels.ng/vendor/codeigniter4/framework/system/View/View.php(214): include('...')
#2 /home/anonymous/Desktop/Projects/hotels.ng/vendor/codeigniter4/framework/system/View/View.php(217): CodeIgniter\View\View->CodeIgniter\View\{closure}()
#3 /home/anonymous/Desktop/Projects/hotels.ng/vendor/codeigniter4/framework/system/Common.php(1093): CodeIgniter\View\View->render()
#4 /home/anonymous/Desktop/Projects/hotels.ng/app/Controllers/Hotels.php(212): view()
#5 /home/anonymous/Desktop/Projects/hotels.ng/vendor/codeigniter4/framework/system/CodeIgniter.php(802): App\Controllers\Hotels->viewHotel()
#6 /home/anonymous/Desktop/Projects/hotels.ng/vendor/codeigniter4/framework/system/CodeIgniter.php(399): CodeIgniter\CodeIgniter->runController()
#7 /home/anonymous/Desktop/Projects/hotels.ng/vendor/codeigniter4/framework/system/CodeIgniter.php(317): CodeIgniter\CodeIgniter->handleRequest()
#8 /home/anonymous/Desktop/Projects/hotels.ng/public/index.php(37): CodeIgniter\CodeIgniter->run()
#9 /home/anonymous/Desktop/Projects/hotels.ng/vendor/codeigniter4/framework/system/Commands/Server/rewrite.php(43): require_once('...')
#10 {main}
CRITICAL - 2021-09-29 17:17:23 --> Undefined array key "url_max"
#0 /home/anonymous/Desktop/Projects/hotels.ng/app/Views/hotels/single.php(6): CodeIgniter\Debug\Exceptions->errorHandler()
#1 /home/anonymous/Desktop/Projects/hotels.ng/vendor/codeigniter4/framework/system/View/View.php(214): include('...')
#2 /home/anonymous/Desktop/Projects/hotels.ng/vendor/codeigniter4/framework/system/View/View.php(217): CodeIgniter\View\View->CodeIgniter\View\{closure}()
#3 /home/anonymous/Desktop/Projects/hotels.ng/vendor/codeigniter4/framework/system/Common.php(1093): CodeIgniter\View\View->render()
#4 /home/anonymous/Desktop/Projects/hotels.ng/app/Controllers/Hotels.php(212): view()
#5 /home/anonymous/Desktop/Projects/hotels.ng/vendor/codeigniter4/framework/system/CodeIgniter.php(802): App\Controllers\Hotels->viewHotel()
#6 /home/anonymous/Desktop/Projects/hotels.ng/vendor/codeigniter4/framework/system/CodeIgniter.php(399): CodeIgniter\CodeIgniter->runController()
#7 /home/anonymous/Desktop/Projects/hotels.ng/vendor/codeigniter4/framework/system/CodeIgniter.php(317): CodeIgniter\CodeIgniter->handleRequest()
#8 /home/anonymous/Desktop/Projects/hotels.ng/public/index.php(37): CodeIgniter\CodeIgniter->run()
#9 /home/anonymous/Desktop/Projects/hotels.ng/vendor/codeigniter4/framework/system/Commands/Server/rewrite.php(43): require_once('...')
#10 {main}
CRITICAL - 2021-09-29 17:17:44 --> Undefined array key "url_max"
#0 /home/anonymous/Desktop/Projects/hotels.ng/app/Views/hotels/single.php(6): CodeIgniter\Debug\Exceptions->errorHandler()
#1 /home/anonymous/Desktop/Projects/hotels.ng/vendor/codeigniter4/framework/system/View/View.php(214): include('...')
#2 /home/anonymous/Desktop/Projects/hotels.ng/vendor/codeigniter4/framework/system/View/View.php(217): CodeIgniter\View\View->CodeIgniter\View\{closure}()
#3 /home/anonymous/Desktop/Projects/hotels.ng/vendor/codeigniter4/framework/system/Common.php(1093): CodeIgniter\View\View->render()
#4 /home/anonymous/Desktop/Projects/hotels.ng/app/Controllers/Hotels.php(212): view()
#5 /home/anonymous/Desktop/Projects/hotels.ng/vendor/codeigniter4/framework/system/CodeIgniter.php(802): App\Controllers\Hotels->viewHotel()
#6 /home/anonymous/Desktop/Projects/hotels.ng/vendor/codeigniter4/framework/system/CodeIgniter.php(399): CodeIgniter\CodeIgniter->runController()
#7 /home/anonymous/Desktop/Projects/hotels.ng/vendor/codeigniter4/framework/system/CodeIgniter.php(317): CodeIgniter\CodeIgniter->handleRequest()
#8 /home/anonymous/Desktop/Projects/hotels.ng/public/index.php(37): CodeIgniter\CodeIgniter->run()
#9 /home/anonymous/Desktop/Projects/hotels.ng/vendor/codeigniter4/framework/system/Commands/Server/rewrite.php(43): require_once('...')
#10 {main}
CRITICAL - 2021-09-29 17:20:24 --> Trying to access array offset on value of type null
#0 /home/anonymous/Desktop/Projects/hotels.ng/app/Views/hotels/single.php(150): CodeIgniter\Debug\Exceptions->errorHandler()
#1 /home/anonymous/Desktop/Projects/hotels.ng/vendor/codeigniter4/framework/system/View/View.php(214): include('...')
#2 /home/anonymous/Desktop/Projects/hotels.ng/vendor/codeigniter4/framework/system/View/View.php(217): CodeIgniter\View\View->CodeIgniter\View\{closure}()
#3 /home/anonymous/Desktop/Projects/hotels.ng/vendor/codeigniter4/framework/system/Common.php(1093): CodeIgniter\View\View->render()
#4 /home/anonymous/Desktop/Projects/hotels.ng/app/Controllers/Hotels.php(212): view()
#5 /home/anonymous/Desktop/Projects/hotels.ng/vendor/codeigniter4/framework/system/CodeIgniter.php(802): App\Controllers\Hotels->viewHotel()
#6 /home/anonymous/Desktop/Projects/hotels.ng/vendor/codeigniter4/framework/system/CodeIgniter.php(399): CodeIgniter\CodeIgniter->runController()
#7 /home/anonymous/Desktop/Projects/hotels.ng/vendor/codeigniter4/framework/system/CodeIgniter.php(317): CodeIgniter\CodeIgniter->handleRequest()
#8 /home/anonymous/Desktop/Projects/hotels.ng/public/index.php(37): CodeIgniter\CodeIgniter->run()
#9 /home/anonymous/Desktop/Projects/hotels.ng/vendor/codeigniter4/framework/system/Commands/Server/rewrite.php(43): require_once('...')
#10 {main}
CRITICAL - 2021-09-29 17:24:57 --> Undefined array key "url_max"
#0 /home/anonymous/Desktop/Projects/hotels.ng/app/Views/hotels/single.php(6): CodeIgniter\Debug\Exceptions->errorHandler()
#1 /home/anonymous/Desktop/Projects/hotels.ng/vendor/codeigniter4/framework/system/View/View.php(214): include('...')
#2 /home/anonymous/Desktop/Projects/hotels.ng/vendor/codeigniter4/framework/system/View/View.php(217): CodeIgniter\View\View->CodeIgniter\View\{closure}()
#3 /home/anonymous/Desktop/Projects/hotels.ng/vendor/codeigniter4/framework/system/Common.php(1093): CodeIgniter\View\View->render()
#4 /home/anonymous/Desktop/Projects/hotels.ng/app/Controllers/Hotels.php(212): view()
#5 /home/anonymous/Desktop/Projects/hotels.ng/vendor/codeigniter4/framework/system/CodeIgniter.php(802): App\Controllers\Hotels->viewHotel()
#6 /home/anonymous/Desktop/Projects/hotels.ng/vendor/codeigniter4/framework/system/CodeIgniter.php(399): CodeIgniter\CodeIgniter->runController()
#7 /home/anonymous/Desktop/Projects/hotels.ng/vendor/codeigniter4/framework/system/CodeIgniter.php(317): CodeIgniter\CodeIgniter->handleRequest()
#8 /home/anonymous/Desktop/Projects/hotels.ng/public/index.php(37): CodeIgniter\CodeIgniter->run()
#9 /home/anonymous/Desktop/Projects/hotels.ng/vendor/codeigniter4/framework/system/Commands/Server/rewrite.php(43): require_once('...')
#10 {main}
CRITICAL - 2021-09-29 17:25:17 --> Undefined array key "url_max"
#0 /home/anonymous/Desktop/Projects/hotels.ng/app/Views/hotels/single.php(6): CodeIgniter\Debug\Exceptions->errorHandler()
#1 /home/anonymous/Desktop/Projects/hotels.ng/vendor/codeigniter4/framework/system/View/View.php(214): include('...')
#2 /home/anonymous/Desktop/Projects/hotels.ng/vendor/codeigniter4/framework/system/View/View.php(217): CodeIgniter\View\View->CodeIgniter\View\{closure}()
#3 /home/anonymous/Desktop/Projects/hotels.ng/vendor/codeigniter4/framework/system/Common.php(1093): CodeIgniter\View\View->render()
#4 /home/anonymous/Desktop/Projects/hotels.ng/app/Controllers/Hotels.php(212): view()
#5 /home/anonymous/Desktop/Projects/hotels.ng/vendor/codeigniter4/framework/system/CodeIgniter.php(802): App\Controllers\Hotels->viewHotel()
#6 /home/anonymous/Desktop/Projects/hotels.ng/vendor/codeigniter4/framework/system/CodeIgniter.php(399): CodeIgniter\CodeIgniter->runController()
#7 /home/anonymous/Desktop/Projects/hotels.ng/vendor/codeigniter4/framework/system/CodeIgniter.php(317): CodeIgniter\CodeIgniter->handleRequest()
#8 /home/anonymous/Desktop/Projects/hotels.ng/public/index.php(37): CodeIgniter\CodeIgniter->run()
#9 /home/anonymous/Desktop/Projects/hotels.ng/vendor/codeigniter4/framework/system/Commands/Server/rewrite.php(43): require_once('...')
#10 {main}
CRITICAL - 2021-09-29 17:25:23 --> Undefined array key "url_max"
#0 /home/anonymous/Desktop/Projects/hotels.ng/app/Views/hotels/single.php(6): CodeIgniter\Debug\Exceptions->errorHandler()
#1 /home/anonymous/Desktop/Projects/hotels.ng/vendor/codeigniter4/framework/system/View/View.php(214): include('...')
#2 /home/anonymous/Desktop/Projects/hotels.ng/vendor/codeigniter4/framework/system/View/View.php(217): CodeIgniter\View\View->CodeIgniter\View\{closure}()
#3 /home/anonymous/Desktop/Projects/hotels.ng/vendor/codeigniter4/framework/system/Common.php(1093): CodeIgniter\View\View->render()
#4 /home/anonymous/Desktop/Projects/hotels.ng/app/Controllers/Hotels.php(212): view()
#5 /home/anonymous/Desktop/Projects/hotels.ng/vendor/codeigniter4/framework/system/CodeIgniter.php(802): App\Controllers\Hotels->viewHotel()
#6 /home/anonymous/Desktop/Projects/hotels.ng/vendor/codeigniter4/framework/system/CodeIgniter.php(399): CodeIgniter\CodeIgniter->runController()
#7 /home/anonymous/Desktop/Projects/hotels.ng/vendor/codeigniter4/framework/system/CodeIgniter.php(317): CodeIgniter\CodeIgniter->handleRequest()
#8 /home/anonymous/Desktop/Projects/hotels.ng/public/index.php(37): CodeIgniter\CodeIgniter->run()
#9 /home/anonymous/Desktop/Projects/hotels.ng/vendor/codeigniter4/framework/system/Commands/Server/rewrite.php(43): require_once('...')
#10 {main}
CRITICAL - 2021-09-29 17:25:28 --> Undefined array key "url_max"
#0 /home/anonymous/Desktop/Projects/hotels.ng/app/Views/hotels/single.php(6): CodeIgniter\Debug\Exceptions->errorHandler()
#1 /home/anonymous/Desktop/Projects/hotels.ng/vendor/codeigniter4/framework/system/View/View.php(214): include('...')
#2 /home/anonymous/Desktop/Projects/hotels.ng/vendor/codeigniter4/framework/system/View/View.php(217): CodeIgniter\View\View->CodeIgniter\View\{closure}()
#3 /home/anonymous/Desktop/Projects/hotels.ng/vendor/codeigniter4/framework/system/Common.php(1093): CodeIgniter\View\View->render()
#4 /home/anonymous/Desktop/Projects/hotels.ng/app/Controllers/Hotels.php(212): view()
#5 /home/anonymous/Desktop/Projects/hotels.ng/vendor/codeigniter4/framework/system/CodeIgniter.php(802): App\Controllers\Hotels->viewHotel()
#6 /home/anonymous/Desktop/Projects/hotels.ng/vendor/codeigniter4/framework/system/CodeIgniter.php(399): CodeIgniter\CodeIgniter->runController()
#7 /home/anonymous/Desktop/Projects/hotels.ng/vendor/codeigniter4/framework/system/CodeIgniter.php(317): CodeIgniter\CodeIgniter->handleRequest()
#8 /home/anonymous/Desktop/Projects/hotels.ng/public/index.php(37): CodeIgniter\CodeIgniter->run()
#9 /home/anonymous/Desktop/Projects/hotels.ng/vendor/codeigniter4/framework/system/Commands/Server/rewrite.php(43): require_once('...')
#10 {main}
CRITICAL - 2021-09-29 17:25:33 --> Undefined array key "url_max"
#0 /home/anonymous/Desktop/Projects/hotels.ng/app/Views/hotels/single.php(6): CodeIgniter\Debug\Exceptions->errorHandler()
#1 /home/anonymous/Desktop/Projects/hotels.ng/vendor/codeigniter4/framework/system/View/View.php(214): include('...')
#2 /home/anonymous/Desktop/Projects/hotels.ng/vendor/codeigniter4/framework/system/View/View.php(217): CodeIgniter\View\View->CodeIgniter\View\{closure}()
#3 /home/anonymous/Desktop/Projects/hotels.ng/vendor/codeigniter4/framework/system/Common.php(1093): CodeIgniter\View\View->render()
#4 /home/anonymous/Desktop/Projects/hotels.ng/app/Controllers/Hotels.php(212): view()
#5 /home/anonymous/Desktop/Projects/hotels.ng/vendor/codeigniter4/framework/system/CodeIgniter.php(802): App\Controllers\Hotels->viewHotel()
#6 /home/anonymous/Desktop/Projects/hotels.ng/vendor/codeigniter4/framework/system/CodeIgniter.php(399): CodeIgniter\CodeIgniter->runController()
#7 /home/anonymous/Desktop/Projects/hotels.ng/vendor/codeigniter4/framework/system/CodeIgniter.php(317): CodeIgniter\CodeIgniter->handleRequest()
#8 /home/anonymous/Desktop/Projects/hotels.ng/public/index.php(37): CodeIgniter\CodeIgniter->run()
#9 /home/anonymous/Desktop/Projects/hotels.ng/vendor/codeigniter4/framework/system/Commands/Server/rewrite.php(43): require_once('...')
#10 {main}
CRITICAL - 2021-09-29 17:25:39 --> Undefined array key "url_max"
#0 /home/anonymous/Desktop/Projects/hotels.ng/app/Views/hotels/single.php(6): CodeIgniter\Debug\Exceptions->errorHandler()
#1 /home/anonymous/Desktop/Projects/hotels.ng/vendor/codeigniter4/framework/system/View/View.php(214): include('...')
#2 /home/anonymous/Desktop/Projects/hotels.ng/vendor/codeigniter4/framework/system/View/View.php(217): CodeIgniter\View\View->CodeIgniter\View\{closure}()
#3 /home/anonymous/Desktop/Projects/hotels.ng/vendor/codeigniter4/framework/system/Common.php(1093): CodeIgniter\View\View->render()
#4 /home/anonymous/Desktop/Projects/hotels.ng/app/Controllers/Hotels.php(212): view()
#5 /home/anonymous/Desktop/Projects/hotels.ng/vendor/codeigniter4/framework/system/CodeIgniter.php(802): App\Controllers\Hotels->viewHotel()
#6 /home/anonymous/Desktop/Projects/hotels.ng/vendor/codeigniter4/framework/system/CodeIgniter.php(399): CodeIgniter\CodeIgniter->runController()
#7 /home/anonymous/Desktop/Projects/hotels.ng/vendor/codeigniter4/framework/system/CodeIgniter.php(317): CodeIgniter\CodeIgniter->handleRequest()
#8 /home/anonymous/Desktop/Projects/hotels.ng/public/index.php(37): CodeIgniter\CodeIgniter->run()
#9 /home/anonymous/Desktop/Projects/hotels.ng/vendor/codeigniter4/framework/system/Commands/Server/rewrite.php(43): require_once('...')
#10 {main}
CRITICAL - 2021-09-29 17:25:44 --> Undefined array key "url_max"
#0 /home/anonymous/Desktop/Projects/hotels.ng/app/Views/hotels/single.php(6): CodeIgniter\Debug\Exceptions->errorHandler()
#1 /home/anonymous/Desktop/Projects/hotels.ng/vendor/codeigniter4/framework/system/View/View.php(214): include('...')
#2 /home/anonymous/Desktop/Projects/hotels.ng/vendor/codeigniter4/framework/system/View/View.php(217): CodeIgniter\View\View->CodeIgniter\View\{closure}()
#3 /home/anonymous/Desktop/Projects/hotels.ng/vendor/codeigniter4/framework/system/Common.php(1093): CodeIgniter\View\View->render()
#4 /home/anonymous/Desktop/Projects/hotels.ng/app/Controllers/Hotels.php(212): view()
#5 /home/anonymous/Desktop/Projects/hotels.ng/vendor/codeigniter4/framework/system/CodeIgniter.php(802): App\Controllers\Hotels->viewHotel()
#6 /home/anonymous/Desktop/Projects/hotels.ng/vendor/codeigniter4/framework/system/CodeIgniter.php(399): CodeIgniter\CodeIgniter->runController()
#7 /home/anonymous/Desktop/Projects/hotels.ng/vendor/codeigniter4/framework/system/CodeIgniter.php(317): CodeIgniter\CodeIgniter->handleRequest()
#8 /home/anonymous/Desktop/Projects/hotels.ng/public/index.php(37): CodeIgniter\CodeIgniter->run()
#9 /home/anonymous/Desktop/Projects/hotels.ng/vendor/codeigniter4/framework/system/Commands/Server/rewrite.php(43): require_once('...')
#10 {main}
CRITICAL - 2021-09-29 17:25:49 --> Undefined array key "url_max"
#0 /home/anonymous/Desktop/Projects/hotels.ng/app/Views/hotels/single.php(6): CodeIgniter\Debug\Exceptions->errorHandler()
#1 /home/anonymous/Desktop/Projects/hotels.ng/vendor/codeigniter4/framework/system/View/View.php(214): include('...')
#2 /home/anonymous/Desktop/Projects/hotels.ng/vendor/codeigniter4/framework/system/View/View.php(217): CodeIgniter\View\View->CodeIgniter\View\{closure}()
#3 /home/anonymous/Desktop/Projects/hotels.ng/vendor/codeigniter4/framework/system/Common.php(1093): CodeIgniter\View\View->render()
#4 /home/anonymous/Desktop/Projects/hotels.ng/app/Controllers/Hotels.php(212): view()
#5 /home/anonymous/Desktop/Projects/hotels.ng/vendor/codeigniter4/framework/system/CodeIgniter.php(802): App\Controllers\Hotels->viewHotel()
#6 /home/anonymous/Desktop/Projects/hotels.ng/vendor/codeigniter4/framework/system/CodeIgniter.php(399): CodeIgniter\CodeIgniter->runController()
#7 /home/anonymous/Desktop/Projects/hotels.ng/vendor/codeigniter4/framework/system/CodeIgniter.php(317): CodeIgniter\CodeIgniter->handleRequest()
#8 /home/anonymous/Desktop/Projects/hotels.ng/public/index.php(37): CodeIgniter\CodeIgniter->run()
#9 /home/anonymous/Desktop/Projects/hotels.ng/vendor/codeigniter4/framework/system/Commands/Server/rewrite.php(43): require_once('...')
#10 {main}
