CRITICAL - 2021-09-26 01:53:52 --> Undefined variable $lang
#0 /home/anonymous/Desktop/Projects/hotels.ng/app/Views/welcome_message.php(5): CodeIgniter\Debug\Exceptions->errorHandler()
#1 /home/anonymous/Desktop/Projects/hotels.ng/vendor/codeigniter4/framework/system/View/View.php(214): include('...')
#2 /home/anonymous/Desktop/Projects/hotels.ng/vendor/codeigniter4/framework/system/View/View.php(217): CodeIgniter\View\View->CodeIgniter\View\{closure}()
#3 /home/anonymous/Desktop/Projects/hotels.ng/vendor/codeigniter4/framework/system/Common.php(1092): CodeIgniter\View\View->render()
#4 /home/anonymous/Desktop/Projects/hotels.ng/app/Controllers/Home.php(9): view()
#5 /home/anonymous/Desktop/Projects/hotels.ng/vendor/codeigniter4/framework/system/CodeIgniter.php(802): App\Controllers\Home->index()
#6 /home/anonymous/Desktop/Projects/hotels.ng/vendor/codeigniter4/framework/system/CodeIgniter.php(399): CodeIgniter\CodeIgniter->runController()
#7 /home/anonymous/Desktop/Projects/hotels.ng/vendor/codeigniter4/framework/system/CodeIgniter.php(317): CodeIgniter\CodeIgniter->handleRequest()
#8 /home/anonymous/Desktop/Projects/hotels.ng/public/index.php(37): CodeIgniter\CodeIgniter->run()
#9 /home/anonymous/Desktop/Projects/hotels.ng/vendor/codeigniter4/framework/system/Commands/Server/rewrite.php(43): require_once('...')
#10 {main}
ERROR - 2021-09-26 02:10:24 --> Error connecting to the database: Access denied for user ''@'localhost' (using password: NO)
CRITICAL - 2021-09-26 02:10:24 --> Unable to connect to the database.
Main connection [MySQLi]: Access denied for user ''@'localhost' (using password: NO)
#0 /home/anonymous/Desktop/Projects/hotels.ng/vendor/codeigniter4/framework/system/Database/BaseConnection.php(570): CodeIgniter\Database\BaseConnection->initialize()
#1 /home/anonymous/Desktop/Projects/hotels.ng/vendor/codeigniter4/framework/system/Database/BaseBuilder.php(1428): CodeIgniter\Database\BaseConnection->query()
#2 /home/anonymous/Desktop/Projects/hotels.ng/vendor/codeigniter4/framework/system/Model.php(142): CodeIgniter\Database\BaseBuilder->get()
#3 /home/anonymous/Desktop/Projects/hotels.ng/vendor/codeigniter4/framework/system/BaseModel.php(523): CodeIgniter\Model->doFind()
#4 /home/anonymous/Desktop/Projects/hotels.ng/app/Controllers/BaseController.php(62): CodeIgniter\BaseModel->find()
#5 /home/anonymous/Desktop/Projects/hotels.ng/vendor/codeigniter4/framework/system/CodeIgniter.php(780): App\Controllers\BaseController->initController()
#6 /home/anonymous/Desktop/Projects/hotels.ng/vendor/codeigniter4/framework/system/CodeIgniter.php(390): CodeIgniter\CodeIgniter->createController()
#7 /home/anonymous/Desktop/Projects/hotels.ng/vendor/codeigniter4/framework/system/CodeIgniter.php(317): CodeIgniter\CodeIgniter->handleRequest()
#8 /home/anonymous/Desktop/Projects/hotels.ng/public/index.php(37): CodeIgniter\CodeIgniter->run()
#9 /home/anonymous/Desktop/Projects/hotels.ng/vendor/codeigniter4/framework/system/Commands/Server/rewrite.php(43): require_once('...')
#10 {main}
ERROR - 2021-09-26 02:12:02 --> Error connecting to the database: Unknown database 'hotels'
CRITICAL - 2021-09-26 02:12:02 --> Unable to connect to the database.
Main connection [MySQLi]: Unknown database 'hotels'
#0 /home/anonymous/Desktop/Projects/hotels.ng/vendor/codeigniter4/framework/system/Database/BaseConnection.php(570): CodeIgniter\Database\BaseConnection->initialize()
#1 /home/anonymous/Desktop/Projects/hotels.ng/vendor/codeigniter4/framework/system/Database/BaseBuilder.php(1428): CodeIgniter\Database\BaseConnection->query()
#2 /home/anonymous/Desktop/Projects/hotels.ng/vendor/codeigniter4/framework/system/Model.php(142): CodeIgniter\Database\BaseBuilder->get()
#3 /home/anonymous/Desktop/Projects/hotels.ng/vendor/codeigniter4/framework/system/BaseModel.php(523): CodeIgniter\Model->doFind()
#4 /home/anonymous/Desktop/Projects/hotels.ng/app/Controllers/BaseController.php(62): CodeIgniter\BaseModel->find()
#5 /home/anonymous/Desktop/Projects/hotels.ng/vendor/codeigniter4/framework/system/CodeIgniter.php(780): App\Controllers\BaseController->initController()
#6 /home/anonymous/Desktop/Projects/hotels.ng/vendor/codeigniter4/framework/system/CodeIgniter.php(390): CodeIgniter\CodeIgniter->createController()
#7 /home/anonymous/Desktop/Projects/hotels.ng/vendor/codeigniter4/framework/system/CodeIgniter.php(317): CodeIgniter\CodeIgniter->handleRequest()
#8 /home/anonymous/Desktop/Projects/hotels.ng/public/index.php(37): CodeIgniter\CodeIgniter->run()
#9 /home/anonymous/Desktop/Projects/hotels.ng/vendor/codeigniter4/framework/system/Commands/Server/rewrite.php(43): require_once('...')
#10 {main}
ERROR - 2021-09-26 02:12:57 --> Table 'hotels.settings' doesn't exist
CRITICAL - 2021-09-26 02:12:57 --> Table 'hotels.settings' doesn't exist
#0 /home/anonymous/Desktop/Projects/hotels.ng/vendor/codeigniter4/framework/system/Database/MySQLi/Connection.php(280): mysqli->query()
#1 /home/anonymous/Desktop/Projects/hotels.ng/vendor/codeigniter4/framework/system/Database/BaseConnection.php(663): CodeIgniter\Database\MySQLi\Connection->execute()
#2 /home/anonymous/Desktop/Projects/hotels.ng/vendor/codeigniter4/framework/system/Database/BaseConnection.php(591): CodeIgniter\Database\BaseConnection->simpleQuery()
#3 /home/anonymous/Desktop/Projects/hotels.ng/vendor/codeigniter4/framework/system/Database/BaseBuilder.php(1428): CodeIgniter\Database\BaseConnection->query()
#4 /home/anonymous/Desktop/Projects/hotels.ng/vendor/codeigniter4/framework/system/Model.php(142): CodeIgniter\Database\BaseBuilder->get()
#5 /home/anonymous/Desktop/Projects/hotels.ng/vendor/codeigniter4/framework/system/BaseModel.php(523): CodeIgniter\Model->doFind()
#6 /home/anonymous/Desktop/Projects/hotels.ng/app/Controllers/BaseController.php(62): CodeIgniter\BaseModel->find()
#7 /home/anonymous/Desktop/Projects/hotels.ng/vendor/codeigniter4/framework/system/CodeIgniter.php(780): App\Controllers\BaseController->initController()
#8 /home/anonymous/Desktop/Projects/hotels.ng/vendor/codeigniter4/framework/system/CodeIgniter.php(390): CodeIgniter\CodeIgniter->createController()
#9 /home/anonymous/Desktop/Projects/hotels.ng/vendor/codeigniter4/framework/system/CodeIgniter.php(317): CodeIgniter\CodeIgniter->handleRequest()
#10 /home/anonymous/Desktop/Projects/hotels.ng/public/index.php(37): CodeIgniter\CodeIgniter->run()
#11 /home/anonymous/Desktop/Projects/hotels.ng/vendor/codeigniter4/framework/system/Commands/Server/rewrite.php(43): require_once('...')
#12 {main}
CRITICAL - 2021-09-26 02:18:30 --> Trying to access array offset on value of type null
#0 /home/anonymous/Desktop/Projects/hotels.ng/app/Language/en/Text.php(4): CodeIgniter\Debug\Exceptions->errorHandler()
#1 /home/anonymous/Desktop/Projects/hotels.ng/vendor/codeigniter4/framework/system/Language/Language.php(250): require('...')
#2 /home/anonymous/Desktop/Projects/hotels.ng/vendor/codeigniter4/framework/system/Language/Language.php(223): CodeIgniter\Language\Language->requireFile()
#3 /home/anonymous/Desktop/Projects/hotels.ng/vendor/codeigniter4/framework/system/Language/Language.php(164): CodeIgniter\Language\Language->load()
#4 /home/anonymous/Desktop/Projects/hotels.ng/vendor/codeigniter4/framework/system/Language/Language.php(99): CodeIgniter\Language\Language->parseLine()
#5 /home/anonymous/Desktop/Projects/hotels.ng/vendor/codeigniter4/framework/system/Common.php(729): CodeIgniter\Language\Language->getLine()
#6 /home/anonymous/Desktop/Projects/hotels.ng/app/Views/welcome_message.php(5): lang()
#7 /home/anonymous/Desktop/Projects/hotels.ng/vendor/codeigniter4/framework/system/View/View.php(214): include('...')
#8 /home/anonymous/Desktop/Projects/hotels.ng/vendor/codeigniter4/framework/system/View/View.php(217): CodeIgniter\View\View->CodeIgniter\View\{closure}()
#9 /home/anonymous/Desktop/Projects/hotels.ng/vendor/codeigniter4/framework/system/Common.php(1092): CodeIgniter\View\View->render()
#10 /home/anonymous/Desktop/Projects/hotels.ng/app/Controllers/Home.php(9): view()
#11 /home/anonymous/Desktop/Projects/hotels.ng/vendor/codeigniter4/framework/system/CodeIgniter.php(802): App\Controllers\Home->index()
#12 /home/anonymous/Desktop/Projects/hotels.ng/vendor/codeigniter4/framework/system/CodeIgniter.php(399): CodeIgniter\CodeIgniter->runController()
#13 /home/anonymous/Desktop/Projects/hotels.ng/vendor/codeigniter4/framework/system/CodeIgniter.php(317): CodeIgniter\CodeIgniter->handleRequest()
#14 /home/anonymous/Desktop/Projects/hotels.ng/public/index.php(37): CodeIgniter\CodeIgniter->run()
#15 /home/anonymous/Desktop/Projects/hotels.ng/vendor/codeigniter4/framework/system/Commands/Server/rewrite.php(43): require_once('...')
#16 {main}
CRITICAL - 2021-09-26 02:20:08 --> Trying to access array offset on value of type null
#0 /home/anonymous/Desktop/Projects/hotels.ng/app/Language/en/Text.php(4): CodeIgniter\Debug\Exceptions->errorHandler()
#1 /home/anonymous/Desktop/Projects/hotels.ng/vendor/codeigniter4/framework/system/Language/Language.php(250): require('...')
#2 /home/anonymous/Desktop/Projects/hotels.ng/vendor/codeigniter4/framework/system/Language/Language.php(223): CodeIgniter\Language\Language->requireFile()
#3 /home/anonymous/Desktop/Projects/hotels.ng/vendor/codeigniter4/framework/system/Language/Language.php(164): CodeIgniter\Language\Language->load()
#4 /home/anonymous/Desktop/Projects/hotels.ng/vendor/codeigniter4/framework/system/Language/Language.php(99): CodeIgniter\Language\Language->parseLine()
#5 /home/anonymous/Desktop/Projects/hotels.ng/vendor/codeigniter4/framework/system/Common.php(729): CodeIgniter\Language\Language->getLine()
#6 /home/anonymous/Desktop/Projects/hotels.ng/app/Views/welcome_message.php(5): lang()
#7 /home/anonymous/Desktop/Projects/hotels.ng/vendor/codeigniter4/framework/system/View/View.php(214): include('...')
#8 /home/anonymous/Desktop/Projects/hotels.ng/vendor/codeigniter4/framework/system/View/View.php(217): CodeIgniter\View\View->CodeIgniter\View\{closure}()
#9 /home/anonymous/Desktop/Projects/hotels.ng/vendor/codeigniter4/framework/system/Common.php(1092): CodeIgniter\View\View->render()
#10 /home/anonymous/Desktop/Projects/hotels.ng/app/Controllers/Home.php(9): view()
#11 /home/anonymous/Desktop/Projects/hotels.ng/vendor/codeigniter4/framework/system/CodeIgniter.php(802): App\Controllers\Home->index()
#12 /home/anonymous/Desktop/Projects/hotels.ng/vendor/codeigniter4/framework/system/CodeIgniter.php(399): CodeIgniter\CodeIgniter->runController()
#13 /home/anonymous/Desktop/Projects/hotels.ng/vendor/codeigniter4/framework/system/CodeIgniter.php(317): CodeIgniter\CodeIgniter->handleRequest()
#14 /home/anonymous/Desktop/Projects/hotels.ng/public/index.php(37): CodeIgniter\CodeIgniter->run()
#15 /home/anonymous/Desktop/Projects/hotels.ng/vendor/codeigniter4/framework/system/Commands/Server/rewrite.php(43): require_once('...')
#16 {main}
CRITICAL - 2021-09-26 02:20:23 --> Trying to access array offset on value of type null
#0 /home/anonymous/Desktop/Projects/hotels.ng/app/Language/en/Text.php(4): CodeIgniter\Debug\Exceptions->errorHandler()
#1 /home/anonymous/Desktop/Projects/hotels.ng/vendor/codeigniter4/framework/system/Language/Language.php(250): require('...')
#2 /home/anonymous/Desktop/Projects/hotels.ng/vendor/codeigniter4/framework/system/Language/Language.php(223): CodeIgniter\Language\Language->requireFile()
#3 /home/anonymous/Desktop/Projects/hotels.ng/vendor/codeigniter4/framework/system/Language/Language.php(164): CodeIgniter\Language\Language->load()
#4 /home/anonymous/Desktop/Projects/hotels.ng/vendor/codeigniter4/framework/system/Language/Language.php(99): CodeIgniter\Language\Language->parseLine()
#5 /home/anonymous/Desktop/Projects/hotels.ng/vendor/codeigniter4/framework/system/Common.php(729): CodeIgniter\Language\Language->getLine()
#6 /home/anonymous/Desktop/Projects/hotels.ng/app/Views/welcome_message.php(5): lang()
#7 /home/anonymous/Desktop/Projects/hotels.ng/vendor/codeigniter4/framework/system/View/View.php(214): include('...')
#8 /home/anonymous/Desktop/Projects/hotels.ng/vendor/codeigniter4/framework/system/View/View.php(217): CodeIgniter\View\View->CodeIgniter\View\{closure}()
#9 /home/anonymous/Desktop/Projects/hotels.ng/vendor/codeigniter4/framework/system/Common.php(1092): CodeIgniter\View\View->render()
#10 /home/anonymous/Desktop/Projects/hotels.ng/app/Controllers/Home.php(9): view()
#11 /home/anonymous/Desktop/Projects/hotels.ng/vendor/codeigniter4/framework/system/CodeIgniter.php(802): App\Controllers\Home->index()
#12 /home/anonymous/Desktop/Projects/hotels.ng/vendor/codeigniter4/framework/system/CodeIgniter.php(399): CodeIgniter\CodeIgniter->runController()
#13 /home/anonymous/Desktop/Projects/hotels.ng/vendor/codeigniter4/framework/system/CodeIgniter.php(317): CodeIgniter\CodeIgniter->handleRequest()
#14 /home/anonymous/Desktop/Projects/hotels.ng/public/index.php(37): CodeIgniter\CodeIgniter->run()
#15 /home/anonymous/Desktop/Projects/hotels.ng/vendor/codeigniter4/framework/system/Commands/Server/rewrite.php(43): require_once('...')
#16 {main}
CRITICAL - 2021-09-26 02:20:27 --> Trying to access array offset on value of type null
#0 /home/anonymous/Desktop/Projects/hotels.ng/app/Language/en/Text.php(4): CodeIgniter\Debug\Exceptions->errorHandler()
#1 /home/anonymous/Desktop/Projects/hotels.ng/vendor/codeigniter4/framework/system/Language/Language.php(250): require('...')
#2 /home/anonymous/Desktop/Projects/hotels.ng/vendor/codeigniter4/framework/system/Language/Language.php(223): CodeIgniter\Language\Language->requireFile()
#3 /home/anonymous/Desktop/Projects/hotels.ng/vendor/codeigniter4/framework/system/Language/Language.php(164): CodeIgniter\Language\Language->load()
#4 /home/anonymous/Desktop/Projects/hotels.ng/vendor/codeigniter4/framework/system/Language/Language.php(99): CodeIgniter\Language\Language->parseLine()
#5 /home/anonymous/Desktop/Projects/hotels.ng/vendor/codeigniter4/framework/system/Common.php(729): CodeIgniter\Language\Language->getLine()
#6 /home/anonymous/Desktop/Projects/hotels.ng/app/Views/welcome_message.php(5): lang()
#7 /home/anonymous/Desktop/Projects/hotels.ng/vendor/codeigniter4/framework/system/View/View.php(214): include('...')
#8 /home/anonymous/Desktop/Projects/hotels.ng/vendor/codeigniter4/framework/system/View/View.php(217): CodeIgniter\View\View->CodeIgniter\View\{closure}()
#9 /home/anonymous/Desktop/Projects/hotels.ng/vendor/codeigniter4/framework/system/Common.php(1092): CodeIgniter\View\View->render()
#10 /home/anonymous/Desktop/Projects/hotels.ng/app/Controllers/Home.php(9): view()
#11 /home/anonymous/Desktop/Projects/hotels.ng/vendor/codeigniter4/framework/system/CodeIgniter.php(802): App\Controllers\Home->index()
#12 /home/anonymous/Desktop/Projects/hotels.ng/vendor/codeigniter4/framework/system/CodeIgniter.php(399): CodeIgniter\CodeIgniter->runController()
#13 /home/anonymous/Desktop/Projects/hotels.ng/vendor/codeigniter4/framework/system/CodeIgniter.php(317): CodeIgniter\CodeIgniter->handleRequest()
#14 /home/anonymous/Desktop/Projects/hotels.ng/public/index.php(37): CodeIgniter\CodeIgniter->run()
#15 /home/anonymous/Desktop/Projects/hotels.ng/vendor/codeigniter4/framework/system/Commands/Server/rewrite.php(43): require_once('...')
#16 {main}
CRITICAL - 2021-09-26 02:26:53 --> Attempt to read property "site_title" on array
#0 /home/anonymous/Desktop/Projects/hotels.ng/app/Language/en/Text.php(4): CodeIgniter\Debug\Exceptions->errorHandler()
#1 /home/anonymous/Desktop/Projects/hotels.ng/vendor/codeigniter4/framework/system/Language/Language.php(250): require('...')
#2 /home/anonymous/Desktop/Projects/hotels.ng/vendor/codeigniter4/framework/system/Language/Language.php(223): CodeIgniter\Language\Language->requireFile()
#3 /home/anonymous/Desktop/Projects/hotels.ng/vendor/codeigniter4/framework/system/Language/Language.php(164): CodeIgniter\Language\Language->load()
#4 /home/anonymous/Desktop/Projects/hotels.ng/vendor/codeigniter4/framework/system/Language/Language.php(99): CodeIgniter\Language\Language->parseLine()
#5 /home/anonymous/Desktop/Projects/hotels.ng/vendor/codeigniter4/framework/system/Common.php(729): CodeIgniter\Language\Language->getLine()
#6 /home/anonymous/Desktop/Projects/hotels.ng/app/Views/welcome_message.php(5): lang()
#7 /home/anonymous/Desktop/Projects/hotels.ng/vendor/codeigniter4/framework/system/View/View.php(214): include('...')
#8 /home/anonymous/Desktop/Projects/hotels.ng/vendor/codeigniter4/framework/system/View/View.php(217): CodeIgniter\View\View->CodeIgniter\View\{closure}()
#9 /home/anonymous/Desktop/Projects/hotels.ng/vendor/codeigniter4/framework/system/Common.php(1092): CodeIgniter\View\View->render()
#10 /home/anonymous/Desktop/Projects/hotels.ng/app/Controllers/Home.php(9): view()
#11 /home/anonymous/Desktop/Projects/hotels.ng/vendor/codeigniter4/framework/system/CodeIgniter.php(802): App\Controllers\Home->index()
#12 /home/anonymous/Desktop/Projects/hotels.ng/vendor/codeigniter4/framework/system/CodeIgniter.php(399): CodeIgniter\CodeIgniter->runController()
#13 /home/anonymous/Desktop/Projects/hotels.ng/vendor/codeigniter4/framework/system/CodeIgniter.php(317): CodeIgniter\CodeIgniter->handleRequest()
#14 /home/anonymous/Desktop/Projects/hotels.ng/public/index.php(37): CodeIgniter\CodeIgniter->run()
#15 /home/anonymous/Desktop/Projects/hotels.ng/vendor/codeigniter4/framework/system/Commands/Server/rewrite.php(43): require_once('...')
#16 {main}
CRITICAL - 2021-09-26 02:47:58 --> Undefined array key "url"
#0 /home/anonymous/Desktop/Projects/hotels.ng/app/Views/welcome_message.php(56): CodeIgniter\Debug\Exceptions->errorHandler()
#1 /home/anonymous/Desktop/Projects/hotels.ng/vendor/codeigniter4/framework/system/View/View.php(214): include('...')
#2 /home/anonymous/Desktop/Projects/hotels.ng/vendor/codeigniter4/framework/system/View/View.php(217): CodeIgniter\View\View->CodeIgniter\View\{closure}()
#3 /home/anonymous/Desktop/Projects/hotels.ng/vendor/codeigniter4/framework/system/Common.php(1092): CodeIgniter\View\View->render()
#4 /home/anonymous/Desktop/Projects/hotels.ng/app/Controllers/Home.php(9): view()
#5 /home/anonymous/Desktop/Projects/hotels.ng/vendor/codeigniter4/framework/system/CodeIgniter.php(802): App\Controllers\Home->index()
#6 /home/anonymous/Desktop/Projects/hotels.ng/vendor/codeigniter4/framework/system/CodeIgniter.php(399): CodeIgniter\CodeIgniter->runController()
#7 /home/anonymous/Desktop/Projects/hotels.ng/vendor/codeigniter4/framework/system/CodeIgniter.php(317): CodeIgniter\CodeIgniter->handleRequest()
#8 /home/anonymous/Desktop/Projects/hotels.ng/public/index.php(37): CodeIgniter\CodeIgniter->run()
#9 /home/anonymous/Desktop/Projects/hotels.ng/vendor/codeigniter4/framework/system/Commands/Server/rewrite.php(43): require_once('...')
#10 {main}
CRITICAL - 2021-09-26 03:37:54 --> Undefined array key "google_client_id"
#0 /home/anonymous/Desktop/Projects/hotels.ng/app/Views/parts/header.php(244): CodeIgniter\Debug\Exceptions->errorHandler()
#1 /home/anonymous/Desktop/Projects/hotels.ng/vendor/codeigniter4/framework/system/View/View.php(214): include('...')
#2 /home/anonymous/Desktop/Projects/hotels.ng/vendor/codeigniter4/framework/system/View/View.php(217): CodeIgniter\View\View->CodeIgniter\View\{closure}()
#3 /home/anonymous/Desktop/Projects/hotels.ng/vendor/codeigniter4/framework/system/Common.php(1092): CodeIgniter\View\View->render()
#4 /home/anonymous/Desktop/Projects/hotels.ng/app/Controllers/Home.php(9): view()
#5 /home/anonymous/Desktop/Projects/hotels.ng/vendor/codeigniter4/framework/system/CodeIgniter.php(802): App\Controllers\Home->index()
#6 /home/anonymous/Desktop/Projects/hotels.ng/vendor/codeigniter4/framework/system/CodeIgniter.php(399): CodeIgniter\CodeIgniter->runController()
#7 /home/anonymous/Desktop/Projects/hotels.ng/vendor/codeigniter4/framework/system/CodeIgniter.php(317): CodeIgniter\CodeIgniter->handleRequest()
#8 /home/anonymous/Desktop/Projects/hotels.ng/public/index.php(37): CodeIgniter\CodeIgniter->run()
#9 /home/anonymous/Desktop/Projects/hotels.ng/vendor/codeigniter4/framework/system/Commands/Server/rewrite.php(43): require_once('...')
#10 {main}
CRITICAL - 2021-09-26 18:46:06 --> Undefined property: App\Controllers\Hotels::$booking
#0 /home/anonymous/Desktop/Projects/hotels.ng/app/Controllers/Hotels.php(33): CodeIgniter\Debug\Exceptions->errorHandler()
#1 /home/anonymous/Desktop/Projects/hotels.ng/vendor/codeigniter4/framework/system/CodeIgniter.php(802): App\Controllers\Hotels->bookHotel()
#2 /home/anonymous/Desktop/Projects/hotels.ng/vendor/codeigniter4/framework/system/CodeIgniter.php(399): CodeIgniter\CodeIgniter->runController()
#3 /home/anonymous/Desktop/Projects/hotels.ng/vendor/codeigniter4/framework/system/CodeIgniter.php(317): CodeIgniter\CodeIgniter->handleRequest()
#4 /home/anonymous/Desktop/Projects/hotels.ng/public/index.php(37): CodeIgniter\CodeIgniter->run()
#5 /home/anonymous/Desktop/Projects/hotels.ng/vendor/codeigniter4/framework/system/Commands/Server/rewrite.php(43): require_once('...')
#6 {main}
CRITICAL - 2021-09-26 19:09:25 --> Undefined array key "primary_count"
#0 /home/anonymous/Desktop/Projects/hotels.ng/app/Controllers/Hotels.php(21): CodeIgniter\Debug\Exceptions->errorHandler()
#1 /home/anonymous/Desktop/Projects/hotels.ng/vendor/codeigniter4/framework/system/CodeIgniter.php(802): App\Controllers\Hotels->getHotels()
#2 /home/anonymous/Desktop/Projects/hotels.ng/vendor/codeigniter4/framework/system/CodeIgniter.php(399): CodeIgniter\CodeIgniter->runController()
#3 /home/anonymous/Desktop/Projects/hotels.ng/vendor/codeigniter4/framework/system/CodeIgniter.php(317): CodeIgniter\CodeIgniter->handleRequest()
#4 /home/anonymous/Desktop/Projects/hotels.ng/public/index.php(37): CodeIgniter\CodeIgniter->run()
#5 /home/anonymous/Desktop/Projects/hotels.ng/vendor/codeigniter4/framework/system/Commands/Server/rewrite.php(43): require_once('...')
#6 {main}
CRITICAL - 2021-09-26 19:39:42 --> Trying to access array offset on value of type null
#0 /home/anonymous/Desktop/Projects/hotels.ng/app/Controllers/Home.php(31): CodeIgniter\Debug\Exceptions->errorHandler()
#1 /home/anonymous/Desktop/Projects/hotels.ng/vendor/codeigniter4/framework/system/CodeIgniter.php(802): App\Controllers\Home->index()
#2 /home/anonymous/Desktop/Projects/hotels.ng/vendor/codeigniter4/framework/system/CodeIgniter.php(399): CodeIgniter\CodeIgniter->runController()
#3 /home/anonymous/Desktop/Projects/hotels.ng/vendor/codeigniter4/framework/system/CodeIgniter.php(317): CodeIgniter\CodeIgniter->handleRequest()
#4 /home/anonymous/Desktop/Projects/hotels.ng/public/index.php(37): CodeIgniter\CodeIgniter->run()
#5 /home/anonymous/Desktop/Projects/hotels.ng/vendor/codeigniter4/framework/system/Commands/Server/rewrite.php(43): require_once('...')
#6 {main}
CRITICAL - 2021-09-26 19:41:06 --> Undefined array key "primary_count"
#0 /home/anonymous/Desktop/Projects/hotels.ng/app/Controllers/Home.php(31): CodeIgniter\Debug\Exceptions->errorHandler()
#1 /home/anonymous/Desktop/Projects/hotels.ng/vendor/codeigniter4/framework/system/CodeIgniter.php(802): App\Controllers\Home->index()
#2 /home/anonymous/Desktop/Projects/hotels.ng/vendor/codeigniter4/framework/system/CodeIgniter.php(399): CodeIgniter\CodeIgniter->runController()
#3 /home/anonymous/Desktop/Projects/hotels.ng/vendor/codeigniter4/framework/system/CodeIgniter.php(317): CodeIgniter\CodeIgniter->handleRequest()
#4 /home/anonymous/Desktop/Projects/hotels.ng/public/index.php(37): CodeIgniter\CodeIgniter->run()
#5 /home/anonymous/Desktop/Projects/hotels.ng/vendor/codeigniter4/framework/system/Commands/Server/rewrite.php(43): require_once('...')
#6 {main}
CRITICAL - 2021-09-26 19:45:20 --> syntax error, unexpected token "echo", expecting "," or ";"
#0 /home/anonymous/Desktop/Projects/hotels.ng/vendor/codeigniter4/framework/system/Autoloader/Autoloader.php(241): CodeIgniter\Autoloader\Autoloader->includeFile()
#1 /home/anonymous/Desktop/Projects/hotels.ng/vendor/codeigniter4/framework/system/Autoloader/Autoloader.php(219): CodeIgniter\Autoloader\Autoloader->loadInNamespace()
#2 [internal function]: CodeIgniter\Autoloader\Autoloader->loadClass()
#3 /home/anonymous/Desktop/Projects/hotels.ng/vendor/codeigniter4/framework/system/CodeIgniter.php(767): class_exists()
#4 /home/anonymous/Desktop/Projects/hotels.ng/vendor/codeigniter4/framework/system/CodeIgniter.php(386): CodeIgniter\CodeIgniter->startController()
#5 /home/anonymous/Desktop/Projects/hotels.ng/vendor/codeigniter4/framework/system/CodeIgniter.php(317): CodeIgniter\CodeIgniter->handleRequest()
#6 /home/anonymous/Desktop/Projects/hotels.ng/public/index.php(37): CodeIgniter\CodeIgniter->run()
#7 /home/anonymous/Desktop/Projects/hotels.ng/vendor/codeigniter4/framework/system/Commands/Server/rewrite.php(43): require_once('...')
#8 {main}
CRITICAL - 2021-09-26 19:57:47 --> Undefined array key "primary_count"
#0 /home/anonymous/Desktop/Projects/hotels.ng/app/Controllers/Home.php(31): CodeIgniter\Debug\Exceptions->errorHandler()
#1 /home/anonymous/Desktop/Projects/hotels.ng/vendor/codeigniter4/framework/system/CodeIgniter.php(802): App\Controllers\Home->index()
#2 /home/anonymous/Desktop/Projects/hotels.ng/vendor/codeigniter4/framework/system/CodeIgniter.php(399): CodeIgniter\CodeIgniter->runController()
#3 /home/anonymous/Desktop/Projects/hotels.ng/vendor/codeigniter4/framework/system/CodeIgniter.php(317): CodeIgniter\CodeIgniter->handleRequest()
#4 /home/anonymous/Desktop/Projects/hotels.ng/public/index.php(37): CodeIgniter\CodeIgniter->run()
#5 /home/anonymous/Desktop/Projects/hotels.ng/vendor/codeigniter4/framework/system/Commands/Server/rewrite.php(43): require_once('...')
#6 {main}
