ERROR - 2021-11-22 01:01:04 --> Table 'hotels.settings' doesn't exist
CRITICAL - 2021-11-22 01:01:04 --> Table 'hotels.settings' doesn't exist
#0 C:\Users\towoj\Documents\hotels.ng\vendor\codeigniter4\framework\system\Database\MySQLi\Connection.php(280): mysqli->query('SELECT *\nFROM `...')
#1 C:\Users\towoj\Documents\hotels.ng\vendor\codeigniter4\framework\system\Database\BaseConnection.php(663): CodeIgniter\Database\MySQLi\Connection->execute('SELECT *\nFROM `...')
#2 C:\Users\towoj\Documents\hotels.ng\vendor\codeigniter4\framework\system\Database\BaseConnection.php(591): CodeIgniter\Database\BaseConnection->simpleQuery('SELECT *\nFROM `...')
#3 C:\Users\towoj\Documents\hotels.ng\vendor\codeigniter4\framework\system\Database\BaseBuilder.php(1428): CodeIgniter\Database\BaseConnection->query('SELECT *\nFROM `...', Array, false)
#4 C:\Users\towoj\Documents\hotels.ng\vendor\codeigniter4\framework\system\Model.php(142): CodeIgniter\Database\BaseBuilder->get()
#5 C:\Users\towoj\Documents\hotels.ng\vendor\codeigniter4\framework\system\BaseModel.php(523): CodeIgniter\Model->doFind(true, 1)
#6 C:\Users\towoj\Documents\hotels.ng\app\Controllers\BaseController.php(124): CodeIgniter\BaseModel->find(1)
#7 C:\Users\towoj\Documents\hotels.ng\vendor\codeigniter4\framework\system\CodeIgniter.php(780): App\Controllers\BaseController->initController(Object(CodeIgniter\HTTP\IncomingRequest), Object(CodeIgniter\HTTP\Response), Object(CodeIgniter\Log\Logger))
#8 C:\Users\towoj\Documents\hotels.ng\vendor\codeigniter4\framework\system\CodeIgniter.php(390): CodeIgniter\CodeIgniter->createController()
#9 C:\Users\towoj\Documents\hotels.ng\vendor\codeigniter4\framework\system\CodeIgniter.php(317): CodeIgniter\CodeIgniter->handleRequest(NULL, Object(Config\Cache), false)
#10 C:\Users\towoj\Documents\hotels.ng\public\index.php(37): CodeIgniter\CodeIgniter->run()
#11 C:\Users\towoj\Documents\hotels.ng\vendor\codeigniter4\framework\system\Commands\Server\rewrite.php(43): require_once('C:\\Users\\towoj\\...')
#12 {main}
ERROR - 2021-11-22 01:07:16 --> Table 'hotels.settings' doesn't exist
CRITICAL - 2021-11-22 01:07:16 --> Table 'hotels.settings' doesn't exist
#0 C:\Users\towoj\Documents\hotels.ng\vendor\codeigniter4\framework\system\Database\MySQLi\Connection.php(280): mysqli->query('SELECT *\nFROM `...')
#1 C:\Users\towoj\Documents\hotels.ng\vendor\codeigniter4\framework\system\Database\BaseConnection.php(663): CodeIgniter\Database\MySQLi\Connection->execute('SELECT *\nFROM `...')
#2 C:\Users\towoj\Documents\hotels.ng\vendor\codeigniter4\framework\system\Database\BaseConnection.php(591): CodeIgniter\Database\BaseConnection->simpleQuery('SELECT *\nFROM `...')
#3 C:\Users\towoj\Documents\hotels.ng\vendor\codeigniter4\framework\system\Database\BaseBuilder.php(1428): CodeIgniter\Database\BaseConnection->query('SELECT *\nFROM `...', Array, false)
#4 C:\Users\towoj\Documents\hotels.ng\vendor\codeigniter4\framework\system\Model.php(142): CodeIgniter\Database\BaseBuilder->get()
#5 C:\Users\towoj\Documents\hotels.ng\vendor\codeigniter4\framework\system\BaseModel.php(523): CodeIgniter\Model->doFind(true, 1)
#6 C:\Users\towoj\Documents\hotels.ng\app\Controllers\BaseController.php(124): CodeIgniter\BaseModel->find(1)
#7 C:\Users\towoj\Documents\hotels.ng\vendor\codeigniter4\framework\system\CodeIgniter.php(780): App\Controllers\BaseController->initController(Object(CodeIgniter\HTTP\IncomingRequest), Object(CodeIgniter\HTTP\Response), Object(CodeIgniter\Log\Logger))
#8 C:\Users\towoj\Documents\hotels.ng\vendor\codeigniter4\framework\system\CodeIgniter.php(390): CodeIgniter\CodeIgniter->createController()
#9 C:\Users\towoj\Documents\hotels.ng\vendor\codeigniter4\framework\system\CodeIgniter.php(317): CodeIgniter\CodeIgniter->handleRequest(NULL, Object(Config\Cache), false)
#10 C:\Users\towoj\Documents\hotels.ng\public\index.php(37): CodeIgniter\CodeIgniter->run()
#11 C:\Users\towoj\Documents\hotels.ng\vendor\codeigniter4\framework\system\Commands\Server\rewrite.php(43): require_once('C:\\Users\\towoj\\...')
#12 {main}
